[2026-03-23T10:20:34.048+0000] {processor.py:161} INFO - Started process (PID=422) to work on /opt/airflow/dags/api/video_stats.py
[2026-03-23T10:20:34.050+0000] {processor.py:830} INFO - Processing file /opt/airflow/dags/api/video_stats.py for tasks to queue
[2026-03-23T10:20:34.053+0000] {logging_mixin.py:188} INFO - [2026-03-23T10:20:34.053+0000] {dagbag.py:545} INFO - Filling up the DagBag from /opt/airflow/dags/api/video_stats.py
[2026-03-23T10:20:34.074+0000] {processor.py:842} WARNING - No viable dags retrieved from /opt/airflow/dags/api/video_stats.py
[2026-03-23T10:20:34.091+0000] {processor.py:183} INFO - Processing /opt/airflow/dags/api/video_stats.py took 0.051 seconds
[2026-03-23T10:21:04.456+0000] {processor.py:161} INFO - Started process (PID=431) to work on /opt/airflow/dags/api/video_stats.py
[2026-03-23T10:21:04.458+0000] {processor.py:830} INFO - Processing file /opt/airflow/dags/api/video_stats.py for tasks to queue
[2026-03-23T10:21:04.460+0000] {logging_mixin.py:188} INFO - [2026-03-23T10:21:04.460+0000] {dagbag.py:545} INFO - Filling up the DagBag from /opt/airflow/dags/api/video_stats.py
[2026-03-23T10:21:04.474+0000] {processor.py:842} WARNING - No viable dags retrieved from /opt/airflow/dags/api/video_stats.py
[2026-03-23T10:21:04.491+0000] {processor.py:183} INFO - Processing /opt/airflow/dags/api/video_stats.py took 0.042 seconds
[2026-03-23T10:21:17.705+0000] {processor.py:161} INFO - Started process (PID=438) to work on /opt/airflow/dags/api/video_stats.py
[2026-03-23T10:21:17.707+0000] {processor.py:830} INFO - Processing file /opt/airflow/dags/api/video_stats.py for tasks to queue
[2026-03-23T10:21:17.709+0000] {logging_mixin.py:188} INFO - [2026-03-23T10:21:17.709+0000] {dagbag.py:545} INFO - Filling up the DagBag from /opt/airflow/dags/api/video_stats.py
[2026-03-23T10:21:17.740+0000] {processor.py:842} WARNING - No viable dags retrieved from /opt/airflow/dags/api/video_stats.py
[2026-03-23T10:21:17.757+0000] {processor.py:183} INFO - Processing /opt/airflow/dags/api/video_stats.py took 0.059 seconds
[2026-03-23T10:21:48.129+0000] {processor.py:161} INFO - Started process (PID=446) to work on /opt/airflow/dags/api/video_stats.py
[2026-03-23T10:21:48.131+0000] {processor.py:830} INFO - Processing file /opt/airflow/dags/api/video_stats.py for tasks to queue
[2026-03-23T10:21:48.136+0000] {logging_mixin.py:188} INFO - [2026-03-23T10:21:48.135+0000] {dagbag.py:545} INFO - Filling up the DagBag from /opt/airflow/dags/api/video_stats.py
[2026-03-23T10:21:48.160+0000] {processor.py:842} WARNING - No viable dags retrieved from /opt/airflow/dags/api/video_stats.py
[2026-03-23T10:21:48.182+0000] {processor.py:183} INFO - Processing /opt/airflow/dags/api/video_stats.py took 0.063 seconds
[2026-03-23T10:22:18.624+0000] {processor.py:161} INFO - Started process (PID=454) to work on /opt/airflow/dags/api/video_stats.py
[2026-03-23T10:22:18.626+0000] {processor.py:830} INFO - Processing file /opt/airflow/dags/api/video_stats.py for tasks to queue
[2026-03-23T10:22:18.628+0000] {logging_mixin.py:188} INFO - [2026-03-23T10:22:18.628+0000] {dagbag.py:545} INFO - Filling up the DagBag from /opt/airflow/dags/api/video_stats.py
[2026-03-23T10:22:18.647+0000] {processor.py:842} WARNING - No viable dags retrieved from /opt/airflow/dags/api/video_stats.py
[2026-03-23T10:22:18.666+0000] {processor.py:183} INFO - Processing /opt/airflow/dags/api/video_stats.py took 0.051 seconds
[2026-03-23T10:22:49.152+0000] {processor.py:161} INFO - Started process (PID=463) to work on /opt/airflow/dags/api/video_stats.py
[2026-03-23T10:22:49.153+0000] {processor.py:830} INFO - Processing file /opt/airflow/dags/api/video_stats.py for tasks to queue
[2026-03-23T10:22:49.155+0000] {logging_mixin.py:188} INFO - [2026-03-23T10:22:49.154+0000] {dagbag.py:545} INFO - Filling up the DagBag from /opt/airflow/dags/api/video_stats.py
[2026-03-23T10:22:49.173+0000] {processor.py:842} WARNING - No viable dags retrieved from /opt/airflow/dags/api/video_stats.py
[2026-03-23T10:22:49.188+0000] {processor.py:183} INFO - Processing /opt/airflow/dags/api/video_stats.py took 0.043 seconds
[2026-03-23T10:23:19.604+0000] {processor.py:161} INFO - Started process (PID=471) to work on /opt/airflow/dags/api/video_stats.py
[2026-03-23T10:23:19.605+0000] {processor.py:830} INFO - Processing file /opt/airflow/dags/api/video_stats.py for tasks to queue
[2026-03-23T10:23:19.607+0000] {logging_mixin.py:188} INFO - [2026-03-23T10:23:19.606+0000] {dagbag.py:545} INFO - Filling up the DagBag from /opt/airflow/dags/api/video_stats.py
[2026-03-23T10:23:19.624+0000] {processor.py:842} WARNING - No viable dags retrieved from /opt/airflow/dags/api/video_stats.py
[2026-03-23T10:23:19.644+0000] {processor.py:183} INFO - Processing /opt/airflow/dags/api/video_stats.py took 0.048 seconds
[2026-03-23T10:23:50.070+0000] {processor.py:161} INFO - Started process (PID=479) to work on /opt/airflow/dags/api/video_stats.py
[2026-03-23T10:23:50.072+0000] {processor.py:830} INFO - Processing file /opt/airflow/dags/api/video_stats.py for tasks to queue
[2026-03-23T10:23:50.073+0000] {logging_mixin.py:188} INFO - [2026-03-23T10:23:50.072+0000] {dagbag.py:545} INFO - Filling up the DagBag from /opt/airflow/dags/api/video_stats.py
[2026-03-23T10:23:50.088+0000] {processor.py:842} WARNING - No viable dags retrieved from /opt/airflow/dags/api/video_stats.py
[2026-03-23T10:23:50.104+0000] {processor.py:183} INFO - Processing /opt/airflow/dags/api/video_stats.py took 0.040 seconds
[2026-03-23T10:24:20.524+0000] {processor.py:161} INFO - Started process (PID=487) to work on /opt/airflow/dags/api/video_stats.py
[2026-03-23T10:24:20.527+0000] {processor.py:830} INFO - Processing file /opt/airflow/dags/api/video_stats.py for tasks to queue
[2026-03-23T10:24:20.528+0000] {logging_mixin.py:188} INFO - [2026-03-23T10:24:20.528+0000] {dagbag.py:545} INFO - Filling up the DagBag from /opt/airflow/dags/api/video_stats.py
[2026-03-23T10:24:20.551+0000] {processor.py:842} WARNING - No viable dags retrieved from /opt/airflow/dags/api/video_stats.py
[2026-03-23T10:24:20.571+0000] {processor.py:183} INFO - Processing /opt/airflow/dags/api/video_stats.py took 0.058 seconds
[2026-03-23T10:24:50.953+0000] {processor.py:161} INFO - Started process (PID=495) to work on /opt/airflow/dags/api/video_stats.py
[2026-03-23T10:24:50.954+0000] {processor.py:830} INFO - Processing file /opt/airflow/dags/api/video_stats.py for tasks to queue
[2026-03-23T10:24:50.955+0000] {logging_mixin.py:188} INFO - [2026-03-23T10:24:50.955+0000] {dagbag.py:545} INFO - Filling up the DagBag from /opt/airflow/dags/api/video_stats.py
[2026-03-23T10:24:50.971+0000] {processor.py:842} WARNING - No viable dags retrieved from /opt/airflow/dags/api/video_stats.py
[2026-03-23T10:24:50.985+0000] {processor.py:183} INFO - Processing /opt/airflow/dags/api/video_stats.py took 0.039 seconds
[2026-03-23T10:25:01.149+0000] {processor.py:161} INFO - Started process (PID=497) to work on /opt/airflow/dags/api/video_stats.py
[2026-03-23T10:25:01.152+0000] {processor.py:830} INFO - Processing file /opt/airflow/dags/api/video_stats.py for tasks to queue
[2026-03-23T10:25:01.155+0000] {logging_mixin.py:188} INFO - [2026-03-23T10:25:01.154+0000] {dagbag.py:545} INFO - Filling up the DagBag from /opt/airflow/dags/api/video_stats.py
[2026-03-23T10:25:01.221+0000] {processor.py:842} WARNING - No viable dags retrieved from /opt/airflow/dags/api/video_stats.py
[2026-03-23T10:25:01.245+0000] {processor.py:183} INFO - Processing /opt/airflow/dags/api/video_stats.py took 0.110 seconds
[2026-03-23T10:25:31.588+0000] {processor.py:161} INFO - Started process (PID=505) to work on /opt/airflow/dags/api/video_stats.py
[2026-03-23T10:25:31.590+0000] {processor.py:830} INFO - Processing file /opt/airflow/dags/api/video_stats.py for tasks to queue
[2026-03-23T10:25:31.591+0000] {logging_mixin.py:188} INFO - [2026-03-23T10:25:31.591+0000] {dagbag.py:545} INFO - Filling up the DagBag from /opt/airflow/dags/api/video_stats.py
[2026-03-23T10:25:31.611+0000] {processor.py:842} WARNING - No viable dags retrieved from /opt/airflow/dags/api/video_stats.py
[2026-03-23T10:25:31.630+0000] {processor.py:183} INFO - Processing /opt/airflow/dags/api/video_stats.py took 0.051 seconds
[2026-03-23T10:26:02.076+0000] {processor.py:161} INFO - Started process (PID=513) to work on /opt/airflow/dags/api/video_stats.py
[2026-03-23T10:26:02.077+0000] {processor.py:830} INFO - Processing file /opt/airflow/dags/api/video_stats.py for tasks to queue
[2026-03-23T10:26:02.079+0000] {logging_mixin.py:188} INFO - [2026-03-23T10:26:02.078+0000] {dagbag.py:545} INFO - Filling up the DagBag from /opt/airflow/dags/api/video_stats.py
[2026-03-23T10:26:02.097+0000] {processor.py:842} WARNING - No viable dags retrieved from /opt/airflow/dags/api/video_stats.py
[2026-03-23T10:26:02.120+0000] {processor.py:183} INFO - Processing /opt/airflow/dags/api/video_stats.py took 0.053 seconds
[2026-03-23T10:26:32.590+0000] {processor.py:161} INFO - Started process (PID=521) to work on /opt/airflow/dags/api/video_stats.py
[2026-03-23T10:26:32.599+0000] {processor.py:830} INFO - Processing file /opt/airflow/dags/api/video_stats.py for tasks to queue
[2026-03-23T10:26:32.602+0000] {logging_mixin.py:188} INFO - [2026-03-23T10:26:32.602+0000] {dagbag.py:545} INFO - Filling up the DagBag from /opt/airflow/dags/api/video_stats.py
[2026-03-23T10:26:32.649+0000] {processor.py:842} WARNING - No viable dags retrieved from /opt/airflow/dags/api/video_stats.py
[2026-03-23T10:26:32.685+0000] {processor.py:183} INFO - Processing /opt/airflow/dags/api/video_stats.py took 0.114 seconds
[2026-03-23T10:27:03.208+0000] {processor.py:161} INFO - Started process (PID=529) to work on /opt/airflow/dags/api/video_stats.py
[2026-03-23T10:27:03.209+0000] {processor.py:830} INFO - Processing file /opt/airflow/dags/api/video_stats.py for tasks to queue
[2026-03-23T10:27:03.211+0000] {logging_mixin.py:188} INFO - [2026-03-23T10:27:03.211+0000] {dagbag.py:545} INFO - Filling up the DagBag from /opt/airflow/dags/api/video_stats.py
[2026-03-23T10:27:03.235+0000] {processor.py:842} WARNING - No viable dags retrieved from /opt/airflow/dags/api/video_stats.py
[2026-03-23T10:27:03.251+0000] {processor.py:183} INFO - Processing /opt/airflow/dags/api/video_stats.py took 0.056 seconds
[2026-03-23T10:27:33.662+0000] {processor.py:161} INFO - Started process (PID=537) to work on /opt/airflow/dags/api/video_stats.py
[2026-03-23T10:27:33.665+0000] {processor.py:830} INFO - Processing file /opt/airflow/dags/api/video_stats.py for tasks to queue
[2026-03-23T10:27:33.669+0000] {logging_mixin.py:188} INFO - [2026-03-23T10:27:33.667+0000] {dagbag.py:545} INFO - Filling up the DagBag from /opt/airflow/dags/api/video_stats.py
[2026-03-23T10:27:33.695+0000] {processor.py:842} WARNING - No viable dags retrieved from /opt/airflow/dags/api/video_stats.py
[2026-03-23T10:27:33.727+0000] {processor.py:183} INFO - Processing /opt/airflow/dags/api/video_stats.py took 0.078 seconds
[2026-03-23T10:28:04.319+0000] {processor.py:161} INFO - Started process (PID=546) to work on /opt/airflow/dags/api/video_stats.py
[2026-03-23T10:28:04.322+0000] {processor.py:830} INFO - Processing file /opt/airflow/dags/api/video_stats.py for tasks to queue
[2026-03-23T10:28:04.325+0000] {logging_mixin.py:188} INFO - [2026-03-23T10:28:04.324+0000] {dagbag.py:545} INFO - Filling up the DagBag from /opt/airflow/dags/api/video_stats.py
[2026-03-23T10:28:04.357+0000] {processor.py:842} WARNING - No viable dags retrieved from /opt/airflow/dags/api/video_stats.py
[2026-03-23T10:28:04.381+0000] {processor.py:183} INFO - Processing /opt/airflow/dags/api/video_stats.py took 0.077 seconds
[2026-03-23T10:28:34.837+0000] {processor.py:161} INFO - Started process (PID=554) to work on /opt/airflow/dags/api/video_stats.py
[2026-03-23T10:28:34.839+0000] {processor.py:830} INFO - Processing file /opt/airflow/dags/api/video_stats.py for tasks to queue
[2026-03-23T10:28:34.840+0000] {logging_mixin.py:188} INFO - [2026-03-23T10:28:34.840+0000] {dagbag.py:545} INFO - Filling up the DagBag from /opt/airflow/dags/api/video_stats.py
[2026-03-23T10:28:34.859+0000] {processor.py:842} WARNING - No viable dags retrieved from /opt/airflow/dags/api/video_stats.py
[2026-03-23T10:28:34.878+0000] {processor.py:183} INFO - Processing /opt/airflow/dags/api/video_stats.py took 0.050 seconds
[2026-03-23T10:29:05.305+0000] {processor.py:161} INFO - Started process (PID=562) to work on /opt/airflow/dags/api/video_stats.py
[2026-03-23T10:29:05.307+0000] {processor.py:830} INFO - Processing file /opt/airflow/dags/api/video_stats.py for tasks to queue
[2026-03-23T10:29:05.308+0000] {logging_mixin.py:188} INFO - [2026-03-23T10:29:05.308+0000] {dagbag.py:545} INFO - Filling up the DagBag from /opt/airflow/dags/api/video_stats.py
[2026-03-23T10:29:05.323+0000] {processor.py:842} WARNING - No viable dags retrieved from /opt/airflow/dags/api/video_stats.py
[2026-03-23T10:29:05.338+0000] {processor.py:183} INFO - Processing /opt/airflow/dags/api/video_stats.py took 0.041 seconds
[2026-03-23T10:29:35.732+0000] {processor.py:161} INFO - Started process (PID=570) to work on /opt/airflow/dags/api/video_stats.py
[2026-03-23T10:29:35.734+0000] {processor.py:830} INFO - Processing file /opt/airflow/dags/api/video_stats.py for tasks to queue
[2026-03-23T10:29:35.735+0000] {logging_mixin.py:188} INFO - [2026-03-23T10:29:35.735+0000] {dagbag.py:545} INFO - Filling up the DagBag from /opt/airflow/dags/api/video_stats.py
[2026-03-23T10:29:35.754+0000] {processor.py:842} WARNING - No viable dags retrieved from /opt/airflow/dags/api/video_stats.py
[2026-03-23T10:29:35.772+0000] {processor.py:183} INFO - Processing /opt/airflow/dags/api/video_stats.py took 0.050 seconds
[2026-03-23T10:30:06.243+0000] {processor.py:161} INFO - Started process (PID=579) to work on /opt/airflow/dags/api/video_stats.py
[2026-03-23T10:30:06.246+0000] {processor.py:830} INFO - Processing file /opt/airflow/dags/api/video_stats.py for tasks to queue
[2026-03-23T10:30:06.250+0000] {logging_mixin.py:188} INFO - [2026-03-23T10:30:06.249+0000] {dagbag.py:545} INFO - Filling up the DagBag from /opt/airflow/dags/api/video_stats.py
[2026-03-23T10:30:06.297+0000] {processor.py:842} WARNING - No viable dags retrieved from /opt/airflow/dags/api/video_stats.py
[2026-03-23T10:30:06.331+0000] {processor.py:183} INFO - Processing /opt/airflow/dags/api/video_stats.py took 0.105 seconds
[2026-03-23T10:30:37.025+0000] {processor.py:161} INFO - Started process (PID=587) to work on /opt/airflow/dags/api/video_stats.py
[2026-03-23T10:30:37.026+0000] {processor.py:830} INFO - Processing file /opt/airflow/dags/api/video_stats.py for tasks to queue
[2026-03-23T10:30:37.027+0000] {logging_mixin.py:188} INFO - [2026-03-23T10:30:37.027+0000] {dagbag.py:545} INFO - Filling up the DagBag from /opt/airflow/dags/api/video_stats.py
[2026-03-23T10:30:37.045+0000] {processor.py:842} WARNING - No viable dags retrieved from /opt/airflow/dags/api/video_stats.py
[2026-03-23T10:30:37.061+0000] {processor.py:183} INFO - Processing /opt/airflow/dags/api/video_stats.py took 0.045 seconds
[2026-03-23T22:59:11.313+0000] {processor.py:161} INFO - Started process (PID=596) to work on /opt/airflow/dags/api/video_stats.py
[2026-03-23T22:59:11.316+0000] {processor.py:830} INFO - Processing file /opt/airflow/dags/api/video_stats.py for tasks to queue
[2026-03-23T22:59:11.326+0000] {logging_mixin.py:188} INFO - [2026-03-23T22:59:11.325+0000] {dagbag.py:545} INFO - Filling up the DagBag from /opt/airflow/dags/api/video_stats.py
[2026-03-23T22:59:11.760+0000] {processor.py:842} WARNING - No viable dags retrieved from /opt/airflow/dags/api/video_stats.py
[2026-03-23T22:59:11.830+0000] {processor.py:183} INFO - Processing /opt/airflow/dags/api/video_stats.py took 0.558 seconds
[2026-03-23T22:59:42.282+0000] {processor.py:161} INFO - Started process (PID=603) to work on /opt/airflow/dags/api/video_stats.py
[2026-03-23T22:59:42.284+0000] {processor.py:830} INFO - Processing file /opt/airflow/dags/api/video_stats.py for tasks to queue
[2026-03-23T22:59:42.286+0000] {logging_mixin.py:188} INFO - [2026-03-23T22:59:42.285+0000] {dagbag.py:545} INFO - Filling up the DagBag from /opt/airflow/dags/api/video_stats.py
[2026-03-23T22:59:42.311+0000] {processor.py:842} WARNING - No viable dags retrieved from /opt/airflow/dags/api/video_stats.py
[2026-03-23T22:59:42.334+0000] {processor.py:183} INFO - Processing /opt/airflow/dags/api/video_stats.py took 0.062 seconds
[2026-03-23T23:00:12.687+0000] {processor.py:161} INFO - Started process (PID=612) to work on /opt/airflow/dags/api/video_stats.py
[2026-03-23T23:00:12.689+0000] {processor.py:830} INFO - Processing file /opt/airflow/dags/api/video_stats.py for tasks to queue
[2026-03-23T23:00:12.691+0000] {logging_mixin.py:188} INFO - [2026-03-23T23:00:12.690+0000] {dagbag.py:545} INFO - Filling up the DagBag from /opt/airflow/dags/api/video_stats.py
[2026-03-23T23:00:12.727+0000] {processor.py:842} WARNING - No viable dags retrieved from /opt/airflow/dags/api/video_stats.py
[2026-03-23T23:00:12.757+0000] {processor.py:183} INFO - Processing /opt/airflow/dags/api/video_stats.py took 0.081 seconds
[2026-03-23T23:00:43.083+0000] {processor.py:161} INFO - Started process (PID=620) to work on /opt/airflow/dags/api/video_stats.py
[2026-03-23T23:00:43.085+0000] {processor.py:830} INFO - Processing file /opt/airflow/dags/api/video_stats.py for tasks to queue
[2026-03-23T23:00:43.086+0000] {logging_mixin.py:188} INFO - [2026-03-23T23:00:43.086+0000] {dagbag.py:545} INFO - Filling up the DagBag from /opt/airflow/dags/api/video_stats.py
[2026-03-23T23:00:43.105+0000] {processor.py:842} WARNING - No viable dags retrieved from /opt/airflow/dags/api/video_stats.py
[2026-03-23T23:00:43.121+0000] {processor.py:183} INFO - Processing /opt/airflow/dags/api/video_stats.py took 0.046 seconds
[2026-03-23T23:01:13.497+0000] {processor.py:161} INFO - Started process (PID=628) to work on /opt/airflow/dags/api/video_stats.py
[2026-03-23T23:01:13.498+0000] {processor.py:830} INFO - Processing file /opt/airflow/dags/api/video_stats.py for tasks to queue
[2026-03-23T23:01:13.499+0000] {logging_mixin.py:188} INFO - [2026-03-23T23:01:13.499+0000] {dagbag.py:545} INFO - Filling up the DagBag from /opt/airflow/dags/api/video_stats.py
[2026-03-23T23:01:13.516+0000] {processor.py:842} WARNING - No viable dags retrieved from /opt/airflow/dags/api/video_stats.py
[2026-03-23T23:01:13.530+0000] {processor.py:183} INFO - Processing /opt/airflow/dags/api/video_stats.py took 0.041 seconds
[2026-03-23T23:01:43.935+0000] {processor.py:161} INFO - Started process (PID=637) to work on /opt/airflow/dags/api/video_stats.py
[2026-03-23T23:01:43.937+0000] {processor.py:830} INFO - Processing file /opt/airflow/dags/api/video_stats.py for tasks to queue
[2026-03-23T23:01:43.939+0000] {logging_mixin.py:188} INFO - [2026-03-23T23:01:43.938+0000] {dagbag.py:545} INFO - Filling up the DagBag from /opt/airflow/dags/api/video_stats.py
[2026-03-23T23:01:43.955+0000] {processor.py:842} WARNING - No viable dags retrieved from /opt/airflow/dags/api/video_stats.py
[2026-03-23T23:01:43.972+0000] {processor.py:183} INFO - Processing /opt/airflow/dags/api/video_stats.py took 0.047 seconds
[2026-03-23T23:02:14.376+0000] {processor.py:161} INFO - Started process (PID=645) to work on /opt/airflow/dags/api/video_stats.py
[2026-03-23T23:02:14.378+0000] {processor.py:830} INFO - Processing file /opt/airflow/dags/api/video_stats.py for tasks to queue
[2026-03-23T23:02:14.380+0000] {logging_mixin.py:188} INFO - [2026-03-23T23:02:14.379+0000] {dagbag.py:545} INFO - Filling up the DagBag from /opt/airflow/dags/api/video_stats.py
[2026-03-23T23:02:14.398+0000] {processor.py:842} WARNING - No viable dags retrieved from /opt/airflow/dags/api/video_stats.py
[2026-03-23T23:02:14.417+0000] {processor.py:183} INFO - Processing /opt/airflow/dags/api/video_stats.py took 0.051 seconds
[2026-03-23T23:02:44.903+0000] {processor.py:161} INFO - Started process (PID=653) to work on /opt/airflow/dags/api/video_stats.py
[2026-03-23T23:02:44.905+0000] {processor.py:830} INFO - Processing file /opt/airflow/dags/api/video_stats.py for tasks to queue
[2026-03-23T23:02:44.906+0000] {logging_mixin.py:188} INFO - [2026-03-23T23:02:44.905+0000] {dagbag.py:545} INFO - Filling up the DagBag from /opt/airflow/dags/api/video_stats.py
[2026-03-23T23:02:44.923+0000] {processor.py:842} WARNING - No viable dags retrieved from /opt/airflow/dags/api/video_stats.py
[2026-03-23T23:02:44.936+0000] {processor.py:183} INFO - Processing /opt/airflow/dags/api/video_stats.py took 0.041 seconds
[2026-03-23T23:03:15.428+0000] {processor.py:161} INFO - Started process (PID=661) to work on /opt/airflow/dags/api/video_stats.py
[2026-03-23T23:03:15.429+0000] {processor.py:830} INFO - Processing file /opt/airflow/dags/api/video_stats.py for tasks to queue
[2026-03-23T23:03:15.431+0000] {logging_mixin.py:188} INFO - [2026-03-23T23:03:15.430+0000] {dagbag.py:545} INFO - Filling up the DagBag from /opt/airflow/dags/api/video_stats.py
[2026-03-23T23:03:15.447+0000] {processor.py:842} WARNING - No viable dags retrieved from /opt/airflow/dags/api/video_stats.py
[2026-03-23T23:03:15.463+0000] {processor.py:183} INFO - Processing /opt/airflow/dags/api/video_stats.py took 0.042 seconds
[2026-03-23T23:03:45.824+0000] {processor.py:161} INFO - Started process (PID=669) to work on /opt/airflow/dags/api/video_stats.py
[2026-03-23T23:03:45.826+0000] {processor.py:830} INFO - Processing file /opt/airflow/dags/api/video_stats.py for tasks to queue
[2026-03-23T23:03:45.827+0000] {logging_mixin.py:188} INFO - [2026-03-23T23:03:45.827+0000] {dagbag.py:545} INFO - Filling up the DagBag from /opt/airflow/dags/api/video_stats.py
[2026-03-23T23:03:45.848+0000] {processor.py:842} WARNING - No viable dags retrieved from /opt/airflow/dags/api/video_stats.py
[2026-03-23T23:03:45.866+0000] {processor.py:183} INFO - Processing /opt/airflow/dags/api/video_stats.py took 0.050 seconds
[2026-03-23T23:04:16.268+0000] {processor.py:161} INFO - Started process (PID=677) to work on /opt/airflow/dags/api/video_stats.py
[2026-03-23T23:04:16.270+0000] {processor.py:830} INFO - Processing file /opt/airflow/dags/api/video_stats.py for tasks to queue
[2026-03-23T23:04:16.272+0000] {logging_mixin.py:188} INFO - [2026-03-23T23:04:16.272+0000] {dagbag.py:545} INFO - Filling up the DagBag from /opt/airflow/dags/api/video_stats.py
[2026-03-23T23:04:16.301+0000] {processor.py:842} WARNING - No viable dags retrieved from /opt/airflow/dags/api/video_stats.py
[2026-03-23T23:04:16.331+0000] {processor.py:183} INFO - Processing /opt/airflow/dags/api/video_stats.py took 0.077 seconds
[2026-03-23T23:04:46.686+0000] {processor.py:161} INFO - Started process (PID=685) to work on /opt/airflow/dags/api/video_stats.py
[2026-03-23T23:04:46.688+0000] {processor.py:830} INFO - Processing file /opt/airflow/dags/api/video_stats.py for tasks to queue
[2026-03-23T23:04:46.690+0000] {logging_mixin.py:188} INFO - [2026-03-23T23:04:46.689+0000] {dagbag.py:545} INFO - Filling up the DagBag from /opt/airflow/dags/api/video_stats.py
[2026-03-23T23:04:46.723+0000] {processor.py:842} WARNING - No viable dags retrieved from /opt/airflow/dags/api/video_stats.py
[2026-03-23T23:04:46.749+0000] {processor.py:183} INFO - Processing /opt/airflow/dags/api/video_stats.py took 0.075 seconds
[2026-03-23T23:05:17.117+0000] {processor.py:161} INFO - Started process (PID=694) to work on /opt/airflow/dags/api/video_stats.py
[2026-03-23T23:05:17.118+0000] {processor.py:830} INFO - Processing file /opt/airflow/dags/api/video_stats.py for tasks to queue
[2026-03-23T23:05:17.119+0000] {logging_mixin.py:188} INFO - [2026-03-23T23:05:17.119+0000] {dagbag.py:545} INFO - Filling up the DagBag from /opt/airflow/dags/api/video_stats.py
[2026-03-23T23:05:17.143+0000] {processor.py:842} WARNING - No viable dags retrieved from /opt/airflow/dags/api/video_stats.py
[2026-03-23T23:05:17.158+0000] {processor.py:183} INFO - Processing /opt/airflow/dags/api/video_stats.py took 0.048 seconds
[2026-03-23T23:05:47.726+0000] {processor.py:161} INFO - Started process (PID=702) to work on /opt/airflow/dags/api/video_stats.py
[2026-03-23T23:05:47.727+0000] {processor.py:830} INFO - Processing file /opt/airflow/dags/api/video_stats.py for tasks to queue
[2026-03-23T23:05:47.729+0000] {logging_mixin.py:188} INFO - [2026-03-23T23:05:47.728+0000] {dagbag.py:545} INFO - Filling up the DagBag from /opt/airflow/dags/api/video_stats.py
[2026-03-23T23:05:47.745+0000] {processor.py:842} WARNING - No viable dags retrieved from /opt/airflow/dags/api/video_stats.py
[2026-03-23T23:05:47.762+0000] {processor.py:183} INFO - Processing /opt/airflow/dags/api/video_stats.py took 0.043 seconds
[2026-03-23T23:06:18.396+0000] {processor.py:161} INFO - Started process (PID=710) to work on /opt/airflow/dags/api/video_stats.py
[2026-03-23T23:06:18.397+0000] {processor.py:830} INFO - Processing file /opt/airflow/dags/api/video_stats.py for tasks to queue
[2026-03-23T23:06:18.399+0000] {logging_mixin.py:188} INFO - [2026-03-23T23:06:18.398+0000] {dagbag.py:545} INFO - Filling up the DagBag from /opt/airflow/dags/api/video_stats.py
[2026-03-23T23:06:18.414+0000] {processor.py:842} WARNING - No viable dags retrieved from /opt/airflow/dags/api/video_stats.py
[2026-03-23T23:06:18.426+0000] {processor.py:183} INFO - Processing /opt/airflow/dags/api/video_stats.py took 0.036 seconds
[2026-03-23T23:06:48.946+0000] {processor.py:161} INFO - Started process (PID=718) to work on /opt/airflow/dags/api/video_stats.py
[2026-03-23T23:06:48.947+0000] {processor.py:830} INFO - Processing file /opt/airflow/dags/api/video_stats.py for tasks to queue
[2026-03-23T23:06:48.949+0000] {logging_mixin.py:188} INFO - [2026-03-23T23:06:48.948+0000] {dagbag.py:545} INFO - Filling up the DagBag from /opt/airflow/dags/api/video_stats.py
[2026-03-23T23:06:48.966+0000] {processor.py:842} WARNING - No viable dags retrieved from /opt/airflow/dags/api/video_stats.py
[2026-03-23T23:06:48.980+0000] {processor.py:183} INFO - Processing /opt/airflow/dags/api/video_stats.py took 0.042 seconds
[2026-03-23T23:07:19.512+0000] {processor.py:161} INFO - Started process (PID=726) to work on /opt/airflow/dags/api/video_stats.py
[2026-03-23T23:07:19.514+0000] {processor.py:830} INFO - Processing file /opt/airflow/dags/api/video_stats.py for tasks to queue
[2026-03-23T23:07:19.515+0000] {logging_mixin.py:188} INFO - [2026-03-23T23:07:19.515+0000] {dagbag.py:545} INFO - Filling up the DagBag from /opt/airflow/dags/api/video_stats.py
[2026-03-23T23:07:19.534+0000] {processor.py:842} WARNING - No viable dags retrieved from /opt/airflow/dags/api/video_stats.py
[2026-03-23T23:07:19.549+0000] {processor.py:183} INFO - Processing /opt/airflow/dags/api/video_stats.py took 0.044 seconds
[2026-03-23T23:07:50.172+0000] {processor.py:161} INFO - Started process (PID=734) to work on /opt/airflow/dags/api/video_stats.py
[2026-03-23T23:07:50.173+0000] {processor.py:830} INFO - Processing file /opt/airflow/dags/api/video_stats.py for tasks to queue
[2026-03-23T23:07:50.175+0000] {logging_mixin.py:188} INFO - [2026-03-23T23:07:50.174+0000] {dagbag.py:545} INFO - Filling up the DagBag from /opt/airflow/dags/api/video_stats.py
[2026-03-23T23:07:50.194+0000] {processor.py:842} WARNING - No viable dags retrieved from /opt/airflow/dags/api/video_stats.py
[2026-03-23T23:07:50.210+0000] {processor.py:183} INFO - Processing /opt/airflow/dags/api/video_stats.py took 0.045 seconds
[2026-03-23T23:08:20.721+0000] {processor.py:161} INFO - Started process (PID=742) to work on /opt/airflow/dags/api/video_stats.py
[2026-03-23T23:08:20.723+0000] {processor.py:830} INFO - Processing file /opt/airflow/dags/api/video_stats.py for tasks to queue
[2026-03-23T23:08:20.725+0000] {logging_mixin.py:188} INFO - [2026-03-23T23:08:20.724+0000] {dagbag.py:545} INFO - Filling up the DagBag from /opt/airflow/dags/api/video_stats.py
[2026-03-23T23:08:20.745+0000] {processor.py:842} WARNING - No viable dags retrieved from /opt/airflow/dags/api/video_stats.py
[2026-03-23T23:08:20.758+0000] {processor.py:183} INFO - Processing /opt/airflow/dags/api/video_stats.py took 0.046 seconds
[2026-03-23T23:08:51.411+0000] {processor.py:161} INFO - Started process (PID=750) to work on /opt/airflow/dags/api/video_stats.py
[2026-03-23T23:08:51.413+0000] {processor.py:830} INFO - Processing file /opt/airflow/dags/api/video_stats.py for tasks to queue
[2026-03-23T23:08:51.415+0000] {logging_mixin.py:188} INFO - [2026-03-23T23:08:51.414+0000] {dagbag.py:545} INFO - Filling up the DagBag from /opt/airflow/dags/api/video_stats.py
[2026-03-23T23:08:51.436+0000] {processor.py:842} WARNING - No viable dags retrieved from /opt/airflow/dags/api/video_stats.py
[2026-03-23T23:08:51.452+0000] {processor.py:183} INFO - Processing /opt/airflow/dags/api/video_stats.py took 0.052 seconds
[2026-03-23T23:09:22.197+0000] {processor.py:161} INFO - Started process (PID=758) to work on /opt/airflow/dags/api/video_stats.py
[2026-03-23T23:09:22.199+0000] {processor.py:830} INFO - Processing file /opt/airflow/dags/api/video_stats.py for tasks to queue
[2026-03-23T23:09:22.200+0000] {logging_mixin.py:188} INFO - [2026-03-23T23:09:22.200+0000] {dagbag.py:545} INFO - Filling up the DagBag from /opt/airflow/dags/api/video_stats.py
[2026-03-23T23:09:22.218+0000] {processor.py:842} WARNING - No viable dags retrieved from /opt/airflow/dags/api/video_stats.py
[2026-03-23T23:09:22.231+0000] {processor.py:183} INFO - Processing /opt/airflow/dags/api/video_stats.py took 0.041 seconds
[2026-03-23T23:09:52.644+0000] {processor.py:161} INFO - Started process (PID=767) to work on /opt/airflow/dags/api/video_stats.py
[2026-03-23T23:09:52.646+0000] {processor.py:830} INFO - Processing file /opt/airflow/dags/api/video_stats.py for tasks to queue
[2026-03-23T23:09:52.647+0000] {logging_mixin.py:188} INFO - [2026-03-23T23:09:52.647+0000] {dagbag.py:545} INFO - Filling up the DagBag from /opt/airflow/dags/api/video_stats.py
[2026-03-23T23:09:52.665+0000] {processor.py:842} WARNING - No viable dags retrieved from /opt/airflow/dags/api/video_stats.py
[2026-03-23T23:09:52.683+0000] {processor.py:183} INFO - Processing /opt/airflow/dags/api/video_stats.py took 0.047 seconds
[2026-03-23T23:10:22.964+0000] {processor.py:161} INFO - Started process (PID=775) to work on /opt/airflow/dags/api/video_stats.py
[2026-03-23T23:10:22.965+0000] {processor.py:830} INFO - Processing file /opt/airflow/dags/api/video_stats.py for tasks to queue
[2026-03-23T23:10:22.967+0000] {logging_mixin.py:188} INFO - [2026-03-23T23:10:22.966+0000] {dagbag.py:545} INFO - Filling up the DagBag from /opt/airflow/dags/api/video_stats.py
[2026-03-23T23:10:22.988+0000] {processor.py:842} WARNING - No viable dags retrieved from /opt/airflow/dags/api/video_stats.py
[2026-03-23T23:10:23.011+0000] {processor.py:183} INFO - Processing /opt/airflow/dags/api/video_stats.py took 0.057 seconds
[2026-03-23T23:10:53.590+0000] {processor.py:161} INFO - Started process (PID=783) to work on /opt/airflow/dags/api/video_stats.py
[2026-03-23T23:10:53.591+0000] {processor.py:830} INFO - Processing file /opt/airflow/dags/api/video_stats.py for tasks to queue
[2026-03-23T23:10:53.592+0000] {logging_mixin.py:188} INFO - [2026-03-23T23:10:53.592+0000] {dagbag.py:545} INFO - Filling up the DagBag from /opt/airflow/dags/api/video_stats.py
[2026-03-23T23:10:53.609+0000] {processor.py:842} WARNING - No viable dags retrieved from /opt/airflow/dags/api/video_stats.py
[2026-03-23T23:10:53.624+0000] {processor.py:183} INFO - Processing /opt/airflow/dags/api/video_stats.py took 0.042 seconds
[2026-03-23T23:11:24.130+0000] {processor.py:161} INFO - Started process (PID=791) to work on /opt/airflow/dags/api/video_stats.py
[2026-03-23T23:11:24.133+0000] {processor.py:830} INFO - Processing file /opt/airflow/dags/api/video_stats.py for tasks to queue
[2026-03-23T23:11:24.136+0000] {logging_mixin.py:188} INFO - [2026-03-23T23:11:24.135+0000] {dagbag.py:545} INFO - Filling up the DagBag from /opt/airflow/dags/api/video_stats.py
[2026-03-23T23:11:24.183+0000] {processor.py:842} WARNING - No viable dags retrieved from /opt/airflow/dags/api/video_stats.py
[2026-03-23T23:11:24.222+0000] {processor.py:183} INFO - Processing /opt/airflow/dags/api/video_stats.py took 0.115 seconds
[2026-03-23T23:11:54.563+0000] {processor.py:161} INFO - Started process (PID=799) to work on /opt/airflow/dags/api/video_stats.py
[2026-03-23T23:11:54.565+0000] {processor.py:830} INFO - Processing file /opt/airflow/dags/api/video_stats.py for tasks to queue
[2026-03-23T23:11:54.567+0000] {logging_mixin.py:188} INFO - [2026-03-23T23:11:54.566+0000] {dagbag.py:545} INFO - Filling up the DagBag from /opt/airflow/dags/api/video_stats.py
[2026-03-23T23:11:54.590+0000] {processor.py:842} WARNING - No viable dags retrieved from /opt/airflow/dags/api/video_stats.py
[2026-03-23T23:11:54.611+0000] {processor.py:183} INFO - Processing /opt/airflow/dags/api/video_stats.py took 0.057 seconds
[2026-03-23T23:12:25.017+0000] {processor.py:161} INFO - Started process (PID=807) to work on /opt/airflow/dags/api/video_stats.py
[2026-03-23T23:12:25.020+0000] {processor.py:830} INFO - Processing file /opt/airflow/dags/api/video_stats.py for tasks to queue
[2026-03-23T23:12:25.023+0000] {logging_mixin.py:188} INFO - [2026-03-23T23:12:25.022+0000] {dagbag.py:545} INFO - Filling up the DagBag from /opt/airflow/dags/api/video_stats.py
[2026-03-23T23:12:25.055+0000] {processor.py:842} WARNING - No viable dags retrieved from /opt/airflow/dags/api/video_stats.py
[2026-03-23T23:12:25.088+0000] {processor.py:183} INFO - Processing /opt/airflow/dags/api/video_stats.py took 0.087 seconds
[2026-03-23T23:12:55.464+0000] {processor.py:161} INFO - Started process (PID=815) to work on /opt/airflow/dags/api/video_stats.py
[2026-03-23T23:12:55.466+0000] {processor.py:830} INFO - Processing file /opt/airflow/dags/api/video_stats.py for tasks to queue
[2026-03-23T23:12:55.469+0000] {logging_mixin.py:188} INFO - [2026-03-23T23:12:55.468+0000] {dagbag.py:545} INFO - Filling up the DagBag from /opt/airflow/dags/api/video_stats.py
[2026-03-23T23:12:55.498+0000] {processor.py:842} WARNING - No viable dags retrieved from /opt/airflow/dags/api/video_stats.py
[2026-03-23T23:12:55.528+0000] {processor.py:183} INFO - Processing /opt/airflow/dags/api/video_stats.py took 0.074 seconds
[2026-03-23T23:13:25.918+0000] {processor.py:161} INFO - Started process (PID=823) to work on /opt/airflow/dags/api/video_stats.py
[2026-03-23T23:13:25.920+0000] {processor.py:830} INFO - Processing file /opt/airflow/dags/api/video_stats.py for tasks to queue
[2026-03-23T23:13:25.923+0000] {logging_mixin.py:188} INFO - [2026-03-23T23:13:25.922+0000] {dagbag.py:545} INFO - Filling up the DagBag from /opt/airflow/dags/api/video_stats.py
[2026-03-23T23:13:25.954+0000] {processor.py:842} WARNING - No viable dags retrieved from /opt/airflow/dags/api/video_stats.py
[2026-03-23T23:13:25.983+0000] {processor.py:183} INFO - Processing /opt/airflow/dags/api/video_stats.py took 0.078 seconds
[2026-03-23T23:13:56.352+0000] {processor.py:161} INFO - Started process (PID=831) to work on /opt/airflow/dags/api/video_stats.py
[2026-03-23T23:13:56.355+0000] {processor.py:830} INFO - Processing file /opt/airflow/dags/api/video_stats.py for tasks to queue
[2026-03-23T23:13:56.360+0000] {logging_mixin.py:188} INFO - [2026-03-23T23:13:56.359+0000] {dagbag.py:545} INFO - Filling up the DagBag from /opt/airflow/dags/api/video_stats.py
[2026-03-23T23:13:56.406+0000] {processor.py:842} WARNING - No viable dags retrieved from /opt/airflow/dags/api/video_stats.py
[2026-03-23T23:13:56.443+0000] {processor.py:183} INFO - Processing /opt/airflow/dags/api/video_stats.py took 0.111 seconds
[2026-03-23T23:14:26.797+0000] {processor.py:161} INFO - Started process (PID=840) to work on /opt/airflow/dags/api/video_stats.py
[2026-03-23T23:14:26.800+0000] {processor.py:830} INFO - Processing file /opt/airflow/dags/api/video_stats.py for tasks to queue
[2026-03-23T23:14:26.804+0000] {logging_mixin.py:188} INFO - [2026-03-23T23:14:26.802+0000] {dagbag.py:545} INFO - Filling up the DagBag from /opt/airflow/dags/api/video_stats.py
[2026-03-23T23:14:26.836+0000] {processor.py:842} WARNING - No viable dags retrieved from /opt/airflow/dags/api/video_stats.py
[2026-03-23T23:14:26.869+0000] {processor.py:183} INFO - Processing /opt/airflow/dags/api/video_stats.py took 0.088 seconds
[2026-03-23T23:14:57.155+0000] {processor.py:161} INFO - Started process (PID=848) to work on /opt/airflow/dags/api/video_stats.py
[2026-03-23T23:14:57.157+0000] {processor.py:830} INFO - Processing file /opt/airflow/dags/api/video_stats.py for tasks to queue
[2026-03-23T23:14:57.158+0000] {logging_mixin.py:188} INFO - [2026-03-23T23:14:57.158+0000] {dagbag.py:545} INFO - Filling up the DagBag from /opt/airflow/dags/api/video_stats.py
[2026-03-23T23:14:57.176+0000] {processor.py:842} WARNING - No viable dags retrieved from /opt/airflow/dags/api/video_stats.py
[2026-03-23T23:14:57.194+0000] {processor.py:183} INFO - Processing /opt/airflow/dags/api/video_stats.py took 0.047 seconds
[2026-03-23T23:15:27.504+0000] {processor.py:161} INFO - Started process (PID=856) to work on /opt/airflow/dags/api/video_stats.py
[2026-03-23T23:15:27.506+0000] {processor.py:830} INFO - Processing file /opt/airflow/dags/api/video_stats.py for tasks to queue
[2026-03-23T23:15:27.508+0000] {logging_mixin.py:188} INFO - [2026-03-23T23:15:27.507+0000] {dagbag.py:545} INFO - Filling up the DagBag from /opt/airflow/dags/api/video_stats.py
[2026-03-23T23:15:27.534+0000] {processor.py:842} WARNING - No viable dags retrieved from /opt/airflow/dags/api/video_stats.py
[2026-03-23T23:15:27.555+0000] {processor.py:183} INFO - Processing /opt/airflow/dags/api/video_stats.py took 0.063 seconds
[2026-03-23T23:15:57.880+0000] {processor.py:161} INFO - Started process (PID=865) to work on /opt/airflow/dags/api/video_stats.py
[2026-03-23T23:15:57.882+0000] {processor.py:830} INFO - Processing file /opt/airflow/dags/api/video_stats.py for tasks to queue
[2026-03-23T23:15:57.884+0000] {logging_mixin.py:188} INFO - [2026-03-23T23:15:57.883+0000] {dagbag.py:545} INFO - Filling up the DagBag from /opt/airflow/dags/api/video_stats.py
[2026-03-23T23:15:57.915+0000] {processor.py:842} WARNING - No viable dags retrieved from /opt/airflow/dags/api/video_stats.py
[2026-03-23T23:15:57.933+0000] {processor.py:183} INFO - Processing /opt/airflow/dags/api/video_stats.py took 0.065 seconds
[2026-03-23T23:16:28.240+0000] {processor.py:161} INFO - Started process (PID=873) to work on /opt/airflow/dags/api/video_stats.py
[2026-03-23T23:16:28.242+0000] {processor.py:830} INFO - Processing file /opt/airflow/dags/api/video_stats.py for tasks to queue
[2026-03-23T23:16:28.245+0000] {logging_mixin.py:188} INFO - [2026-03-23T23:16:28.244+0000] {dagbag.py:545} INFO - Filling up the DagBag from /opt/airflow/dags/api/video_stats.py
[2026-03-23T23:16:28.274+0000] {processor.py:842} WARNING - No viable dags retrieved from /opt/airflow/dags/api/video_stats.py
[2026-03-23T23:16:28.302+0000] {processor.py:183} INFO - Processing /opt/airflow/dags/api/video_stats.py took 0.074 seconds
[2026-03-23T23:16:58.613+0000] {processor.py:161} INFO - Started process (PID=882) to work on /opt/airflow/dags/api/video_stats.py
[2026-03-23T23:16:58.614+0000] {processor.py:830} INFO - Processing file /opt/airflow/dags/api/video_stats.py for tasks to queue
[2026-03-23T23:16:58.616+0000] {logging_mixin.py:188} INFO - [2026-03-23T23:16:58.615+0000] {dagbag.py:545} INFO - Filling up the DagBag from /opt/airflow/dags/api/video_stats.py
[2026-03-23T23:16:58.631+0000] {processor.py:842} WARNING - No viable dags retrieved from /opt/airflow/dags/api/video_stats.py
[2026-03-23T23:16:58.647+0000] {processor.py:183} INFO - Processing /opt/airflow/dags/api/video_stats.py took 0.041 seconds
[2026-03-23T23:17:28.934+0000] {processor.py:161} INFO - Started process (PID=890) to work on /opt/airflow/dags/api/video_stats.py
[2026-03-23T23:17:28.935+0000] {processor.py:830} INFO - Processing file /opt/airflow/dags/api/video_stats.py for tasks to queue
[2026-03-23T23:17:28.936+0000] {logging_mixin.py:188} INFO - [2026-03-23T23:17:28.936+0000] {dagbag.py:545} INFO - Filling up the DagBag from /opt/airflow/dags/api/video_stats.py
[2026-03-23T23:17:28.956+0000] {processor.py:842} WARNING - No viable dags retrieved from /opt/airflow/dags/api/video_stats.py
[2026-03-23T23:17:28.971+0000] {processor.py:183} INFO - Processing /opt/airflow/dags/api/video_stats.py took 0.045 seconds
[2026-03-23T23:17:59.265+0000] {processor.py:161} INFO - Started process (PID=898) to work on /opt/airflow/dags/api/video_stats.py
[2026-03-23T23:17:59.266+0000] {processor.py:830} INFO - Processing file /opt/airflow/dags/api/video_stats.py for tasks to queue
[2026-03-23T23:17:59.269+0000] {logging_mixin.py:188} INFO - [2026-03-23T23:17:59.268+0000] {dagbag.py:545} INFO - Filling up the DagBag from /opt/airflow/dags/api/video_stats.py
[2026-03-23T23:17:59.294+0000] {processor.py:842} WARNING - No viable dags retrieved from /opt/airflow/dags/api/video_stats.py
[2026-03-23T23:17:59.310+0000] {processor.py:183} INFO - Processing /opt/airflow/dags/api/video_stats.py took 0.054 seconds
[2026-03-23T23:18:29.602+0000] {processor.py:161} INFO - Started process (PID=907) to work on /opt/airflow/dags/api/video_stats.py
[2026-03-23T23:18:29.603+0000] {processor.py:830} INFO - Processing file /opt/airflow/dags/api/video_stats.py for tasks to queue
[2026-03-23T23:18:29.604+0000] {logging_mixin.py:188} INFO - [2026-03-23T23:18:29.604+0000] {dagbag.py:545} INFO - Filling up the DagBag from /opt/airflow/dags/api/video_stats.py
[2026-03-23T23:18:29.624+0000] {processor.py:842} WARNING - No viable dags retrieved from /opt/airflow/dags/api/video_stats.py
[2026-03-23T23:18:29.643+0000] {processor.py:183} INFO - Processing /opt/airflow/dags/api/video_stats.py took 0.051 seconds
[2026-03-23T23:19:00.145+0000] {processor.py:161} INFO - Started process (PID=915) to work on /opt/airflow/dags/api/video_stats.py
[2026-03-23T23:19:00.146+0000] {processor.py:830} INFO - Processing file /opt/airflow/dags/api/video_stats.py for tasks to queue
[2026-03-23T23:19:00.147+0000] {logging_mixin.py:188} INFO - [2026-03-23T23:19:00.147+0000] {dagbag.py:545} INFO - Filling up the DagBag from /opt/airflow/dags/api/video_stats.py
[2026-03-23T23:19:00.165+0000] {processor.py:842} WARNING - No viable dags retrieved from /opt/airflow/dags/api/video_stats.py
[2026-03-23T23:19:00.181+0000] {processor.py:183} INFO - Processing /opt/airflow/dags/api/video_stats.py took 0.042 seconds
[2026-03-23T23:19:30.791+0000] {processor.py:161} INFO - Started process (PID=923) to work on /opt/airflow/dags/api/video_stats.py
[2026-03-23T23:19:30.792+0000] {processor.py:830} INFO - Processing file /opt/airflow/dags/api/video_stats.py for tasks to queue
[2026-03-23T23:19:30.793+0000] {logging_mixin.py:188} INFO - [2026-03-23T23:19:30.793+0000] {dagbag.py:545} INFO - Filling up the DagBag from /opt/airflow/dags/api/video_stats.py
[2026-03-23T23:19:30.812+0000] {processor.py:842} WARNING - No viable dags retrieved from /opt/airflow/dags/api/video_stats.py
[2026-03-23T23:19:30.826+0000] {processor.py:183} INFO - Processing /opt/airflow/dags/api/video_stats.py took 0.043 seconds
[2026-03-23T23:20:01.172+0000] {processor.py:161} INFO - Started process (PID=931) to work on /opt/airflow/dags/api/video_stats.py
[2026-03-23T23:20:01.174+0000] {processor.py:830} INFO - Processing file /opt/airflow/dags/api/video_stats.py for tasks to queue
[2026-03-23T23:20:01.176+0000] {logging_mixin.py:188} INFO - [2026-03-23T23:20:01.176+0000] {dagbag.py:545} INFO - Filling up the DagBag from /opt/airflow/dags/api/video_stats.py
[2026-03-23T23:20:01.201+0000] {processor.py:842} WARNING - No viable dags retrieved from /opt/airflow/dags/api/video_stats.py
[2026-03-23T23:20:01.222+0000] {processor.py:183} INFO - Processing /opt/airflow/dags/api/video_stats.py took 0.063 seconds
[2026-03-23T23:20:31.896+0000] {processor.py:161} INFO - Started process (PID=939) to work on /opt/airflow/dags/api/video_stats.py
[2026-03-23T23:20:31.897+0000] {processor.py:830} INFO - Processing file /opt/airflow/dags/api/video_stats.py for tasks to queue
[2026-03-23T23:20:31.898+0000] {logging_mixin.py:188} INFO - [2026-03-23T23:20:31.898+0000] {dagbag.py:545} INFO - Filling up the DagBag from /opt/airflow/dags/api/video_stats.py
[2026-03-23T23:20:31.915+0000] {processor.py:842} WARNING - No viable dags retrieved from /opt/airflow/dags/api/video_stats.py
[2026-03-23T23:20:31.930+0000] {processor.py:183} INFO - Processing /opt/airflow/dags/api/video_stats.py took 0.042 seconds
[2026-03-23T23:21:02.513+0000] {processor.py:161} INFO - Started process (PID=953) to work on /opt/airflow/dags/api/video_stats.py
[2026-03-23T23:21:02.514+0000] {processor.py:830} INFO - Processing file /opt/airflow/dags/api/video_stats.py for tasks to queue
[2026-03-23T23:21:02.515+0000] {logging_mixin.py:188} INFO - [2026-03-23T23:21:02.515+0000] {dagbag.py:545} INFO - Filling up the DagBag from /opt/airflow/dags/api/video_stats.py
[2026-03-23T23:21:02.530+0000] {processor.py:842} WARNING - No viable dags retrieved from /opt/airflow/dags/api/video_stats.py
[2026-03-23T23:21:02.544+0000] {processor.py:183} INFO - Processing /opt/airflow/dags/api/video_stats.py took 0.038 seconds
[2026-03-23T23:21:33.112+0000] {processor.py:161} INFO - Started process (PID=961) to work on /opt/airflow/dags/api/video_stats.py
[2026-03-23T23:21:33.113+0000] {processor.py:830} INFO - Processing file /opt/airflow/dags/api/video_stats.py for tasks to queue
[2026-03-23T23:21:33.115+0000] {logging_mixin.py:188} INFO - [2026-03-23T23:21:33.114+0000] {dagbag.py:545} INFO - Filling up the DagBag from /opt/airflow/dags/api/video_stats.py
[2026-03-23T23:21:33.133+0000] {processor.py:842} WARNING - No viable dags retrieved from /opt/airflow/dags/api/video_stats.py
[2026-03-23T23:21:33.147+0000] {processor.py:183} INFO - Processing /opt/airflow/dags/api/video_stats.py took 0.043 seconds
[2026-03-23T23:22:03.848+0000] {processor.py:161} INFO - Started process (PID=969) to work on /opt/airflow/dags/api/video_stats.py
[2026-03-23T23:22:03.853+0000] {processor.py:830} INFO - Processing file /opt/airflow/dags/api/video_stats.py for tasks to queue
[2026-03-23T23:22:03.858+0000] {logging_mixin.py:188} INFO - [2026-03-23T23:22:03.856+0000] {dagbag.py:545} INFO - Filling up the DagBag from /opt/airflow/dags/api/video_stats.py
[2026-03-23T23:22:03.954+0000] {processor.py:842} WARNING - No viable dags retrieved from /opt/airflow/dags/api/video_stats.py
[2026-03-23T23:22:04.011+0000] {processor.py:183} INFO - Processing /opt/airflow/dags/api/video_stats.py took 0.190 seconds
[2026-03-23T23:22:34.795+0000] {processor.py:161} INFO - Started process (PID=977) to work on /opt/airflow/dags/api/video_stats.py
[2026-03-23T23:22:34.800+0000] {processor.py:830} INFO - Processing file /opt/airflow/dags/api/video_stats.py for tasks to queue
[2026-03-23T23:22:34.806+0000] {logging_mixin.py:188} INFO - [2026-03-23T23:22:34.804+0000] {dagbag.py:545} INFO - Filling up the DagBag from /opt/airflow/dags/api/video_stats.py
[2026-03-23T23:22:34.905+0000] {processor.py:842} WARNING - No viable dags retrieved from /opt/airflow/dags/api/video_stats.py
[2026-03-23T23:22:34.967+0000] {processor.py:183} INFO - Processing /opt/airflow/dags/api/video_stats.py took 0.204 seconds
[2026-03-23T23:23:05.606+0000] {processor.py:161} INFO - Started process (PID=985) to work on /opt/airflow/dags/api/video_stats.py
[2026-03-23T23:23:05.608+0000] {processor.py:830} INFO - Processing file /opt/airflow/dags/api/video_stats.py for tasks to queue
[2026-03-23T23:23:05.610+0000] {logging_mixin.py:188} INFO - [2026-03-23T23:23:05.610+0000] {dagbag.py:545} INFO - Filling up the DagBag from /opt/airflow/dags/api/video_stats.py
[2026-03-23T23:23:05.658+0000] {processor.py:842} WARNING - No viable dags retrieved from /opt/airflow/dags/api/video_stats.py
[2026-03-23T23:23:05.693+0000] {processor.py:183} INFO - Processing /opt/airflow/dags/api/video_stats.py took 0.100 seconds
[2026-03-23T23:23:36.496+0000] {processor.py:161} INFO - Started process (PID=993) to work on /opt/airflow/dags/api/video_stats.py
[2026-03-23T23:23:36.499+0000] {processor.py:830} INFO - Processing file /opt/airflow/dags/api/video_stats.py for tasks to queue
[2026-03-23T23:23:36.502+0000] {logging_mixin.py:188} INFO - [2026-03-23T23:23:36.501+0000] {dagbag.py:545} INFO - Filling up the DagBag from /opt/airflow/dags/api/video_stats.py
[2026-03-23T23:23:36.548+0000] {processor.py:842} WARNING - No viable dags retrieved from /opt/airflow/dags/api/video_stats.py
[2026-03-23T23:23:36.579+0000] {processor.py:183} INFO - Processing /opt/airflow/dags/api/video_stats.py took 0.102 seconds
[2026-03-23T23:24:06.876+0000] {processor.py:161} INFO - Started process (PID=1001) to work on /opt/airflow/dags/api/video_stats.py
[2026-03-23T23:24:06.879+0000] {processor.py:830} INFO - Processing file /opt/airflow/dags/api/video_stats.py for tasks to queue
[2026-03-23T23:24:06.883+0000] {logging_mixin.py:188} INFO - [2026-03-23T23:24:06.882+0000] {dagbag.py:545} INFO - Filling up the DagBag from /opt/airflow/dags/api/video_stats.py
[2026-03-23T23:24:06.948+0000] {processor.py:842} WARNING - No viable dags retrieved from /opt/airflow/dags/api/video_stats.py
[2026-03-23T23:24:06.993+0000] {processor.py:183} INFO - Processing /opt/airflow/dags/api/video_stats.py took 0.139 seconds
[2026-03-23T23:24:37.807+0000] {processor.py:161} INFO - Started process (PID=1009) to work on /opt/airflow/dags/api/video_stats.py
[2026-03-23T23:24:37.813+0000] {processor.py:830} INFO - Processing file /opt/airflow/dags/api/video_stats.py for tasks to queue
[2026-03-23T23:24:37.818+0000] {logging_mixin.py:188} INFO - [2026-03-23T23:24:37.816+0000] {dagbag.py:545} INFO - Filling up the DagBag from /opt/airflow/dags/api/video_stats.py
[2026-03-23T23:24:37.912+0000] {processor.py:842} WARNING - No viable dags retrieved from /opt/airflow/dags/api/video_stats.py
[2026-03-23T23:24:37.969+0000] {processor.py:183} INFO - Processing /opt/airflow/dags/api/video_stats.py took 0.194 seconds
[2026-03-23T23:25:08.280+0000] {processor.py:161} INFO - Started process (PID=1017) to work on /opt/airflow/dags/api/video_stats.py
[2026-03-23T23:25:08.283+0000] {processor.py:830} INFO - Processing file /opt/airflow/dags/api/video_stats.py for tasks to queue
[2026-03-23T23:25:08.286+0000] {logging_mixin.py:188} INFO - [2026-03-23T23:25:08.285+0000] {dagbag.py:545} INFO - Filling up the DagBag from /opt/airflow/dags/api/video_stats.py
[2026-03-23T23:25:08.337+0000] {processor.py:842} WARNING - No viable dags retrieved from /opt/airflow/dags/api/video_stats.py
[2026-03-23T23:25:08.364+0000] {processor.py:183} INFO - Processing /opt/airflow/dags/api/video_stats.py took 0.102 seconds
[2026-03-23T23:25:39.176+0000] {processor.py:161} INFO - Started process (PID=1026) to work on /opt/airflow/dags/api/video_stats.py
[2026-03-23T23:25:39.182+0000] {processor.py:830} INFO - Processing file /opt/airflow/dags/api/video_stats.py for tasks to queue
[2026-03-23T23:25:39.189+0000] {logging_mixin.py:188} INFO - [2026-03-23T23:25:39.187+0000] {dagbag.py:545} INFO - Filling up the DagBag from /opt/airflow/dags/api/video_stats.py
[2026-03-23T23:25:39.306+0000] {processor.py:842} WARNING - No viable dags retrieved from /opt/airflow/dags/api/video_stats.py
[2026-03-23T23:25:39.381+0000] {processor.py:183} INFO - Processing /opt/airflow/dags/api/video_stats.py took 0.244 seconds
[2026-03-23T23:26:09.607+0000] {processor.py:161} INFO - Started process (PID=1034) to work on /opt/airflow/dags/api/video_stats.py
[2026-03-23T23:26:09.612+0000] {processor.py:830} INFO - Processing file /opt/airflow/dags/api/video_stats.py for tasks to queue
[2026-03-23T23:26:09.617+0000] {logging_mixin.py:188} INFO - [2026-03-23T23:26:09.616+0000] {dagbag.py:545} INFO - Filling up the DagBag from /opt/airflow/dags/api/video_stats.py
[2026-03-23T23:26:09.713+0000] {processor.py:842} WARNING - No viable dags retrieved from /opt/airflow/dags/api/video_stats.py
[2026-03-23T23:26:09.781+0000] {processor.py:183} INFO - Processing /opt/airflow/dags/api/video_stats.py took 0.208 seconds
[2026-03-23T23:26:40.604+0000] {processor.py:161} INFO - Started process (PID=1042) to work on /opt/airflow/dags/api/video_stats.py
[2026-03-23T23:26:40.610+0000] {processor.py:830} INFO - Processing file /opt/airflow/dags/api/video_stats.py for tasks to queue
[2026-03-23T23:26:40.615+0000] {logging_mixin.py:188} INFO - [2026-03-23T23:26:40.614+0000] {dagbag.py:545} INFO - Filling up the DagBag from /opt/airflow/dags/api/video_stats.py
[2026-03-23T23:26:40.719+0000] {processor.py:842} WARNING - No viable dags retrieved from /opt/airflow/dags/api/video_stats.py
[2026-03-23T23:26:40.785+0000] {processor.py:183} INFO - Processing /opt/airflow/dags/api/video_stats.py took 0.215 seconds
[2026-03-23T23:27:11.257+0000] {processor.py:161} INFO - Started process (PID=1050) to work on /opt/airflow/dags/api/video_stats.py
[2026-03-23T23:27:11.261+0000] {processor.py:830} INFO - Processing file /opt/airflow/dags/api/video_stats.py for tasks to queue
[2026-03-23T23:27:11.266+0000] {logging_mixin.py:188} INFO - [2026-03-23T23:27:11.265+0000] {dagbag.py:545} INFO - Filling up the DagBag from /opt/airflow/dags/api/video_stats.py
[2026-03-23T23:27:11.347+0000] {processor.py:842} WARNING - No viable dags retrieved from /opt/airflow/dags/api/video_stats.py
[2026-03-23T23:27:11.384+0000] {processor.py:183} INFO - Processing /opt/airflow/dags/api/video_stats.py took 0.156 seconds
[2026-03-23T23:27:42.095+0000] {processor.py:161} INFO - Started process (PID=1058) to work on /opt/airflow/dags/api/video_stats.py
[2026-03-23T23:27:42.097+0000] {processor.py:830} INFO - Processing file /opt/airflow/dags/api/video_stats.py for tasks to queue
[2026-03-23T23:27:42.100+0000] {logging_mixin.py:188} INFO - [2026-03-23T23:27:42.099+0000] {dagbag.py:545} INFO - Filling up the DagBag from /opt/airflow/dags/api/video_stats.py
[2026-03-23T23:27:42.125+0000] {processor.py:842} WARNING - No viable dags retrieved from /opt/airflow/dags/api/video_stats.py
[2026-03-23T23:27:42.148+0000] {processor.py:183} INFO - Processing /opt/airflow/dags/api/video_stats.py took 0.065 seconds
[2026-03-23T23:28:12.484+0000] {processor.py:161} INFO - Started process (PID=1066) to work on /opt/airflow/dags/api/video_stats.py
[2026-03-23T23:28:12.487+0000] {processor.py:830} INFO - Processing file /opt/airflow/dags/api/video_stats.py for tasks to queue
[2026-03-23T23:28:12.490+0000] {logging_mixin.py:188} INFO - [2026-03-23T23:28:12.490+0000] {dagbag.py:545} INFO - Filling up the DagBag from /opt/airflow/dags/api/video_stats.py
[2026-03-23T23:28:12.547+0000] {processor.py:842} WARNING - No viable dags retrieved from /opt/airflow/dags/api/video_stats.py
[2026-03-23T23:28:12.587+0000] {processor.py:183} INFO - Processing /opt/airflow/dags/api/video_stats.py took 0.126 seconds
[2026-03-23T23:28:42.818+0000] {processor.py:161} INFO - Started process (PID=1075) to work on /opt/airflow/dags/api/video_stats.py
[2026-03-23T23:28:42.821+0000] {processor.py:830} INFO - Processing file /opt/airflow/dags/api/video_stats.py for tasks to queue
[2026-03-23T23:28:42.824+0000] {logging_mixin.py:188} INFO - [2026-03-23T23:28:42.823+0000] {dagbag.py:545} INFO - Filling up the DagBag from /opt/airflow/dags/api/video_stats.py
[2026-03-23T23:28:42.867+0000] {processor.py:842} WARNING - No viable dags retrieved from /opt/airflow/dags/api/video_stats.py
[2026-03-23T23:28:42.908+0000] {processor.py:183} INFO - Processing /opt/airflow/dags/api/video_stats.py took 0.111 seconds
[2026-03-23T23:29:13.092+0000] {processor.py:161} INFO - Started process (PID=1083) to work on /opt/airflow/dags/api/video_stats.py
[2026-03-23T23:29:13.095+0000] {processor.py:830} INFO - Processing file /opt/airflow/dags/api/video_stats.py for tasks to queue
[2026-03-23T23:29:13.098+0000] {logging_mixin.py:188} INFO - [2026-03-23T23:29:13.097+0000] {dagbag.py:545} INFO - Filling up the DagBag from /opt/airflow/dags/api/video_stats.py
[2026-03-23T23:29:13.151+0000] {processor.py:842} WARNING - No viable dags retrieved from /opt/airflow/dags/api/video_stats.py
[2026-03-23T23:29:13.180+0000] {processor.py:183} INFO - Processing /opt/airflow/dags/api/video_stats.py took 0.103 seconds
[2026-03-23T23:29:44.040+0000] {processor.py:161} INFO - Started process (PID=1091) to work on /opt/airflow/dags/api/video_stats.py
[2026-03-23T23:29:44.046+0000] {processor.py:830} INFO - Processing file /opt/airflow/dags/api/video_stats.py for tasks to queue
[2026-03-23T23:29:44.052+0000] {logging_mixin.py:188} INFO - [2026-03-23T23:29:44.050+0000] {dagbag.py:545} INFO - Filling up the DagBag from /opt/airflow/dags/api/video_stats.py
[2026-03-23T23:29:44.170+0000] {processor.py:842} WARNING - No viable dags retrieved from /opt/airflow/dags/api/video_stats.py
[2026-03-23T23:29:44.238+0000] {processor.py:183} INFO - Processing /opt/airflow/dags/api/video_stats.py took 0.235 seconds
[2026-03-23T23:30:14.554+0000] {processor.py:161} INFO - Started process (PID=1100) to work on /opt/airflow/dags/api/video_stats.py
[2026-03-23T23:30:14.560+0000] {processor.py:830} INFO - Processing file /opt/airflow/dags/api/video_stats.py for tasks to queue
[2026-03-23T23:30:14.566+0000] {logging_mixin.py:188} INFO - [2026-03-23T23:30:14.564+0000] {dagbag.py:545} INFO - Filling up the DagBag from /opt/airflow/dags/api/video_stats.py
[2026-03-23T23:30:14.677+0000] {processor.py:842} WARNING - No viable dags retrieved from /opt/airflow/dags/api/video_stats.py
[2026-03-23T23:30:14.748+0000] {processor.py:183} INFO - Processing /opt/airflow/dags/api/video_stats.py took 0.229 seconds
[2026-03-23T23:30:45.148+0000] {processor.py:161} INFO - Started process (PID=1108) to work on /opt/airflow/dags/api/video_stats.py
[2026-03-23T23:30:45.151+0000] {processor.py:830} INFO - Processing file /opt/airflow/dags/api/video_stats.py for tasks to queue
[2026-03-23T23:30:45.154+0000] {logging_mixin.py:188} INFO - [2026-03-23T23:30:45.153+0000] {dagbag.py:545} INFO - Filling up the DagBag from /opt/airflow/dags/api/video_stats.py
[2026-03-23T23:30:45.210+0000] {processor.py:842} WARNING - No viable dags retrieved from /opt/airflow/dags/api/video_stats.py
[2026-03-23T23:30:45.248+0000] {processor.py:183} INFO - Processing /opt/airflow/dags/api/video_stats.py took 0.118 seconds
[2026-03-23T23:31:16.031+0000] {processor.py:161} INFO - Started process (PID=1116) to work on /opt/airflow/dags/api/video_stats.py
[2026-03-23T23:31:16.038+0000] {processor.py:830} INFO - Processing file /opt/airflow/dags/api/video_stats.py for tasks to queue
[2026-03-23T23:31:16.045+0000] {logging_mixin.py:188} INFO - [2026-03-23T23:31:16.044+0000] {dagbag.py:545} INFO - Filling up the DagBag from /opt/airflow/dags/api/video_stats.py
[2026-03-23T23:31:16.148+0000] {processor.py:842} WARNING - No viable dags retrieved from /opt/airflow/dags/api/video_stats.py
[2026-03-23T23:31:16.223+0000] {processor.py:183} INFO - Processing /opt/airflow/dags/api/video_stats.py took 0.232 seconds
[2026-03-23T23:31:46.850+0000] {processor.py:161} INFO - Started process (PID=1124) to work on /opt/airflow/dags/api/video_stats.py
[2026-03-23T23:31:46.852+0000] {processor.py:830} INFO - Processing file /opt/airflow/dags/api/video_stats.py for tasks to queue
[2026-03-23T23:31:46.854+0000] {logging_mixin.py:188} INFO - [2026-03-23T23:31:46.853+0000] {dagbag.py:545} INFO - Filling up the DagBag from /opt/airflow/dags/api/video_stats.py
[2026-03-23T23:31:46.886+0000] {processor.py:842} WARNING - No viable dags retrieved from /opt/airflow/dags/api/video_stats.py
[2026-03-23T23:31:46.909+0000] {processor.py:183} INFO - Processing /opt/airflow/dags/api/video_stats.py took 0.067 seconds
[2026-03-23T23:32:17.088+0000] {processor.py:161} INFO - Started process (PID=1132) to work on /opt/airflow/dags/api/video_stats.py
[2026-03-23T23:32:17.091+0000] {processor.py:830} INFO - Processing file /opt/airflow/dags/api/video_stats.py for tasks to queue
[2026-03-23T23:32:17.093+0000] {logging_mixin.py:188} INFO - [2026-03-23T23:32:17.093+0000] {dagbag.py:545} INFO - Filling up the DagBag from /opt/airflow/dags/api/video_stats.py
[2026-03-23T23:32:17.163+0000] {processor.py:842} WARNING - No viable dags retrieved from /opt/airflow/dags/api/video_stats.py
[2026-03-23T23:32:17.228+0000] {processor.py:183} INFO - Processing /opt/airflow/dags/api/video_stats.py took 0.156 seconds
[2026-03-23T23:32:47.421+0000] {processor.py:161} INFO - Started process (PID=1140) to work on /opt/airflow/dags/api/video_stats.py
[2026-03-23T23:32:47.424+0000] {processor.py:830} INFO - Processing file /opt/airflow/dags/api/video_stats.py for tasks to queue
[2026-03-23T23:32:47.426+0000] {logging_mixin.py:188} INFO - [2026-03-23T23:32:47.425+0000] {dagbag.py:545} INFO - Filling up the DagBag from /opt/airflow/dags/api/video_stats.py
[2026-03-23T23:32:47.461+0000] {processor.py:842} WARNING - No viable dags retrieved from /opt/airflow/dags/api/video_stats.py
[2026-03-23T23:32:47.482+0000] {processor.py:183} INFO - Processing /opt/airflow/dags/api/video_stats.py took 0.074 seconds
[2026-03-23T23:33:18.270+0000] {processor.py:161} INFO - Started process (PID=1148) to work on /opt/airflow/dags/api/video_stats.py
[2026-03-23T23:33:18.273+0000] {processor.py:830} INFO - Processing file /opt/airflow/dags/api/video_stats.py for tasks to queue
[2026-03-23T23:33:18.276+0000] {logging_mixin.py:188} INFO - [2026-03-23T23:33:18.275+0000] {dagbag.py:545} INFO - Filling up the DagBag from /opt/airflow/dags/api/video_stats.py
[2026-03-23T23:33:18.338+0000] {processor.py:842} WARNING - No viable dags retrieved from /opt/airflow/dags/api/video_stats.py
[2026-03-23T23:33:18.387+0000] {processor.py:183} INFO - Processing /opt/airflow/dags/api/video_stats.py took 0.138 seconds
[2026-03-23T23:33:49.230+0000] {processor.py:161} INFO - Started process (PID=1156) to work on /opt/airflow/dags/api/video_stats.py
[2026-03-23T23:33:49.236+0000] {processor.py:830} INFO - Processing file /opt/airflow/dags/api/video_stats.py for tasks to queue
[2026-03-23T23:33:49.241+0000] {logging_mixin.py:188} INFO - [2026-03-23T23:33:49.240+0000] {dagbag.py:545} INFO - Filling up the DagBag from /opt/airflow/dags/api/video_stats.py
[2026-03-23T23:33:49.351+0000] {processor.py:842} WARNING - No viable dags retrieved from /opt/airflow/dags/api/video_stats.py
[2026-03-23T23:33:49.411+0000] {processor.py:183} INFO - Processing /opt/airflow/dags/api/video_stats.py took 0.218 seconds
[2026-03-23T23:34:19.753+0000] {processor.py:161} INFO - Started process (PID=1164) to work on /opt/airflow/dags/api/video_stats.py
[2026-03-23T23:34:19.759+0000] {processor.py:830} INFO - Processing file /opt/airflow/dags/api/video_stats.py for tasks to queue
[2026-03-23T23:34:19.765+0000] {logging_mixin.py:188} INFO - [2026-03-23T23:34:19.764+0000] {dagbag.py:545} INFO - Filling up the DagBag from /opt/airflow/dags/api/video_stats.py
[2026-03-23T23:34:19.880+0000] {processor.py:842} WARNING - No viable dags retrieved from /opt/airflow/dags/api/video_stats.py
[2026-03-23T23:34:19.960+0000] {processor.py:183} INFO - Processing /opt/airflow/dags/api/video_stats.py took 0.243 seconds
[2026-03-23T23:34:50.250+0000] {processor.py:161} INFO - Started process (PID=1172) to work on /opt/airflow/dags/api/video_stats.py
[2026-03-23T23:34:50.257+0000] {processor.py:830} INFO - Processing file /opt/airflow/dags/api/video_stats.py for tasks to queue
[2026-03-23T23:34:50.264+0000] {logging_mixin.py:188} INFO - [2026-03-23T23:34:50.262+0000] {dagbag.py:545} INFO - Filling up the DagBag from /opt/airflow/dags/api/video_stats.py
[2026-03-23T23:34:50.386+0000] {processor.py:842} WARNING - No viable dags retrieved from /opt/airflow/dags/api/video_stats.py
[2026-03-23T23:34:50.486+0000] {processor.py:183} INFO - Processing /opt/airflow/dags/api/video_stats.py took 0.283 seconds
[2026-03-23T23:35:21.051+0000] {processor.py:161} INFO - Started process (PID=1180) to work on /opt/airflow/dags/api/video_stats.py
[2026-03-23T23:35:21.053+0000] {processor.py:830} INFO - Processing file /opt/airflow/dags/api/video_stats.py for tasks to queue
[2026-03-23T23:35:21.056+0000] {logging_mixin.py:188} INFO - [2026-03-23T23:35:21.055+0000] {dagbag.py:545} INFO - Filling up the DagBag from /opt/airflow/dags/api/video_stats.py
[2026-03-23T23:35:21.101+0000] {processor.py:842} WARNING - No viable dags retrieved from /opt/airflow/dags/api/video_stats.py
[2026-03-23T23:35:21.143+0000] {processor.py:183} INFO - Processing /opt/airflow/dags/api/video_stats.py took 0.105 seconds
[2026-03-23T23:35:51.641+0000] {processor.py:161} INFO - Started process (PID=1189) to work on /opt/airflow/dags/api/video_stats.py
[2026-03-23T23:35:51.644+0000] {processor.py:830} INFO - Processing file /opt/airflow/dags/api/video_stats.py for tasks to queue
[2026-03-23T23:35:51.647+0000] {logging_mixin.py:188} INFO - [2026-03-23T23:35:51.646+0000] {dagbag.py:545} INFO - Filling up the DagBag from /opt/airflow/dags/api/video_stats.py
[2026-03-23T23:35:51.704+0000] {processor.py:842} WARNING - No viable dags retrieved from /opt/airflow/dags/api/video_stats.py
[2026-03-23T23:35:51.742+0000] {processor.py:183} INFO - Processing /opt/airflow/dags/api/video_stats.py took 0.119 seconds
[2026-03-23T23:36:22.246+0000] {processor.py:161} INFO - Started process (PID=1197) to work on /opt/airflow/dags/api/video_stats.py
[2026-03-23T23:36:22.250+0000] {processor.py:830} INFO - Processing file /opt/airflow/dags/api/video_stats.py for tasks to queue
[2026-03-23T23:36:22.253+0000] {logging_mixin.py:188} INFO - [2026-03-23T23:36:22.252+0000] {dagbag.py:545} INFO - Filling up the DagBag from /opt/airflow/dags/api/video_stats.py
[2026-03-23T23:36:22.302+0000] {processor.py:842} WARNING - No viable dags retrieved from /opt/airflow/dags/api/video_stats.py
[2026-03-23T23:36:22.341+0000] {processor.py:183} INFO - Processing /opt/airflow/dags/api/video_stats.py took 0.119 seconds
[2026-03-23T23:36:52.842+0000] {processor.py:161} INFO - Started process (PID=1205) to work on /opt/airflow/dags/api/video_stats.py
[2026-03-23T23:36:52.846+0000] {processor.py:830} INFO - Processing file /opt/airflow/dags/api/video_stats.py for tasks to queue
[2026-03-23T23:36:52.849+0000] {logging_mixin.py:188} INFO - [2026-03-23T23:36:52.848+0000] {dagbag.py:545} INFO - Filling up the DagBag from /opt/airflow/dags/api/video_stats.py
[2026-03-23T23:36:52.895+0000] {processor.py:842} WARNING - No viable dags retrieved from /opt/airflow/dags/api/video_stats.py
[2026-03-23T23:36:52.927+0000] {processor.py:183} INFO - Processing /opt/airflow/dags/api/video_stats.py took 0.102 seconds
[2026-03-23T23:37:23.421+0000] {processor.py:161} INFO - Started process (PID=1213) to work on /opt/airflow/dags/api/video_stats.py
[2026-03-23T23:37:23.424+0000] {processor.py:830} INFO - Processing file /opt/airflow/dags/api/video_stats.py for tasks to queue
[2026-03-23T23:37:23.427+0000] {logging_mixin.py:188} INFO - [2026-03-23T23:37:23.426+0000] {dagbag.py:545} INFO - Filling up the DagBag from /opt/airflow/dags/api/video_stats.py
[2026-03-23T23:37:23.474+0000] {processor.py:842} WARNING - No viable dags retrieved from /opt/airflow/dags/api/video_stats.py
[2026-03-23T23:37:23.512+0000] {processor.py:183} INFO - Processing /opt/airflow/dags/api/video_stats.py took 0.109 seconds
[2026-03-23T23:37:53.964+0000] {processor.py:161} INFO - Started process (PID=1221) to work on /opt/airflow/dags/api/video_stats.py
[2026-03-23T23:37:53.966+0000] {processor.py:830} INFO - Processing file /opt/airflow/dags/api/video_stats.py for tasks to queue
[2026-03-23T23:37:53.967+0000] {logging_mixin.py:188} INFO - [2026-03-23T23:37:53.967+0000] {dagbag.py:545} INFO - Filling up the DagBag from /opt/airflow/dags/api/video_stats.py
[2026-03-23T23:37:53.991+0000] {processor.py:842} WARNING - No viable dags retrieved from /opt/airflow/dags/api/video_stats.py
[2026-03-23T23:37:54.012+0000] {processor.py:183} INFO - Processing /opt/airflow/dags/api/video_stats.py took 0.056 seconds
[2026-03-23T23:38:24.108+0000] {processor.py:161} INFO - Started process (PID=1230) to work on /opt/airflow/dags/api/video_stats.py
[2026-03-23T23:38:24.111+0000] {processor.py:830} INFO - Processing file /opt/airflow/dags/api/video_stats.py for tasks to queue
[2026-03-23T23:38:24.113+0000] {logging_mixin.py:188} INFO - [2026-03-23T23:38:24.113+0000] {dagbag.py:545} INFO - Filling up the DagBag from /opt/airflow/dags/api/video_stats.py
[2026-03-23T23:38:24.176+0000] {processor.py:842} WARNING - No viable dags retrieved from /opt/airflow/dags/api/video_stats.py
[2026-03-23T23:38:24.213+0000] {processor.py:183} INFO - Processing /opt/airflow/dags/api/video_stats.py took 0.118 seconds
[2026-03-23T23:38:54.989+0000] {processor.py:161} INFO - Started process (PID=1238) to work on /opt/airflow/dags/api/video_stats.py
[2026-03-23T23:38:54.993+0000] {processor.py:830} INFO - Processing file /opt/airflow/dags/api/video_stats.py for tasks to queue
[2026-03-23T23:38:54.997+0000] {logging_mixin.py:188} INFO - [2026-03-23T23:38:54.996+0000] {dagbag.py:545} INFO - Filling up the DagBag from /opt/airflow/dags/api/video_stats.py
[2026-03-23T23:38:55.054+0000] {processor.py:842} WARNING - No viable dags retrieved from /opt/airflow/dags/api/video_stats.py
[2026-03-23T23:38:55.090+0000] {processor.py:183} INFO - Processing /opt/airflow/dags/api/video_stats.py took 0.135 seconds
[2026-03-23T23:39:25.538+0000] {processor.py:161} INFO - Started process (PID=1246) to work on /opt/airflow/dags/api/video_stats.py
[2026-03-23T23:39:25.540+0000] {processor.py:830} INFO - Processing file /opt/airflow/dags/api/video_stats.py for tasks to queue
[2026-03-23T23:39:25.543+0000] {logging_mixin.py:188} INFO - [2026-03-23T23:39:25.542+0000] {dagbag.py:545} INFO - Filling up the DagBag from /opt/airflow/dags/api/video_stats.py
[2026-03-23T23:39:25.581+0000] {processor.py:842} WARNING - No viable dags retrieved from /opt/airflow/dags/api/video_stats.py
[2026-03-23T23:39:25.606+0000] {processor.py:183} INFO - Processing /opt/airflow/dags/api/video_stats.py took 0.082 seconds
[2026-03-23T23:39:56.374+0000] {processor.py:161} INFO - Started process (PID=1255) to work on /opt/airflow/dags/api/video_stats.py
[2026-03-23T23:39:56.382+0000] {processor.py:830} INFO - Processing file /opt/airflow/dags/api/video_stats.py for tasks to queue
[2026-03-23T23:39:56.389+0000] {logging_mixin.py:188} INFO - [2026-03-23T23:39:56.387+0000] {dagbag.py:545} INFO - Filling up the DagBag from /opt/airflow/dags/api/video_stats.py
[2026-03-23T23:39:56.508+0000] {processor.py:842} WARNING - No viable dags retrieved from /opt/airflow/dags/api/video_stats.py
[2026-03-23T23:39:56.586+0000] {processor.py:183} INFO - Processing /opt/airflow/dags/api/video_stats.py took 0.272 seconds
[2026-03-23T23:40:26.875+0000] {processor.py:161} INFO - Started process (PID=1263) to work on /opt/airflow/dags/api/video_stats.py
[2026-03-23T23:40:26.883+0000] {processor.py:830} INFO - Processing file /opt/airflow/dags/api/video_stats.py for tasks to queue
[2026-03-23T23:40:26.893+0000] {logging_mixin.py:188} INFO - [2026-03-23T23:40:26.890+0000] {dagbag.py:545} INFO - Filling up the DagBag from /opt/airflow/dags/api/video_stats.py
[2026-03-23T23:40:27.004+0000] {processor.py:842} WARNING - No viable dags retrieved from /opt/airflow/dags/api/video_stats.py
[2026-03-23T23:40:27.083+0000] {processor.py:183} INFO - Processing /opt/airflow/dags/api/video_stats.py took 0.256 seconds
[2026-03-23T23:40:57.406+0000] {processor.py:161} INFO - Started process (PID=1271) to work on /opt/airflow/dags/api/video_stats.py
[2026-03-23T23:40:57.410+0000] {processor.py:830} INFO - Processing file /opt/airflow/dags/api/video_stats.py for tasks to queue
[2026-03-23T23:40:57.413+0000] {logging_mixin.py:188} INFO - [2026-03-23T23:40:57.412+0000] {dagbag.py:545} INFO - Filling up the DagBag from /opt/airflow/dags/api/video_stats.py
[2026-03-23T23:40:57.474+0000] {processor.py:842} WARNING - No viable dags retrieved from /opt/airflow/dags/api/video_stats.py
[2026-03-23T23:40:57.536+0000] {processor.py:183} INFO - Processing /opt/airflow/dags/api/video_stats.py took 0.156 seconds
[2026-03-23T23:41:27.867+0000] {processor.py:161} INFO - Started process (PID=1279) to work on /opt/airflow/dags/api/video_stats.py
[2026-03-23T23:41:27.870+0000] {processor.py:830} INFO - Processing file /opt/airflow/dags/api/video_stats.py for tasks to queue
[2026-03-23T23:41:27.873+0000] {logging_mixin.py:188} INFO - [2026-03-23T23:41:27.872+0000] {dagbag.py:545} INFO - Filling up the DagBag from /opt/airflow/dags/api/video_stats.py
[2026-03-23T23:41:27.928+0000] {processor.py:842} WARNING - No viable dags retrieved from /opt/airflow/dags/api/video_stats.py
[2026-03-23T23:41:27.965+0000] {processor.py:183} INFO - Processing /opt/airflow/dags/api/video_stats.py took 0.116 seconds
[2026-03-23T23:41:58.749+0000] {processor.py:161} INFO - Started process (PID=1287) to work on /opt/airflow/dags/api/video_stats.py
[2026-03-23T23:41:58.755+0000] {processor.py:830} INFO - Processing file /opt/airflow/dags/api/video_stats.py for tasks to queue
[2026-03-23T23:41:58.760+0000] {logging_mixin.py:188} INFO - [2026-03-23T23:41:58.759+0000] {dagbag.py:545} INFO - Filling up the DagBag from /opt/airflow/dags/api/video_stats.py
[2026-03-23T23:41:58.818+0000] {processor.py:842} WARNING - No viable dags retrieved from /opt/airflow/dags/api/video_stats.py
[2026-03-23T23:41:58.858+0000] {processor.py:183} INFO - Processing /opt/airflow/dags/api/video_stats.py took 0.138 seconds
[2026-03-23T23:42:28.997+0000] {processor.py:161} INFO - Started process (PID=1295) to work on /opt/airflow/dags/api/video_stats.py
[2026-03-23T23:42:29.000+0000] {processor.py:830} INFO - Processing file /opt/airflow/dags/api/video_stats.py for tasks to queue
[2026-03-23T23:42:29.004+0000] {logging_mixin.py:188} INFO - [2026-03-23T23:42:29.003+0000] {dagbag.py:545} INFO - Filling up the DagBag from /opt/airflow/dags/api/video_stats.py
[2026-03-23T23:42:29.061+0000] {processor.py:842} WARNING - No viable dags retrieved from /opt/airflow/dags/api/video_stats.py
[2026-03-23T23:42:29.102+0000] {processor.py:183} INFO - Processing /opt/airflow/dags/api/video_stats.py took 0.129 seconds
[2026-03-23T23:42:59.816+0000] {processor.py:161} INFO - Started process (PID=1303) to work on /opt/airflow/dags/api/video_stats.py
[2026-03-23T23:42:59.820+0000] {processor.py:830} INFO - Processing file /opt/airflow/dags/api/video_stats.py for tasks to queue
[2026-03-23T23:42:59.823+0000] {logging_mixin.py:188} INFO - [2026-03-23T23:42:59.822+0000] {dagbag.py:545} INFO - Filling up the DagBag from /opt/airflow/dags/api/video_stats.py
[2026-03-23T23:42:59.882+0000] {processor.py:842} WARNING - No viable dags retrieved from /opt/airflow/dags/api/video_stats.py
[2026-03-23T23:42:59.924+0000] {processor.py:183} INFO - Processing /opt/airflow/dags/api/video_stats.py took 0.131 seconds
[2026-03-23T23:43:30.417+0000] {processor.py:161} INFO - Started process (PID=1311) to work on /opt/airflow/dags/api/video_stats.py
[2026-03-23T23:43:30.424+0000] {processor.py:830} INFO - Processing file /opt/airflow/dags/api/video_stats.py for tasks to queue
[2026-03-23T23:43:30.431+0000] {logging_mixin.py:188} INFO - [2026-03-23T23:43:30.429+0000] {dagbag.py:545} INFO - Filling up the DagBag from /opt/airflow/dags/api/video_stats.py
[2026-03-23T23:43:30.543+0000] {processor.py:842} WARNING - No viable dags retrieved from /opt/airflow/dags/api/video_stats.py
[2026-03-23T23:43:30.608+0000] {processor.py:183} INFO - Processing /opt/airflow/dags/api/video_stats.py took 0.230 seconds
[2026-03-23T23:44:00.998+0000] {processor.py:161} INFO - Started process (PID=1319) to work on /opt/airflow/dags/api/video_stats.py
[2026-03-23T23:44:01.000+0000] {processor.py:830} INFO - Processing file /opt/airflow/dags/api/video_stats.py for tasks to queue
[2026-03-23T23:44:01.002+0000] {logging_mixin.py:188} INFO - [2026-03-23T23:44:01.002+0000] {dagbag.py:545} INFO - Filling up the DagBag from /opt/airflow/dags/api/video_stats.py
[2026-03-23T23:44:01.048+0000] {processor.py:842} WARNING - No viable dags retrieved from /opt/airflow/dags/api/video_stats.py
[2026-03-23T23:44:01.112+0000] {processor.py:183} INFO - Processing /opt/airflow/dags/api/video_stats.py took 0.130 seconds
[2026-03-23T23:44:31.766+0000] {processor.py:161} INFO - Started process (PID=1327) to work on /opt/airflow/dags/api/video_stats.py
[2026-03-23T23:44:31.770+0000] {processor.py:830} INFO - Processing file /opt/airflow/dags/api/video_stats.py for tasks to queue
[2026-03-23T23:44:31.776+0000] {logging_mixin.py:188} INFO - [2026-03-23T23:44:31.774+0000] {dagbag.py:545} INFO - Filling up the DagBag from /opt/airflow/dags/api/video_stats.py
[2026-03-23T23:44:31.906+0000] {processor.py:842} WARNING - No viable dags retrieved from /opt/airflow/dags/api/video_stats.py
[2026-03-23T23:44:31.969+0000] {processor.py:183} INFO - Processing /opt/airflow/dags/api/video_stats.py took 0.235 seconds
[2026-03-23T23:45:02.733+0000] {processor.py:161} INFO - Started process (PID=1335) to work on /opt/airflow/dags/api/video_stats.py
[2026-03-23T23:45:02.738+0000] {processor.py:830} INFO - Processing file /opt/airflow/dags/api/video_stats.py for tasks to queue
[2026-03-23T23:45:02.743+0000] {logging_mixin.py:188} INFO - [2026-03-23T23:45:02.742+0000] {dagbag.py:545} INFO - Filling up the DagBag from /opt/airflow/dags/api/video_stats.py
[2026-03-23T23:45:02.841+0000] {processor.py:842} WARNING - No viable dags retrieved from /opt/airflow/dags/api/video_stats.py
[2026-03-23T23:45:02.905+0000] {processor.py:183} INFO - Processing /opt/airflow/dags/api/video_stats.py took 0.205 seconds
[2026-03-23T23:45:33.264+0000] {processor.py:161} INFO - Started process (PID=1343) to work on /opt/airflow/dags/api/video_stats.py
[2026-03-23T23:45:33.271+0000] {processor.py:830} INFO - Processing file /opt/airflow/dags/api/video_stats.py for tasks to queue
[2026-03-23T23:45:33.277+0000] {logging_mixin.py:188} INFO - [2026-03-23T23:45:33.275+0000] {dagbag.py:545} INFO - Filling up the DagBag from /opt/airflow/dags/api/video_stats.py
[2026-03-23T23:45:33.391+0000] {processor.py:842} WARNING - No viable dags retrieved from /opt/airflow/dags/api/video_stats.py
[2026-03-23T23:45:33.467+0000] {processor.py:183} INFO - Processing /opt/airflow/dags/api/video_stats.py took 0.239 seconds
[2026-03-23T23:46:03.875+0000] {processor.py:161} INFO - Started process (PID=1351) to work on /opt/airflow/dags/api/video_stats.py
[2026-03-23T23:46:03.879+0000] {processor.py:830} INFO - Processing file /opt/airflow/dags/api/video_stats.py for tasks to queue
[2026-03-23T23:46:03.882+0000] {logging_mixin.py:188} INFO - [2026-03-23T23:46:03.881+0000] {dagbag.py:545} INFO - Filling up the DagBag from /opt/airflow/dags/api/video_stats.py
[2026-03-23T23:46:03.942+0000] {processor.py:842} WARNING - No viable dags retrieved from /opt/airflow/dags/api/video_stats.py
[2026-03-23T23:46:03.974+0000] {processor.py:183} INFO - Processing /opt/airflow/dags/api/video_stats.py took 0.117 seconds
[2026-03-23T23:46:34.266+0000] {processor.py:161} INFO - Started process (PID=1359) to work on /opt/airflow/dags/api/video_stats.py
[2026-03-23T23:46:34.269+0000] {processor.py:830} INFO - Processing file /opt/airflow/dags/api/video_stats.py for tasks to queue
[2026-03-23T23:46:34.272+0000] {logging_mixin.py:188} INFO - [2026-03-23T23:46:34.271+0000] {dagbag.py:545} INFO - Filling up the DagBag from /opt/airflow/dags/api/video_stats.py
[2026-03-23T23:46:34.362+0000] {processor.py:842} WARNING - No viable dags retrieved from /opt/airflow/dags/api/video_stats.py
[2026-03-23T23:46:34.419+0000] {processor.py:183} INFO - Processing /opt/airflow/dags/api/video_stats.py took 0.171 seconds
[2026-03-23T23:47:05.217+0000] {processor.py:161} INFO - Started process (PID=1367) to work on /opt/airflow/dags/api/video_stats.py
[2026-03-23T23:47:05.220+0000] {processor.py:830} INFO - Processing file /opt/airflow/dags/api/video_stats.py for tasks to queue
[2026-03-23T23:47:05.223+0000] {logging_mixin.py:188} INFO - [2026-03-23T23:47:05.222+0000] {dagbag.py:545} INFO - Filling up the DagBag from /opt/airflow/dags/api/video_stats.py
[2026-03-23T23:47:05.272+0000] {processor.py:842} WARNING - No viable dags retrieved from /opt/airflow/dags/api/video_stats.py
[2026-03-23T23:47:05.309+0000] {processor.py:183} INFO - Processing /opt/airflow/dags/api/video_stats.py took 0.113 seconds
[2026-03-23T23:47:35.768+0000] {processor.py:161} INFO - Started process (PID=1376) to work on /opt/airflow/dags/api/video_stats.py
[2026-03-23T23:47:35.774+0000] {processor.py:830} INFO - Processing file /opt/airflow/dags/api/video_stats.py for tasks to queue
[2026-03-23T23:47:35.780+0000] {logging_mixin.py:188} INFO - [2026-03-23T23:47:35.778+0000] {dagbag.py:545} INFO - Filling up the DagBag from /opt/airflow/dags/api/video_stats.py
[2026-03-23T23:47:35.893+0000] {processor.py:842} WARNING - No viable dags retrieved from /opt/airflow/dags/api/video_stats.py
[2026-03-23T23:47:35.967+0000] {processor.py:183} INFO - Processing /opt/airflow/dags/api/video_stats.py took 0.235 seconds
[2026-03-23T23:48:06.173+0000] {processor.py:161} INFO - Started process (PID=1384) to work on /opt/airflow/dags/api/video_stats.py
[2026-03-23T23:48:06.176+0000] {processor.py:830} INFO - Processing file /opt/airflow/dags/api/video_stats.py for tasks to queue
[2026-03-23T23:48:06.179+0000] {logging_mixin.py:188} INFO - [2026-03-23T23:48:06.178+0000] {dagbag.py:545} INFO - Filling up the DagBag from /opt/airflow/dags/api/video_stats.py
[2026-03-23T23:48:06.237+0000] {processor.py:842} WARNING - No viable dags retrieved from /opt/airflow/dags/api/video_stats.py
[2026-03-23T23:48:06.269+0000] {processor.py:183} INFO - Processing /opt/airflow/dags/api/video_stats.py took 0.114 seconds
[2026-03-23T23:48:37.036+0000] {processor.py:161} INFO - Started process (PID=1392) to work on /opt/airflow/dags/api/video_stats.py
[2026-03-23T23:48:37.042+0000] {processor.py:830} INFO - Processing file /opt/airflow/dags/api/video_stats.py for tasks to queue
[2026-03-23T23:48:37.048+0000] {logging_mixin.py:188} INFO - [2026-03-23T23:48:37.046+0000] {dagbag.py:545} INFO - Filling up the DagBag from /opt/airflow/dags/api/video_stats.py
[2026-03-23T23:48:37.106+0000] {processor.py:842} WARNING - No viable dags retrieved from /opt/airflow/dags/api/video_stats.py
[2026-03-23T23:48:37.140+0000] {processor.py:183} INFO - Processing /opt/airflow/dags/api/video_stats.py took 0.144 seconds
[2026-03-23T23:49:07.415+0000] {processor.py:161} INFO - Started process (PID=1400) to work on /opt/airflow/dags/api/video_stats.py
[2026-03-23T23:49:07.421+0000] {processor.py:830} INFO - Processing file /opt/airflow/dags/api/video_stats.py for tasks to queue
[2026-03-23T23:49:07.427+0000] {logging_mixin.py:188} INFO - [2026-03-23T23:49:07.425+0000] {dagbag.py:545} INFO - Filling up the DagBag from /opt/airflow/dags/api/video_stats.py
[2026-03-23T23:49:07.539+0000] {processor.py:842} WARNING - No viable dags retrieved from /opt/airflow/dags/api/video_stats.py
[2026-03-23T23:49:07.632+0000] {processor.py:183} INFO - Processing /opt/airflow/dags/api/video_stats.py took 0.253 seconds
[2026-03-23T23:49:37.967+0000] {processor.py:161} INFO - Started process (PID=1408) to work on /opt/airflow/dags/api/video_stats.py
[2026-03-23T23:49:37.970+0000] {processor.py:830} INFO - Processing file /opt/airflow/dags/api/video_stats.py for tasks to queue
[2026-03-23T23:49:37.973+0000] {logging_mixin.py:188} INFO - [2026-03-23T23:49:37.972+0000] {dagbag.py:545} INFO - Filling up the DagBag from /opt/airflow/dags/api/video_stats.py
[2026-03-23T23:49:38.027+0000] {processor.py:842} WARNING - No viable dags retrieved from /opt/airflow/dags/api/video_stats.py
[2026-03-23T23:49:38.066+0000] {processor.py:183} INFO - Processing /opt/airflow/dags/api/video_stats.py took 0.120 seconds
[2026-03-23T23:50:08.297+0000] {processor.py:161} INFO - Started process (PID=1416) to work on /opt/airflow/dags/api/video_stats.py
[2026-03-23T23:50:08.301+0000] {processor.py:830} INFO - Processing file /opt/airflow/dags/api/video_stats.py for tasks to queue
[2026-03-23T23:50:08.304+0000] {logging_mixin.py:188} INFO - [2026-03-23T23:50:08.303+0000] {dagbag.py:545} INFO - Filling up the DagBag from /opt/airflow/dags/api/video_stats.py
[2026-03-23T23:50:08.365+0000] {processor.py:842} WARNING - No viable dags retrieved from /opt/airflow/dags/api/video_stats.py
[2026-03-23T23:50:08.403+0000] {processor.py:183} INFO - Processing /opt/airflow/dags/api/video_stats.py took 0.135 seconds
[2026-03-23T23:50:38.927+0000] {processor.py:161} INFO - Started process (PID=1424) to work on /opt/airflow/dags/api/video_stats.py
[2026-03-23T23:50:38.940+0000] {processor.py:830} INFO - Processing file /opt/airflow/dags/api/video_stats.py for tasks to queue
[2026-03-23T23:50:38.947+0000] {logging_mixin.py:188} INFO - [2026-03-23T23:50:38.945+0000] {dagbag.py:545} INFO - Filling up the DagBag from /opt/airflow/dags/api/video_stats.py
[2026-03-23T23:50:39.004+0000] {processor.py:842} WARNING - No viable dags retrieved from /opt/airflow/dags/api/video_stats.py
[2026-03-23T23:50:39.037+0000] {processor.py:183} INFO - Processing /opt/airflow/dags/api/video_stats.py took 0.170 seconds
[2026-03-23T23:51:09.495+0000] {processor.py:161} INFO - Started process (PID=1432) to work on /opt/airflow/dags/api/video_stats.py
[2026-03-23T23:51:09.498+0000] {processor.py:830} INFO - Processing file /opt/airflow/dags/api/video_stats.py for tasks to queue
[2026-03-23T23:51:09.501+0000] {logging_mixin.py:188} INFO - [2026-03-23T23:51:09.500+0000] {dagbag.py:545} INFO - Filling up the DagBag from /opt/airflow/dags/api/video_stats.py
[2026-03-23T23:51:09.542+0000] {processor.py:842} WARNING - No viable dags retrieved from /opt/airflow/dags/api/video_stats.py
[2026-03-23T23:51:09.572+0000] {processor.py:183} INFO - Processing /opt/airflow/dags/api/video_stats.py took 0.099 seconds
[2026-03-23T23:51:39.801+0000] {processor.py:161} INFO - Started process (PID=1440) to work on /opt/airflow/dags/api/video_stats.py
[2026-03-23T23:51:39.803+0000] {processor.py:830} INFO - Processing file /opt/airflow/dags/api/video_stats.py for tasks to queue
[2026-03-23T23:51:39.804+0000] {logging_mixin.py:188} INFO - [2026-03-23T23:51:39.804+0000] {dagbag.py:545} INFO - Filling up the DagBag from /opt/airflow/dags/api/video_stats.py
[2026-03-23T23:51:39.833+0000] {processor.py:842} WARNING - No viable dags retrieved from /opt/airflow/dags/api/video_stats.py
[2026-03-23T23:51:39.854+0000] {processor.py:183} INFO - Processing /opt/airflow/dags/api/video_stats.py took 0.065 seconds
[2026-03-23T23:52:10.692+0000] {processor.py:161} INFO - Started process (PID=1448) to work on /opt/airflow/dags/api/video_stats.py
[2026-03-23T23:52:10.700+0000] {processor.py:830} INFO - Processing file /opt/airflow/dags/api/video_stats.py for tasks to queue
[2026-03-23T23:52:10.707+0000] {logging_mixin.py:188} INFO - [2026-03-23T23:52:10.705+0000] {dagbag.py:545} INFO - Filling up the DagBag from /opt/airflow/dags/api/video_stats.py
[2026-03-23T23:52:10.825+0000] {processor.py:842} WARNING - No viable dags retrieved from /opt/airflow/dags/api/video_stats.py
[2026-03-23T23:52:10.905+0000] {processor.py:183} INFO - Processing /opt/airflow/dags/api/video_stats.py took 0.260 seconds
[2026-03-23T23:52:41.545+0000] {processor.py:161} INFO - Started process (PID=1456) to work on /opt/airflow/dags/api/video_stats.py
[2026-03-23T23:52:41.548+0000] {processor.py:830} INFO - Processing file /opt/airflow/dags/api/video_stats.py for tasks to queue
[2026-03-23T23:52:41.550+0000] {logging_mixin.py:188} INFO - [2026-03-23T23:52:41.549+0000] {dagbag.py:545} INFO - Filling up the DagBag from /opt/airflow/dags/api/video_stats.py
[2026-03-23T23:52:41.605+0000] {processor.py:842} WARNING - No viable dags retrieved from /opt/airflow/dags/api/video_stats.py
[2026-03-23T23:52:41.637+0000] {processor.py:183} INFO - Processing /opt/airflow/dags/api/video_stats.py took 0.108 seconds
[2026-03-23T23:53:12.110+0000] {processor.py:161} INFO - Started process (PID=1464) to work on /opt/airflow/dags/api/video_stats.py
[2026-03-23T23:53:12.113+0000] {processor.py:830} INFO - Processing file /opt/airflow/dags/api/video_stats.py for tasks to queue
[2026-03-23T23:53:12.115+0000] {logging_mixin.py:188} INFO - [2026-03-23T23:53:12.114+0000] {dagbag.py:545} INFO - Filling up the DagBag from /opt/airflow/dags/api/video_stats.py
[2026-03-23T23:53:12.165+0000] {processor.py:842} WARNING - No viable dags retrieved from /opt/airflow/dags/api/video_stats.py
[2026-03-23T23:53:12.201+0000] {processor.py:183} INFO - Processing /opt/airflow/dags/api/video_stats.py took 0.105 seconds
[2026-03-23T23:53:42.680+0000] {processor.py:161} INFO - Started process (PID=1472) to work on /opt/airflow/dags/api/video_stats.py
[2026-03-23T23:53:42.683+0000] {processor.py:830} INFO - Processing file /opt/airflow/dags/api/video_stats.py for tasks to queue
[2026-03-23T23:53:42.686+0000] {logging_mixin.py:188} INFO - [2026-03-23T23:53:42.685+0000] {dagbag.py:545} INFO - Filling up the DagBag from /opt/airflow/dags/api/video_stats.py
[2026-03-23T23:53:42.743+0000] {processor.py:842} WARNING - No viable dags retrieved from /opt/airflow/dags/api/video_stats.py
[2026-03-23T23:53:42.776+0000] {processor.py:183} INFO - Processing /opt/airflow/dags/api/video_stats.py took 0.115 seconds
[2026-03-23T23:54:13.366+0000] {processor.py:161} INFO - Started process (PID=1480) to work on /opt/airflow/dags/api/video_stats.py
[2026-03-23T23:54:13.369+0000] {processor.py:830} INFO - Processing file /opt/airflow/dags/api/video_stats.py for tasks to queue
[2026-03-23T23:54:13.372+0000] {logging_mixin.py:188} INFO - [2026-03-23T23:54:13.371+0000] {dagbag.py:545} INFO - Filling up the DagBag from /opt/airflow/dags/api/video_stats.py
[2026-03-23T23:54:13.429+0000] {processor.py:842} WARNING - No viable dags retrieved from /opt/airflow/dags/api/video_stats.py
[2026-03-23T23:54:13.467+0000] {processor.py:183} INFO - Processing /opt/airflow/dags/api/video_stats.py took 0.117 seconds
[2026-03-23T23:54:43.953+0000] {processor.py:161} INFO - Started process (PID=1488) to work on /opt/airflow/dags/api/video_stats.py
[2026-03-23T23:54:43.955+0000] {processor.py:830} INFO - Processing file /opt/airflow/dags/api/video_stats.py for tasks to queue
[2026-03-23T23:54:43.957+0000] {logging_mixin.py:188} INFO - [2026-03-23T23:54:43.957+0000] {dagbag.py:545} INFO - Filling up the DagBag from /opt/airflow/dags/api/video_stats.py
[2026-03-23T23:54:44.000+0000] {processor.py:842} WARNING - No viable dags retrieved from /opt/airflow/dags/api/video_stats.py
[2026-03-23T23:54:44.029+0000] {processor.py:183} INFO - Processing /opt/airflow/dags/api/video_stats.py took 0.091 seconds
[2026-03-23T23:55:14.528+0000] {processor.py:161} INFO - Started process (PID=1496) to work on /opt/airflow/dags/api/video_stats.py
[2026-03-23T23:55:14.532+0000] {processor.py:830} INFO - Processing file /opt/airflow/dags/api/video_stats.py for tasks to queue
[2026-03-23T23:55:14.535+0000] {logging_mixin.py:188} INFO - [2026-03-23T23:55:14.535+0000] {dagbag.py:545} INFO - Filling up the DagBag from /opt/airflow/dags/api/video_stats.py
[2026-03-23T23:55:14.596+0000] {processor.py:842} WARNING - No viable dags retrieved from /opt/airflow/dags/api/video_stats.py
[2026-03-23T23:55:14.635+0000] {processor.py:183} INFO - Processing /opt/airflow/dags/api/video_stats.py took 0.131 seconds
[2026-03-23T23:55:45.120+0000] {processor.py:161} INFO - Started process (PID=1504) to work on /opt/airflow/dags/api/video_stats.py
[2026-03-23T23:55:45.123+0000] {processor.py:830} INFO - Processing file /opt/airflow/dags/api/video_stats.py for tasks to queue
[2026-03-23T23:55:45.126+0000] {logging_mixin.py:188} INFO - [2026-03-23T23:55:45.125+0000] {dagbag.py:545} INFO - Filling up the DagBag from /opt/airflow/dags/api/video_stats.py
[2026-03-23T23:55:45.172+0000] {processor.py:842} WARNING - No viable dags retrieved from /opt/airflow/dags/api/video_stats.py
[2026-03-23T23:55:45.203+0000] {processor.py:183} INFO - Processing /opt/airflow/dags/api/video_stats.py took 0.101 seconds
[2026-03-23T23:56:15.856+0000] {processor.py:161} INFO - Started process (PID=1512) to work on /opt/airflow/dags/api/video_stats.py
[2026-03-23T23:56:15.860+0000] {processor.py:830} INFO - Processing file /opt/airflow/dags/api/video_stats.py for tasks to queue
[2026-03-23T23:56:15.864+0000] {logging_mixin.py:188} INFO - [2026-03-23T23:56:15.863+0000] {dagbag.py:545} INFO - Filling up the DagBag from /opt/airflow/dags/api/video_stats.py
[2026-03-23T23:56:15.910+0000] {processor.py:842} WARNING - No viable dags retrieved from /opt/airflow/dags/api/video_stats.py
[2026-03-23T23:56:15.951+0000] {processor.py:183} INFO - Processing /opt/airflow/dags/api/video_stats.py took 0.157 seconds
[2026-03-23T23:56:46.152+0000] {processor.py:161} INFO - Started process (PID=1526) to work on /opt/airflow/dags/api/video_stats.py
[2026-03-23T23:56:46.157+0000] {processor.py:830} INFO - Processing file /opt/airflow/dags/api/video_stats.py for tasks to queue
[2026-03-23T23:56:46.162+0000] {logging_mixin.py:188} INFO - [2026-03-23T23:56:46.161+0000] {dagbag.py:545} INFO - Filling up the DagBag from /opt/airflow/dags/api/video_stats.py
[2026-03-23T23:56:46.214+0000] {processor.py:842} WARNING - No viable dags retrieved from /opt/airflow/dags/api/video_stats.py
[2026-03-23T23:56:46.255+0000] {processor.py:183} INFO - Processing /opt/airflow/dags/api/video_stats.py took 0.133 seconds
[2026-03-23T23:57:16.952+0000] {processor.py:161} INFO - Started process (PID=1535) to work on /opt/airflow/dags/api/video_stats.py
[2026-03-23T23:57:16.956+0000] {processor.py:830} INFO - Processing file /opt/airflow/dags/api/video_stats.py for tasks to queue
[2026-03-23T23:57:16.959+0000] {logging_mixin.py:188} INFO - [2026-03-23T23:57:16.958+0000] {dagbag.py:545} INFO - Filling up the DagBag from /opt/airflow/dags/api/video_stats.py
[2026-03-23T23:57:17.025+0000] {processor.py:842} WARNING - No viable dags retrieved from /opt/airflow/dags/api/video_stats.py
[2026-03-23T23:57:17.058+0000] {processor.py:183} INFO - Processing /opt/airflow/dags/api/video_stats.py took 0.129 seconds
[2026-03-23T23:57:47.400+0000] {processor.py:161} INFO - Started process (PID=1543) to work on /opt/airflow/dags/api/video_stats.py
[2026-03-23T23:57:47.403+0000] {processor.py:830} INFO - Processing file /opt/airflow/dags/api/video_stats.py for tasks to queue
[2026-03-23T23:57:47.406+0000] {logging_mixin.py:188} INFO - [2026-03-23T23:57:47.406+0000] {dagbag.py:545} INFO - Filling up the DagBag from /opt/airflow/dags/api/video_stats.py
[2026-03-23T23:57:47.464+0000] {processor.py:842} WARNING - No viable dags retrieved from /opt/airflow/dags/api/video_stats.py
[2026-03-23T23:57:47.498+0000] {processor.py:183} INFO - Processing /opt/airflow/dags/api/video_stats.py took 0.118 seconds
[2026-03-23T23:58:18.112+0000] {processor.py:161} INFO - Started process (PID=1551) to work on /opt/airflow/dags/api/video_stats.py
[2026-03-23T23:58:18.115+0000] {processor.py:830} INFO - Processing file /opt/airflow/dags/api/video_stats.py for tasks to queue
[2026-03-23T23:58:18.117+0000] {logging_mixin.py:188} INFO - [2026-03-23T23:58:18.117+0000] {dagbag.py:545} INFO - Filling up the DagBag from /opt/airflow/dags/api/video_stats.py
[2026-03-23T23:58:18.176+0000] {processor.py:842} WARNING - No viable dags retrieved from /opt/airflow/dags/api/video_stats.py
[2026-03-23T23:58:18.281+0000] {processor.py:183} INFO - Processing /opt/airflow/dags/api/video_stats.py took 0.190 seconds
[2026-03-23T23:58:48.819+0000] {processor.py:161} INFO - Started process (PID=1559) to work on /opt/airflow/dags/api/video_stats.py
[2026-03-23T23:58:48.823+0000] {processor.py:830} INFO - Processing file /opt/airflow/dags/api/video_stats.py for tasks to queue
[2026-03-23T23:58:48.826+0000] {logging_mixin.py:188} INFO - [2026-03-23T23:58:48.825+0000] {dagbag.py:545} INFO - Filling up the DagBag from /opt/airflow/dags/api/video_stats.py
[2026-03-23T23:58:48.885+0000] {processor.py:842} WARNING - No viable dags retrieved from /opt/airflow/dags/api/video_stats.py
[2026-03-23T23:58:48.924+0000] {processor.py:183} INFO - Processing /opt/airflow/dags/api/video_stats.py took 0.128 seconds
[2026-03-23T23:59:19.441+0000] {processor.py:161} INFO - Started process (PID=1567) to work on /opt/airflow/dags/api/video_stats.py
[2026-03-23T23:59:19.443+0000] {processor.py:830} INFO - Processing file /opt/airflow/dags/api/video_stats.py for tasks to queue
[2026-03-23T23:59:19.444+0000] {logging_mixin.py:188} INFO - [2026-03-23T23:59:19.444+0000] {dagbag.py:545} INFO - Filling up the DagBag from /opt/airflow/dags/api/video_stats.py
[2026-03-23T23:59:19.464+0000] {processor.py:842} WARNING - No viable dags retrieved from /opt/airflow/dags/api/video_stats.py
[2026-03-23T23:59:19.482+0000] {processor.py:183} INFO - Processing /opt/airflow/dags/api/video_stats.py took 0.051 seconds
[2026-03-23T23:59:50.125+0000] {processor.py:161} INFO - Started process (PID=1575) to work on /opt/airflow/dags/api/video_stats.py
[2026-03-23T23:59:50.128+0000] {processor.py:830} INFO - Processing file /opt/airflow/dags/api/video_stats.py for tasks to queue
[2026-03-23T23:59:50.132+0000] {logging_mixin.py:188} INFO - [2026-03-23T23:59:50.130+0000] {dagbag.py:545} INFO - Filling up the DagBag from /opt/airflow/dags/api/video_stats.py
[2026-03-23T23:59:50.190+0000] {processor.py:842} WARNING - No viable dags retrieved from /opt/airflow/dags/api/video_stats.py
[2026-03-23T23:59:50.233+0000] {processor.py:183} INFO - Processing /opt/airflow/dags/api/video_stats.py took 0.134 seconds
