[2026-03-24T00:00:20.510+0000] {processor.py:161} INFO - Started process (PID=1583) to work on /opt/airflow/dags/api/video_stats.py
[2026-03-24T00:00:20.512+0000] {processor.py:830} INFO - Processing file /opt/airflow/dags/api/video_stats.py for tasks to queue
[2026-03-24T00:00:20.515+0000] {logging_mixin.py:188} INFO - [2026-03-24T00:00:20.514+0000] {dagbag.py:545} INFO - Filling up the DagBag from /opt/airflow/dags/api/video_stats.py
[2026-03-24T00:00:20.542+0000] {processor.py:842} WARNING - No viable dags retrieved from /opt/airflow/dags/api/video_stats.py
[2026-03-24T00:00:20.565+0000] {processor.py:183} INFO - Processing /opt/airflow/dags/api/video_stats.py took 0.067 seconds
[2026-03-24T00:00:51.058+0000] {processor.py:161} INFO - Started process (PID=1591) to work on /opt/airflow/dags/api/video_stats.py
[2026-03-24T00:00:51.063+0000] {processor.py:830} INFO - Processing file /opt/airflow/dags/api/video_stats.py for tasks to queue
[2026-03-24T00:00:51.066+0000] {logging_mixin.py:188} INFO - [2026-03-24T00:00:51.065+0000] {dagbag.py:545} INFO - Filling up the DagBag from /opt/airflow/dags/api/video_stats.py
[2026-03-24T00:00:51.120+0000] {processor.py:842} WARNING - No viable dags retrieved from /opt/airflow/dags/api/video_stats.py
[2026-03-24T00:00:51.160+0000] {processor.py:183} INFO - Processing /opt/airflow/dags/api/video_stats.py took 0.121 seconds
[2026-03-24T00:01:21.614+0000] {processor.py:161} INFO - Started process (PID=1599) to work on /opt/airflow/dags/api/video_stats.py
[2026-03-24T00:01:21.617+0000] {processor.py:830} INFO - Processing file /opt/airflow/dags/api/video_stats.py for tasks to queue
[2026-03-24T00:01:21.620+0000] {logging_mixin.py:188} INFO - [2026-03-24T00:01:21.619+0000] {dagbag.py:545} INFO - Filling up the DagBag from /opt/airflow/dags/api/video_stats.py
[2026-03-24T00:01:21.677+0000] {processor.py:842} WARNING - No viable dags retrieved from /opt/airflow/dags/api/video_stats.py
[2026-03-24T00:01:21.708+0000] {processor.py:183} INFO - Processing /opt/airflow/dags/api/video_stats.py took 0.110 seconds
[2026-03-24T00:01:52.184+0000] {processor.py:161} INFO - Started process (PID=1607) to work on /opt/airflow/dags/api/video_stats.py
[2026-03-24T00:01:52.187+0000] {processor.py:830} INFO - Processing file /opt/airflow/dags/api/video_stats.py for tasks to queue
[2026-03-24T00:01:52.191+0000] {logging_mixin.py:188} INFO - [2026-03-24T00:01:52.190+0000] {dagbag.py:545} INFO - Filling up the DagBag from /opt/airflow/dags/api/video_stats.py
[2026-03-24T00:01:52.243+0000] {processor.py:842} WARNING - No viable dags retrieved from /opt/airflow/dags/api/video_stats.py
[2026-03-24T00:01:52.289+0000] {processor.py:183} INFO - Processing /opt/airflow/dags/api/video_stats.py took 0.125 seconds
[2026-03-24T00:02:22.812+0000] {processor.py:161} INFO - Started process (PID=1615) to work on /opt/airflow/dags/api/video_stats.py
[2026-03-24T00:02:22.816+0000] {processor.py:830} INFO - Processing file /opt/airflow/dags/api/video_stats.py for tasks to queue
[2026-03-24T00:02:22.819+0000] {logging_mixin.py:188} INFO - [2026-03-24T00:02:22.818+0000] {dagbag.py:545} INFO - Filling up the DagBag from /opt/airflow/dags/api/video_stats.py
[2026-03-24T00:02:22.876+0000] {processor.py:842} WARNING - No viable dags retrieved from /opt/airflow/dags/api/video_stats.py
[2026-03-24T00:02:22.925+0000] {processor.py:183} INFO - Processing /opt/airflow/dags/api/video_stats.py took 0.133 seconds
[2026-03-24T00:02:53.443+0000] {processor.py:161} INFO - Started process (PID=1623) to work on /opt/airflow/dags/api/video_stats.py
[2026-03-24T00:02:53.447+0000] {processor.py:830} INFO - Processing file /opt/airflow/dags/api/video_stats.py for tasks to queue
[2026-03-24T00:02:53.450+0000] {logging_mixin.py:188} INFO - [2026-03-24T00:02:53.449+0000] {dagbag.py:545} INFO - Filling up the DagBag from /opt/airflow/dags/api/video_stats.py
[2026-03-24T00:02:53.494+0000] {processor.py:842} WARNING - No viable dags retrieved from /opt/airflow/dags/api/video_stats.py
[2026-03-24T00:02:53.520+0000] {processor.py:183} INFO - Processing /opt/airflow/dags/api/video_stats.py took 0.101 seconds
[2026-03-24T00:03:24.050+0000] {processor.py:161} INFO - Started process (PID=1631) to work on /opt/airflow/dags/api/video_stats.py
[2026-03-24T00:03:24.054+0000] {processor.py:830} INFO - Processing file /opt/airflow/dags/api/video_stats.py for tasks to queue
[2026-03-24T00:03:24.057+0000] {logging_mixin.py:188} INFO - [2026-03-24T00:03:24.056+0000] {dagbag.py:545} INFO - Filling up the DagBag from /opt/airflow/dags/api/video_stats.py
[2026-03-24T00:03:24.118+0000] {processor.py:842} WARNING - No viable dags retrieved from /opt/airflow/dags/api/video_stats.py
[2026-03-24T00:03:24.160+0000] {processor.py:183} INFO - Processing /opt/airflow/dags/api/video_stats.py took 0.133 seconds
[2026-03-24T00:03:54.792+0000] {processor.py:161} INFO - Started process (PID=1639) to work on /opt/airflow/dags/api/video_stats.py
[2026-03-24T00:03:54.795+0000] {processor.py:830} INFO - Processing file /opt/airflow/dags/api/video_stats.py for tasks to queue
[2026-03-24T00:03:54.798+0000] {logging_mixin.py:188} INFO - [2026-03-24T00:03:54.797+0000] {dagbag.py:545} INFO - Filling up the DagBag from /opt/airflow/dags/api/video_stats.py
[2026-03-24T00:03:54.860+0000] {processor.py:842} WARNING - No viable dags retrieved from /opt/airflow/dags/api/video_stats.py
[2026-03-24T00:03:54.904+0000] {processor.py:183} INFO - Processing /opt/airflow/dags/api/video_stats.py took 0.129 seconds
[2026-03-24T00:04:25.782+0000] {processor.py:161} INFO - Started process (PID=1647) to work on /opt/airflow/dags/api/video_stats.py
[2026-03-24T00:04:25.786+0000] {processor.py:830} INFO - Processing file /opt/airflow/dags/api/video_stats.py for tasks to queue
[2026-03-24T00:04:25.791+0000] {logging_mixin.py:188} INFO - [2026-03-24T00:04:25.790+0000] {dagbag.py:545} INFO - Filling up the DagBag from /opt/airflow/dags/api/video_stats.py
[2026-03-24T00:04:25.891+0000] {processor.py:842} WARNING - No viable dags retrieved from /opt/airflow/dags/api/video_stats.py
[2026-03-24T00:04:25.951+0000] {processor.py:183} INFO - Processing /opt/airflow/dags/api/video_stats.py took 0.198 seconds
[2026-03-24T00:04:56.621+0000] {processor.py:161} INFO - Started process (PID=1655) to work on /opt/airflow/dags/api/video_stats.py
[2026-03-24T00:04:56.627+0000] {processor.py:830} INFO - Processing file /opt/airflow/dags/api/video_stats.py for tasks to queue
[2026-03-24T00:04:56.632+0000] {logging_mixin.py:188} INFO - [2026-03-24T00:04:56.630+0000] {dagbag.py:545} INFO - Filling up the DagBag from /opt/airflow/dags/api/video_stats.py
[2026-03-24T00:04:56.729+0000] {processor.py:842} WARNING - No viable dags retrieved from /opt/airflow/dags/api/video_stats.py
[2026-03-24T00:04:56.794+0000] {processor.py:183} INFO - Processing /opt/airflow/dags/api/video_stats.py took 0.210 seconds
[2026-03-24T00:05:27.113+0000] {processor.py:161} INFO - Started process (PID=1663) to work on /opt/airflow/dags/api/video_stats.py
[2026-03-24T00:05:27.116+0000] {processor.py:830} INFO - Processing file /opt/airflow/dags/api/video_stats.py for tasks to queue
[2026-03-24T00:05:27.118+0000] {logging_mixin.py:188} INFO - [2026-03-24T00:05:27.118+0000] {dagbag.py:545} INFO - Filling up the DagBag from /opt/airflow/dags/api/video_stats.py
[2026-03-24T00:05:27.167+0000] {processor.py:842} WARNING - No viable dags retrieved from /opt/airflow/dags/api/video_stats.py
[2026-03-24T00:05:27.201+0000] {processor.py:183} INFO - Processing /opt/airflow/dags/api/video_stats.py took 0.101 seconds
[2026-03-24T00:05:57.945+0000] {processor.py:161} INFO - Started process (PID=1671) to work on /opt/airflow/dags/api/video_stats.py
[2026-03-24T00:05:57.952+0000] {processor.py:830} INFO - Processing file /opt/airflow/dags/api/video_stats.py for tasks to queue
[2026-03-24T00:05:57.959+0000] {logging_mixin.py:188} INFO - [2026-03-24T00:05:57.958+0000] {dagbag.py:545} INFO - Filling up the DagBag from /opt/airflow/dags/api/video_stats.py
[2026-03-24T00:05:58.050+0000] {processor.py:842} WARNING - No viable dags retrieved from /opt/airflow/dags/api/video_stats.py
[2026-03-24T00:05:58.113+0000] {processor.py:183} INFO - Processing /opt/airflow/dags/api/video_stats.py took 0.198 seconds
[2026-03-24T00:06:28.775+0000] {processor.py:161} INFO - Started process (PID=1680) to work on /opt/airflow/dags/api/video_stats.py
[2026-03-24T00:06:28.779+0000] {processor.py:830} INFO - Processing file /opt/airflow/dags/api/video_stats.py for tasks to queue
[2026-03-24T00:06:28.783+0000] {logging_mixin.py:188} INFO - [2026-03-24T00:06:28.782+0000] {dagbag.py:545} INFO - Filling up the DagBag from /opt/airflow/dags/api/video_stats.py
[2026-03-24T00:06:28.835+0000] {processor.py:842} WARNING - No viable dags retrieved from /opt/airflow/dags/api/video_stats.py
[2026-03-24T00:06:28.870+0000] {processor.py:183} INFO - Processing /opt/airflow/dags/api/video_stats.py took 0.147 seconds
[2026-03-24T00:06:59.014+0000] {processor.py:161} INFO - Started process (PID=1688) to work on /opt/airflow/dags/api/video_stats.py
[2026-03-24T00:06:59.017+0000] {processor.py:830} INFO - Processing file /opt/airflow/dags/api/video_stats.py for tasks to queue
[2026-03-24T00:06:59.020+0000] {logging_mixin.py:188} INFO - [2026-03-24T00:06:59.019+0000] {dagbag.py:545} INFO - Filling up the DagBag from /opt/airflow/dags/api/video_stats.py
[2026-03-24T00:06:59.076+0000] {processor.py:842} WARNING - No viable dags retrieved from /opt/airflow/dags/api/video_stats.py
[2026-03-24T00:06:59.121+0000] {processor.py:183} INFO - Processing /opt/airflow/dags/api/video_stats.py took 0.130 seconds
[2026-03-24T00:07:29.331+0000] {processor.py:161} INFO - Started process (PID=1696) to work on /opt/airflow/dags/api/video_stats.py
[2026-03-24T00:07:29.333+0000] {processor.py:830} INFO - Processing file /opt/airflow/dags/api/video_stats.py for tasks to queue
[2026-03-24T00:07:29.336+0000] {logging_mixin.py:188} INFO - [2026-03-24T00:07:29.335+0000] {dagbag.py:545} INFO - Filling up the DagBag from /opt/airflow/dags/api/video_stats.py
[2026-03-24T00:07:29.390+0000] {processor.py:842} WARNING - No viable dags retrieved from /opt/airflow/dags/api/video_stats.py
[2026-03-24T00:07:29.429+0000] {processor.py:183} INFO - Processing /opt/airflow/dags/api/video_stats.py took 0.111 seconds
[2026-03-24T00:08:00.158+0000] {processor.py:161} INFO - Started process (PID=1705) to work on /opt/airflow/dags/api/video_stats.py
[2026-03-24T00:08:00.162+0000] {processor.py:830} INFO - Processing file /opt/airflow/dags/api/video_stats.py for tasks to queue
[2026-03-24T00:08:00.167+0000] {logging_mixin.py:188} INFO - [2026-03-24T00:08:00.166+0000] {dagbag.py:545} INFO - Filling up the DagBag from /opt/airflow/dags/api/video_stats.py
[2026-03-24T00:08:00.255+0000] {processor.py:842} WARNING - No viable dags retrieved from /opt/airflow/dags/api/video_stats.py
[2026-03-24T00:08:00.321+0000] {processor.py:183} INFO - Processing /opt/airflow/dags/api/video_stats.py took 0.191 seconds
[2026-03-24T00:08:31.043+0000] {processor.py:161} INFO - Started process (PID=1713) to work on /opt/airflow/dags/api/video_stats.py
[2026-03-24T00:08:31.045+0000] {processor.py:830} INFO - Processing file /opt/airflow/dags/api/video_stats.py for tasks to queue
[2026-03-24T00:08:31.047+0000] {logging_mixin.py:188} INFO - [2026-03-24T00:08:31.046+0000] {dagbag.py:545} INFO - Filling up the DagBag from /opt/airflow/dags/api/video_stats.py
[2026-03-24T00:08:31.069+0000] {processor.py:842} WARNING - No viable dags retrieved from /opt/airflow/dags/api/video_stats.py
[2026-03-24T00:08:31.091+0000] {processor.py:183} INFO - Processing /opt/airflow/dags/api/video_stats.py took 0.070 seconds
[2026-03-24T00:09:01.731+0000] {processor.py:161} INFO - Started process (PID=1721) to work on /opt/airflow/dags/api/video_stats.py
[2026-03-24T00:09:01.735+0000] {processor.py:830} INFO - Processing file /opt/airflow/dags/api/video_stats.py for tasks to queue
[2026-03-24T00:09:01.739+0000] {logging_mixin.py:188} INFO - [2026-03-24T00:09:01.737+0000] {dagbag.py:545} INFO - Filling up the DagBag from /opt/airflow/dags/api/video_stats.py
[2026-03-24T00:09:01.793+0000] {processor.py:842} WARNING - No viable dags retrieved from /opt/airflow/dags/api/video_stats.py
[2026-03-24T00:09:01.844+0000] {processor.py:183} INFO - Processing /opt/airflow/dags/api/video_stats.py took 0.130 seconds
[2026-03-24T00:09:32.830+0000] {processor.py:161} INFO - Started process (PID=1729) to work on /opt/airflow/dags/api/video_stats.py
[2026-03-24T00:09:32.835+0000] {processor.py:830} INFO - Processing file /opt/airflow/dags/api/video_stats.py for tasks to queue
[2026-03-24T00:09:32.840+0000] {logging_mixin.py:188} INFO - [2026-03-24T00:09:32.838+0000] {dagbag.py:545} INFO - Filling up the DagBag from /opt/airflow/dags/api/video_stats.py
[2026-03-24T00:09:32.927+0000] {processor.py:842} WARNING - No viable dags retrieved from /opt/airflow/dags/api/video_stats.py
[2026-03-24T00:09:33.004+0000] {processor.py:183} INFO - Processing /opt/airflow/dags/api/video_stats.py took 0.203 seconds
[2026-03-24T00:10:03.886+0000] {processor.py:161} INFO - Started process (PID=1737) to work on /opt/airflow/dags/api/video_stats.py
[2026-03-24T00:10:03.892+0000] {processor.py:830} INFO - Processing file /opt/airflow/dags/api/video_stats.py for tasks to queue
[2026-03-24T00:10:03.898+0000] {logging_mixin.py:188} INFO - [2026-03-24T00:10:03.897+0000] {dagbag.py:545} INFO - Filling up the DagBag from /opt/airflow/dags/api/video_stats.py
[2026-03-24T00:10:03.993+0000] {processor.py:842} WARNING - No viable dags retrieved from /opt/airflow/dags/api/video_stats.py
[2026-03-24T00:10:04.073+0000] {processor.py:183} INFO - Processing /opt/airflow/dags/api/video_stats.py took 0.225 seconds
[2026-03-24T00:10:34.857+0000] {processor.py:161} INFO - Started process (PID=1745) to work on /opt/airflow/dags/api/video_stats.py
[2026-03-24T00:10:34.861+0000] {processor.py:830} INFO - Processing file /opt/airflow/dags/api/video_stats.py for tasks to queue
[2026-03-24T00:10:34.865+0000] {logging_mixin.py:188} INFO - [2026-03-24T00:10:34.864+0000] {dagbag.py:545} INFO - Filling up the DagBag from /opt/airflow/dags/api/video_stats.py
[2026-03-24T00:10:34.930+0000] {processor.py:842} WARNING - No viable dags retrieved from /opt/airflow/dags/api/video_stats.py
[2026-03-24T00:10:34.988+0000] {processor.py:183} INFO - Processing /opt/airflow/dags/api/video_stats.py took 0.166 seconds
[2026-03-24T00:11:05.707+0000] {processor.py:161} INFO - Started process (PID=1753) to work on /opt/airflow/dags/api/video_stats.py
[2026-03-24T00:11:05.710+0000] {processor.py:830} INFO - Processing file /opt/airflow/dags/api/video_stats.py for tasks to queue
[2026-03-24T00:11:05.712+0000] {logging_mixin.py:188} INFO - [2026-03-24T00:11:05.711+0000] {dagbag.py:545} INFO - Filling up the DagBag from /opt/airflow/dags/api/video_stats.py
[2026-03-24T00:11:05.743+0000] {processor.py:842} WARNING - No viable dags retrieved from /opt/airflow/dags/api/video_stats.py
[2026-03-24T00:11:05.771+0000] {processor.py:183} INFO - Processing /opt/airflow/dags/api/video_stats.py took 0.084 seconds
[2026-03-24T00:11:36.617+0000] {processor.py:161} INFO - Started process (PID=1761) to work on /opt/airflow/dags/api/video_stats.py
[2026-03-24T00:11:36.620+0000] {processor.py:830} INFO - Processing file /opt/airflow/dags/api/video_stats.py for tasks to queue
[2026-03-24T00:11:36.622+0000] {logging_mixin.py:188} INFO - [2026-03-24T00:11:36.621+0000] {dagbag.py:545} INFO - Filling up the DagBag from /opt/airflow/dags/api/video_stats.py
[2026-03-24T00:11:36.663+0000] {processor.py:842} WARNING - No viable dags retrieved from /opt/airflow/dags/api/video_stats.py
[2026-03-24T00:11:36.696+0000] {processor.py:183} INFO - Processing /opt/airflow/dags/api/video_stats.py took 0.091 seconds
[2026-03-24T00:12:07.574+0000] {processor.py:161} INFO - Started process (PID=1769) to work on /opt/airflow/dags/api/video_stats.py
[2026-03-24T00:12:07.581+0000] {processor.py:830} INFO - Processing file /opt/airflow/dags/api/video_stats.py for tasks to queue
[2026-03-24T00:12:07.587+0000] {logging_mixin.py:188} INFO - [2026-03-24T00:12:07.586+0000] {dagbag.py:545} INFO - Filling up the DagBag from /opt/airflow/dags/api/video_stats.py
[2026-03-24T00:12:07.685+0000] {processor.py:842} WARNING - No viable dags retrieved from /opt/airflow/dags/api/video_stats.py
[2026-03-24T00:12:07.771+0000] {processor.py:183} INFO - Processing /opt/airflow/dags/api/video_stats.py took 0.238 seconds
[2026-03-24T00:12:38.536+0000] {processor.py:161} INFO - Started process (PID=1777) to work on /opt/airflow/dags/api/video_stats.py
[2026-03-24T00:12:38.543+0000] {processor.py:830} INFO - Processing file /opt/airflow/dags/api/video_stats.py for tasks to queue
[2026-03-24T00:12:38.547+0000] {logging_mixin.py:188} INFO - [2026-03-24T00:12:38.546+0000] {dagbag.py:545} INFO - Filling up the DagBag from /opt/airflow/dags/api/video_stats.py
[2026-03-24T00:12:38.609+0000] {processor.py:842} WARNING - No viable dags retrieved from /opt/airflow/dags/api/video_stats.py
[2026-03-24T00:12:38.649+0000] {processor.py:183} INFO - Processing /opt/airflow/dags/api/video_stats.py took 0.151 seconds
[2026-03-24T00:13:09.480+0000] {processor.py:161} INFO - Started process (PID=1785) to work on /opt/airflow/dags/api/video_stats.py
[2026-03-24T00:13:09.485+0000] {processor.py:830} INFO - Processing file /opt/airflow/dags/api/video_stats.py for tasks to queue
[2026-03-24T00:13:09.491+0000] {logging_mixin.py:188} INFO - [2026-03-24T00:13:09.489+0000] {dagbag.py:545} INFO - Filling up the DagBag from /opt/airflow/dags/api/video_stats.py
[2026-03-24T00:13:09.596+0000] {processor.py:842} WARNING - No viable dags retrieved from /opt/airflow/dags/api/video_stats.py
[2026-03-24T00:13:09.690+0000] {processor.py:183} INFO - Processing /opt/airflow/dags/api/video_stats.py took 0.243 seconds
[2026-03-24T00:13:40.435+0000] {processor.py:161} INFO - Started process (PID=1793) to work on /opt/airflow/dags/api/video_stats.py
[2026-03-24T00:13:40.438+0000] {processor.py:830} INFO - Processing file /opt/airflow/dags/api/video_stats.py for tasks to queue
[2026-03-24T00:13:40.440+0000] {logging_mixin.py:188} INFO - [2026-03-24T00:13:40.439+0000] {dagbag.py:545} INFO - Filling up the DagBag from /opt/airflow/dags/api/video_stats.py
[2026-03-24T00:13:40.481+0000] {processor.py:842} WARNING - No viable dags retrieved from /opt/airflow/dags/api/video_stats.py
[2026-03-24T00:13:40.522+0000] {processor.py:183} INFO - Processing /opt/airflow/dags/api/video_stats.py took 0.107 seconds
[2026-03-24T00:14:11.057+0000] {processor.py:161} INFO - Started process (PID=1801) to work on /opt/airflow/dags/api/video_stats.py
[2026-03-24T00:14:11.059+0000] {processor.py:830} INFO - Processing file /opt/airflow/dags/api/video_stats.py for tasks to queue
[2026-03-24T00:14:11.061+0000] {logging_mixin.py:188} INFO - [2026-03-24T00:14:11.060+0000] {dagbag.py:545} INFO - Filling up the DagBag from /opt/airflow/dags/api/video_stats.py
[2026-03-24T00:14:11.090+0000] {processor.py:842} WARNING - No viable dags retrieved from /opt/airflow/dags/api/video_stats.py
[2026-03-24T00:14:11.118+0000] {processor.py:183} INFO - Processing /opt/airflow/dags/api/video_stats.py took 0.076 seconds
[2026-03-24T00:14:41.607+0000] {processor.py:161} INFO - Started process (PID=1809) to work on /opt/airflow/dags/api/video_stats.py
[2026-03-24T00:14:41.608+0000] {processor.py:830} INFO - Processing file /opt/airflow/dags/api/video_stats.py for tasks to queue
[2026-03-24T00:14:41.611+0000] {logging_mixin.py:188} INFO - [2026-03-24T00:14:41.610+0000] {dagbag.py:545} INFO - Filling up the DagBag from /opt/airflow/dags/api/video_stats.py
[2026-03-24T00:14:41.631+0000] {processor.py:842} WARNING - No viable dags retrieved from /opt/airflow/dags/api/video_stats.py
[2026-03-24T00:14:41.654+0000] {processor.py:183} INFO - Processing /opt/airflow/dags/api/video_stats.py took 0.057 seconds
[2026-03-24T00:15:12.199+0000] {processor.py:161} INFO - Started process (PID=1818) to work on /opt/airflow/dags/api/video_stats.py
[2026-03-24T00:15:12.201+0000] {processor.py:830} INFO - Processing file /opt/airflow/dags/api/video_stats.py for tasks to queue
[2026-03-24T00:15:12.204+0000] {logging_mixin.py:188} INFO - [2026-03-24T00:15:12.203+0000] {dagbag.py:545} INFO - Filling up the DagBag from /opt/airflow/dags/api/video_stats.py
[2026-03-24T00:15:12.240+0000] {processor.py:842} WARNING - No viable dags retrieved from /opt/airflow/dags/api/video_stats.py
[2026-03-24T00:15:12.265+0000] {processor.py:183} INFO - Processing /opt/airflow/dags/api/video_stats.py took 0.083 seconds
[2026-03-24T00:15:42.743+0000] {processor.py:161} INFO - Started process (PID=1826) to work on /opt/airflow/dags/api/video_stats.py
[2026-03-24T00:15:42.744+0000] {processor.py:830} INFO - Processing file /opt/airflow/dags/api/video_stats.py for tasks to queue
[2026-03-24T00:15:42.746+0000] {logging_mixin.py:188} INFO - [2026-03-24T00:15:42.746+0000] {dagbag.py:545} INFO - Filling up the DagBag from /opt/airflow/dags/api/video_stats.py
[2026-03-24T00:15:42.774+0000] {processor.py:842} WARNING - No viable dags retrieved from /opt/airflow/dags/api/video_stats.py
[2026-03-24T00:15:42.800+0000] {processor.py:183} INFO - Processing /opt/airflow/dags/api/video_stats.py took 0.068 seconds
[2026-03-24T00:16:13.274+0000] {processor.py:161} INFO - Started process (PID=1834) to work on /opt/airflow/dags/api/video_stats.py
[2026-03-24T00:16:13.285+0000] {processor.py:830} INFO - Processing file /opt/airflow/dags/api/video_stats.py for tasks to queue
[2026-03-24T00:16:13.287+0000] {logging_mixin.py:188} INFO - [2026-03-24T00:16:13.286+0000] {dagbag.py:545} INFO - Filling up the DagBag from /opt/airflow/dags/api/video_stats.py
[2026-03-24T00:16:13.318+0000] {processor.py:842} WARNING - No viable dags retrieved from /opt/airflow/dags/api/video_stats.py
[2026-03-24T00:16:13.338+0000] {processor.py:183} INFO - Processing /opt/airflow/dags/api/video_stats.py took 0.075 seconds
[2026-03-24T00:16:43.829+0000] {processor.py:161} INFO - Started process (PID=1842) to work on /opt/airflow/dags/api/video_stats.py
[2026-03-24T00:16:43.833+0000] {processor.py:830} INFO - Processing file /opt/airflow/dags/api/video_stats.py for tasks to queue
[2026-03-24T00:16:43.836+0000] {logging_mixin.py:188} INFO - [2026-03-24T00:16:43.835+0000] {dagbag.py:545} INFO - Filling up the DagBag from /opt/airflow/dags/api/video_stats.py
[2026-03-24T00:16:43.878+0000] {processor.py:842} WARNING - No viable dags retrieved from /opt/airflow/dags/api/video_stats.py
[2026-03-24T00:16:43.916+0000] {processor.py:183} INFO - Processing /opt/airflow/dags/api/video_stats.py took 0.105 seconds
[2026-03-24T00:17:14.401+0000] {processor.py:161} INFO - Started process (PID=1850) to work on /opt/airflow/dags/api/video_stats.py
[2026-03-24T00:17:14.403+0000] {processor.py:830} INFO - Processing file /opt/airflow/dags/api/video_stats.py for tasks to queue
[2026-03-24T00:17:14.405+0000] {logging_mixin.py:188} INFO - [2026-03-24T00:17:14.404+0000] {dagbag.py:545} INFO - Filling up the DagBag from /opt/airflow/dags/api/video_stats.py
[2026-03-24T00:17:14.426+0000] {processor.py:842} WARNING - No viable dags retrieved from /opt/airflow/dags/api/video_stats.py
[2026-03-24T00:17:14.448+0000] {processor.py:183} INFO - Processing /opt/airflow/dags/api/video_stats.py took 0.057 seconds
[2026-03-24T00:17:45.001+0000] {processor.py:161} INFO - Started process (PID=1858) to work on /opt/airflow/dags/api/video_stats.py
[2026-03-24T00:17:45.004+0000] {processor.py:830} INFO - Processing file /opt/airflow/dags/api/video_stats.py for tasks to queue
[2026-03-24T00:17:45.008+0000] {logging_mixin.py:188} INFO - [2026-03-24T00:17:45.006+0000] {dagbag.py:545} INFO - Filling up the DagBag from /opt/airflow/dags/api/video_stats.py
[2026-03-24T00:17:45.061+0000] {processor.py:842} WARNING - No viable dags retrieved from /opt/airflow/dags/api/video_stats.py
[2026-03-24T00:17:45.109+0000] {processor.py:183} INFO - Processing /opt/airflow/dags/api/video_stats.py took 0.127 seconds
[2026-03-24T00:18:15.904+0000] {processor.py:161} INFO - Started process (PID=1866) to work on /opt/airflow/dags/api/video_stats.py
[2026-03-24T00:18:15.911+0000] {processor.py:830} INFO - Processing file /opt/airflow/dags/api/video_stats.py for tasks to queue
[2026-03-24T00:18:15.918+0000] {logging_mixin.py:188} INFO - [2026-03-24T00:18:15.916+0000] {dagbag.py:545} INFO - Filling up the DagBag from /opt/airflow/dags/api/video_stats.py
[2026-03-24T00:18:16.019+0000] {processor.py:842} WARNING - No viable dags retrieved from /opt/airflow/dags/api/video_stats.py
[2026-03-24T00:18:16.117+0000] {processor.py:183} INFO - Processing /opt/airflow/dags/api/video_stats.py took 0.256 seconds
[2026-03-24T00:18:46.975+0000] {processor.py:161} INFO - Started process (PID=1874) to work on /opt/airflow/dags/api/video_stats.py
[2026-03-24T00:18:46.979+0000] {processor.py:830} INFO - Processing file /opt/airflow/dags/api/video_stats.py for tasks to queue
[2026-03-24T00:18:46.983+0000] {logging_mixin.py:188} INFO - [2026-03-24T00:18:46.982+0000] {dagbag.py:545} INFO - Filling up the DagBag from /opt/airflow/dags/api/video_stats.py
[2026-03-24T00:18:47.017+0000] {processor.py:842} WARNING - No viable dags retrieved from /opt/airflow/dags/api/video_stats.py
[2026-03-24T00:18:47.051+0000] {processor.py:183} INFO - Processing /opt/airflow/dags/api/video_stats.py took 0.101 seconds
[2026-03-24T00:19:18.047+0000] {processor.py:161} INFO - Started process (PID=1882) to work on /opt/airflow/dags/api/video_stats.py
[2026-03-24T00:19:18.049+0000] {processor.py:830} INFO - Processing file /opt/airflow/dags/api/video_stats.py for tasks to queue
[2026-03-24T00:19:18.052+0000] {logging_mixin.py:188} INFO - [2026-03-24T00:19:18.051+0000] {dagbag.py:545} INFO - Filling up the DagBag from /opt/airflow/dags/api/video_stats.py
[2026-03-24T00:19:18.105+0000] {processor.py:842} WARNING - No viable dags retrieved from /opt/airflow/dags/api/video_stats.py
[2026-03-24T00:19:18.151+0000] {processor.py:183} INFO - Processing /opt/airflow/dags/api/video_stats.py took 0.121 seconds
[2026-03-24T00:19:48.963+0000] {processor.py:161} INFO - Started process (PID=1890) to work on /opt/airflow/dags/api/video_stats.py
[2026-03-24T00:19:48.965+0000] {processor.py:830} INFO - Processing file /opt/airflow/dags/api/video_stats.py for tasks to queue
[2026-03-24T00:19:48.968+0000] {logging_mixin.py:188} INFO - [2026-03-24T00:19:48.967+0000] {dagbag.py:545} INFO - Filling up the DagBag from /opt/airflow/dags/api/video_stats.py
[2026-03-24T00:19:49.024+0000] {processor.py:842} WARNING - No viable dags retrieved from /opt/airflow/dags/api/video_stats.py
[2026-03-24T00:19:49.067+0000] {processor.py:183} INFO - Processing /opt/airflow/dags/api/video_stats.py took 0.121 seconds
[2026-03-24T00:20:19.935+0000] {processor.py:161} INFO - Started process (PID=1898) to work on /opt/airflow/dags/api/video_stats.py
[2026-03-24T00:20:19.941+0000] {processor.py:830} INFO - Processing file /opt/airflow/dags/api/video_stats.py for tasks to queue
[2026-03-24T00:20:19.951+0000] {logging_mixin.py:188} INFO - [2026-03-24T00:20:19.949+0000] {dagbag.py:545} INFO - Filling up the DagBag from /opt/airflow/dags/api/video_stats.py
[2026-03-24T00:20:20.073+0000] {processor.py:842} WARNING - No viable dags retrieved from /opt/airflow/dags/api/video_stats.py
[2026-03-24T00:20:20.149+0000] {processor.py:183} INFO - Processing /opt/airflow/dags/api/video_stats.py took 0.247 seconds
[2026-03-24T00:20:51.041+0000] {processor.py:161} INFO - Started process (PID=1906) to work on /opt/airflow/dags/api/video_stats.py
[2026-03-24T00:20:51.047+0000] {processor.py:830} INFO - Processing file /opt/airflow/dags/api/video_stats.py for tasks to queue
[2026-03-24T00:20:51.056+0000] {logging_mixin.py:188} INFO - [2026-03-24T00:20:51.054+0000] {dagbag.py:545} INFO - Filling up the DagBag from /opt/airflow/dags/api/video_stats.py
[2026-03-24T00:20:51.149+0000] {processor.py:842} WARNING - No viable dags retrieved from /opt/airflow/dags/api/video_stats.py
[2026-03-24T00:20:51.229+0000] {processor.py:183} INFO - Processing /opt/airflow/dags/api/video_stats.py took 0.227 seconds
[2026-03-24T00:21:21.970+0000] {processor.py:161} INFO - Started process (PID=1914) to work on /opt/airflow/dags/api/video_stats.py
[2026-03-24T00:21:21.975+0000] {processor.py:830} INFO - Processing file /opt/airflow/dags/api/video_stats.py for tasks to queue
[2026-03-24T00:21:21.986+0000] {logging_mixin.py:188} INFO - [2026-03-24T00:21:21.980+0000] {dagbag.py:545} INFO - Filling up the DagBag from /opt/airflow/dags/api/video_stats.py
[2026-03-24T00:21:22.029+0000] {processor.py:842} WARNING - No viable dags retrieved from /opt/airflow/dags/api/video_stats.py
[2026-03-24T00:21:22.084+0000] {processor.py:183} INFO - Processing /opt/airflow/dags/api/video_stats.py took 0.155 seconds
[2026-03-24T00:21:52.829+0000] {processor.py:161} INFO - Started process (PID=1922) to work on /opt/airflow/dags/api/video_stats.py
[2026-03-24T00:21:52.832+0000] {processor.py:830} INFO - Processing file /opt/airflow/dags/api/video_stats.py for tasks to queue
[2026-03-24T00:21:52.835+0000] {logging_mixin.py:188} INFO - [2026-03-24T00:21:52.834+0000] {dagbag.py:545} INFO - Filling up the DagBag from /opt/airflow/dags/api/video_stats.py
[2026-03-24T00:21:52.887+0000] {processor.py:842} WARNING - No viable dags retrieved from /opt/airflow/dags/api/video_stats.py
[2026-03-24T00:21:52.917+0000] {processor.py:183} INFO - Processing /opt/airflow/dags/api/video_stats.py took 0.105 seconds
[2026-03-24T00:22:23.715+0000] {processor.py:161} INFO - Started process (PID=1930) to work on /opt/airflow/dags/api/video_stats.py
[2026-03-24T00:22:23.718+0000] {processor.py:830} INFO - Processing file /opt/airflow/dags/api/video_stats.py for tasks to queue
[2026-03-24T00:22:23.722+0000] {logging_mixin.py:188} INFO - [2026-03-24T00:22:23.720+0000] {dagbag.py:545} INFO - Filling up the DagBag from /opt/airflow/dags/api/video_stats.py
[2026-03-24T00:22:23.760+0000] {processor.py:842} WARNING - No viable dags retrieved from /opt/airflow/dags/api/video_stats.py
[2026-03-24T00:22:23.807+0000] {processor.py:183} INFO - Processing /opt/airflow/dags/api/video_stats.py took 0.115 seconds
[2026-03-24T00:22:54.671+0000] {processor.py:161} INFO - Started process (PID=1938) to work on /opt/airflow/dags/api/video_stats.py
[2026-03-24T00:22:54.674+0000] {processor.py:830} INFO - Processing file /opt/airflow/dags/api/video_stats.py for tasks to queue
[2026-03-24T00:22:54.678+0000] {logging_mixin.py:188} INFO - [2026-03-24T00:22:54.677+0000] {dagbag.py:545} INFO - Filling up the DagBag from /opt/airflow/dags/api/video_stats.py
[2026-03-24T00:22:54.737+0000] {processor.py:842} WARNING - No viable dags retrieved from /opt/airflow/dags/api/video_stats.py
[2026-03-24T00:22:54.777+0000] {processor.py:183} INFO - Processing /opt/airflow/dags/api/video_stats.py took 0.129 seconds
[2026-03-24T00:23:25.476+0000] {processor.py:161} INFO - Started process (PID=1952) to work on /opt/airflow/dags/api/video_stats.py
[2026-03-24T00:23:25.479+0000] {processor.py:830} INFO - Processing file /opt/airflow/dags/api/video_stats.py for tasks to queue
[2026-03-24T00:23:25.483+0000] {logging_mixin.py:188} INFO - [2026-03-24T00:23:25.482+0000] {dagbag.py:545} INFO - Filling up the DagBag from /opt/airflow/dags/api/video_stats.py
[2026-03-24T00:23:25.542+0000] {processor.py:842} WARNING - No viable dags retrieved from /opt/airflow/dags/api/video_stats.py
[2026-03-24T00:23:25.605+0000] {processor.py:183} INFO - Processing /opt/airflow/dags/api/video_stats.py took 0.147 seconds
[2026-03-24T00:23:56.574+0000] {processor.py:161} INFO - Started process (PID=1960) to work on /opt/airflow/dags/api/video_stats.py
[2026-03-24T00:23:56.579+0000] {processor.py:830} INFO - Processing file /opt/airflow/dags/api/video_stats.py for tasks to queue
[2026-03-24T00:23:56.585+0000] {logging_mixin.py:188} INFO - [2026-03-24T00:23:56.583+0000] {dagbag.py:545} INFO - Filling up the DagBag from /opt/airflow/dags/api/video_stats.py
[2026-03-24T00:23:56.699+0000] {processor.py:842} WARNING - No viable dags retrieved from /opt/airflow/dags/api/video_stats.py
[2026-03-24T00:23:56.780+0000] {processor.py:183} INFO - Processing /opt/airflow/dags/api/video_stats.py took 0.245 seconds
[2026-03-24T00:24:27.940+0000] {processor.py:161} INFO - Started process (PID=1968) to work on /opt/airflow/dags/api/video_stats.py
[2026-03-24T00:24:27.946+0000] {processor.py:830} INFO - Processing file /opt/airflow/dags/api/video_stats.py for tasks to queue
[2026-03-24T00:24:27.952+0000] {logging_mixin.py:188} INFO - [2026-03-24T00:24:27.950+0000] {dagbag.py:545} INFO - Filling up the DagBag from /opt/airflow/dags/api/video_stats.py
[2026-03-24T00:24:28.060+0000] {processor.py:842} WARNING - No viable dags retrieved from /opt/airflow/dags/api/video_stats.py
[2026-03-24T00:24:28.136+0000] {processor.py:183} INFO - Processing /opt/airflow/dags/api/video_stats.py took 0.229 seconds
[2026-03-24T00:24:59.026+0000] {processor.py:161} INFO - Started process (PID=1976) to work on /opt/airflow/dags/api/video_stats.py
[2026-03-24T00:24:59.029+0000] {processor.py:830} INFO - Processing file /opt/airflow/dags/api/video_stats.py for tasks to queue
[2026-03-24T00:24:59.032+0000] {logging_mixin.py:188} INFO - [2026-03-24T00:24:59.031+0000] {dagbag.py:545} INFO - Filling up the DagBag from /opt/airflow/dags/api/video_stats.py
[2026-03-24T00:24:59.076+0000] {processor.py:842} WARNING - No viable dags retrieved from /opt/airflow/dags/api/video_stats.py
[2026-03-24T00:24:59.105+0000] {processor.py:183} INFO - Processing /opt/airflow/dags/api/video_stats.py took 0.098 seconds
[2026-03-24T00:25:29.906+0000] {processor.py:161} INFO - Started process (PID=1984) to work on /opt/airflow/dags/api/video_stats.py
[2026-03-24T00:25:29.909+0000] {processor.py:830} INFO - Processing file /opt/airflow/dags/api/video_stats.py for tasks to queue
[2026-03-24T00:25:29.911+0000] {logging_mixin.py:188} INFO - [2026-03-24T00:25:29.911+0000] {dagbag.py:545} INFO - Filling up the DagBag from /opt/airflow/dags/api/video_stats.py
[2026-03-24T00:25:29.948+0000] {processor.py:842} WARNING - No viable dags retrieved from /opt/airflow/dags/api/video_stats.py
[2026-03-24T00:25:29.983+0000] {processor.py:183} INFO - Processing /opt/airflow/dags/api/video_stats.py took 0.091 seconds
[2026-03-24T00:26:01.019+0000] {processor.py:161} INFO - Started process (PID=1992) to work on /opt/airflow/dags/api/video_stats.py
[2026-03-24T00:26:01.025+0000] {processor.py:830} INFO - Processing file /opt/airflow/dags/api/video_stats.py for tasks to queue
[2026-03-24T00:26:01.034+0000] {logging_mixin.py:188} INFO - [2026-03-24T00:26:01.033+0000] {dagbag.py:545} INFO - Filling up the DagBag from /opt/airflow/dags/api/video_stats.py
[2026-03-24T00:26:01.194+0000] {processor.py:842} WARNING - No viable dags retrieved from /opt/airflow/dags/api/video_stats.py
[2026-03-24T00:26:01.241+0000] {processor.py:183} INFO - Processing /opt/airflow/dags/api/video_stats.py took 0.246 seconds
[2026-03-24T00:26:31.946+0000] {processor.py:161} INFO - Started process (PID=2000) to work on /opt/airflow/dags/api/video_stats.py
[2026-03-24T00:26:31.949+0000] {processor.py:830} INFO - Processing file /opt/airflow/dags/api/video_stats.py for tasks to queue
[2026-03-24T00:26:31.952+0000] {logging_mixin.py:188} INFO - [2026-03-24T00:26:31.951+0000] {dagbag.py:545} INFO - Filling up the DagBag from /opt/airflow/dags/api/video_stats.py
[2026-03-24T00:26:32.009+0000] {processor.py:842} WARNING - No viable dags retrieved from /opt/airflow/dags/api/video_stats.py
[2026-03-24T00:26:32.055+0000] {processor.py:183} INFO - Processing /opt/airflow/dags/api/video_stats.py took 0.127 seconds
[2026-03-24T00:27:02.868+0000] {processor.py:161} INFO - Started process (PID=2008) to work on /opt/airflow/dags/api/video_stats.py
[2026-03-24T00:27:02.874+0000] {processor.py:830} INFO - Processing file /opt/airflow/dags/api/video_stats.py for tasks to queue
[2026-03-24T00:27:02.880+0000] {logging_mixin.py:188} INFO - [2026-03-24T00:27:02.878+0000] {dagbag.py:545} INFO - Filling up the DagBag from /opt/airflow/dags/api/video_stats.py
[2026-03-24T00:27:02.973+0000] {processor.py:842} WARNING - No viable dags retrieved from /opt/airflow/dags/api/video_stats.py
[2026-03-24T00:27:03.046+0000] {processor.py:183} INFO - Processing /opt/airflow/dags/api/video_stats.py took 0.214 seconds
[2026-03-24T00:27:33.941+0000] {processor.py:161} INFO - Started process (PID=2016) to work on /opt/airflow/dags/api/video_stats.py
[2026-03-24T00:27:33.944+0000] {processor.py:830} INFO - Processing file /opt/airflow/dags/api/video_stats.py for tasks to queue
[2026-03-24T00:27:33.948+0000] {logging_mixin.py:188} INFO - [2026-03-24T00:27:33.947+0000] {dagbag.py:545} INFO - Filling up the DagBag from /opt/airflow/dags/api/video_stats.py
[2026-03-24T00:27:33.989+0000] {processor.py:842} WARNING - No viable dags retrieved from /opt/airflow/dags/api/video_stats.py
[2026-03-24T00:27:34.016+0000] {processor.py:183} INFO - Processing /opt/airflow/dags/api/video_stats.py took 0.099 seconds
[2026-03-24T00:28:04.920+0000] {processor.py:161} INFO - Started process (PID=2024) to work on /opt/airflow/dags/api/video_stats.py
[2026-03-24T00:28:04.926+0000] {processor.py:830} INFO - Processing file /opt/airflow/dags/api/video_stats.py for tasks to queue
[2026-03-24T00:28:04.931+0000] {logging_mixin.py:188} INFO - [2026-03-24T00:28:04.929+0000] {dagbag.py:545} INFO - Filling up the DagBag from /opt/airflow/dags/api/video_stats.py
[2026-03-24T00:28:05.027+0000] {processor.py:842} WARNING - No viable dags retrieved from /opt/airflow/dags/api/video_stats.py
[2026-03-24T00:28:05.095+0000] {processor.py:183} INFO - Processing /opt/airflow/dags/api/video_stats.py took 0.204 seconds
[2026-03-24T00:28:36.091+0000] {processor.py:161} INFO - Started process (PID=2033) to work on /opt/airflow/dags/api/video_stats.py
[2026-03-24T00:28:36.097+0000] {processor.py:830} INFO - Processing file /opt/airflow/dags/api/video_stats.py for tasks to queue
[2026-03-24T00:28:36.103+0000] {logging_mixin.py:188} INFO - [2026-03-24T00:28:36.101+0000] {dagbag.py:545} INFO - Filling up the DagBag from /opt/airflow/dags/api/video_stats.py
[2026-03-24T00:28:36.216+0000] {processor.py:842} WARNING - No viable dags retrieved from /opt/airflow/dags/api/video_stats.py
[2026-03-24T00:28:36.294+0000] {processor.py:183} INFO - Processing /opt/airflow/dags/api/video_stats.py took 0.239 seconds
[2026-03-24T00:29:07.106+0000] {processor.py:161} INFO - Started process (PID=2041) to work on /opt/airflow/dags/api/video_stats.py
[2026-03-24T00:29:07.110+0000] {processor.py:830} INFO - Processing file /opt/airflow/dags/api/video_stats.py for tasks to queue
[2026-03-24T00:29:07.114+0000] {logging_mixin.py:188} INFO - [2026-03-24T00:29:07.113+0000] {dagbag.py:545} INFO - Filling up the DagBag from /opt/airflow/dags/api/video_stats.py
[2026-03-24T00:29:07.177+0000] {processor.py:842} WARNING - No viable dags retrieved from /opt/airflow/dags/api/video_stats.py
[2026-03-24T00:29:07.228+0000] {processor.py:183} INFO - Processing /opt/airflow/dags/api/video_stats.py took 0.153 seconds
[2026-03-24T00:29:37.466+0000] {processor.py:161} INFO - Started process (PID=2048) to work on /opt/airflow/dags/api/video_stats.py
[2026-03-24T00:29:37.472+0000] {processor.py:830} INFO - Processing file /opt/airflow/dags/api/video_stats.py for tasks to queue
[2026-03-24T00:29:37.479+0000] {logging_mixin.py:188} INFO - [2026-03-24T00:29:37.477+0000] {dagbag.py:545} INFO - Filling up the DagBag from /opt/airflow/dags/api/video_stats.py
[2026-03-24T00:29:37.605+0000] {processor.py:842} WARNING - No viable dags retrieved from /opt/airflow/dags/api/video_stats.py
[2026-03-24T00:29:37.676+0000] {processor.py:183} INFO - Processing /opt/airflow/dags/api/video_stats.py took 0.241 seconds
[2026-03-24T00:30:08.228+0000] {processor.py:161} INFO - Started process (PID=2056) to work on /opt/airflow/dags/api/video_stats.py
[2026-03-24T00:30:08.234+0000] {processor.py:830} INFO - Processing file /opt/airflow/dags/api/video_stats.py for tasks to queue
[2026-03-24T00:30:08.241+0000] {logging_mixin.py:188} INFO - [2026-03-24T00:30:08.239+0000] {dagbag.py:545} INFO - Filling up the DagBag from /opt/airflow/dags/api/video_stats.py
[2026-03-24T00:30:08.362+0000] {processor.py:842} WARNING - No viable dags retrieved from /opt/airflow/dags/api/video_stats.py
[2026-03-24T00:30:08.407+0000] {processor.py:183} INFO - Processing /opt/airflow/dags/api/video_stats.py took 0.222 seconds
[2026-03-24T00:30:39.318+0000] {processor.py:161} INFO - Started process (PID=2064) to work on /opt/airflow/dags/api/video_stats.py
[2026-03-24T00:30:39.324+0000] {processor.py:830} INFO - Processing file /opt/airflow/dags/api/video_stats.py for tasks to queue
[2026-03-24T00:30:39.330+0000] {logging_mixin.py:188} INFO - [2026-03-24T00:30:39.329+0000] {dagbag.py:545} INFO - Filling up the DagBag from /opt/airflow/dags/api/video_stats.py
[2026-03-24T00:30:39.455+0000] {processor.py:842} WARNING - No viable dags retrieved from /opt/airflow/dags/api/video_stats.py
[2026-03-24T00:30:39.526+0000] {processor.py:183} INFO - Processing /opt/airflow/dags/api/video_stats.py took 0.249 seconds
[2026-03-24T00:31:09.806+0000] {processor.py:161} INFO - Started process (PID=2073) to work on /opt/airflow/dags/api/video_stats.py
[2026-03-24T00:31:09.809+0000] {processor.py:830} INFO - Processing file /opt/airflow/dags/api/video_stats.py for tasks to queue
[2026-03-24T00:31:09.812+0000] {logging_mixin.py:188} INFO - [2026-03-24T00:31:09.811+0000] {dagbag.py:545} INFO - Filling up the DagBag from /opt/airflow/dags/api/video_stats.py
[2026-03-24T00:31:09.876+0000] {processor.py:842} WARNING - No viable dags retrieved from /opt/airflow/dags/api/video_stats.py
[2026-03-24T00:31:09.943+0000] {processor.py:183} INFO - Processing /opt/airflow/dags/api/video_stats.py took 0.172 seconds
[2026-03-24T00:31:40.195+0000] {processor.py:161} INFO - Started process (PID=2081) to work on /opt/airflow/dags/api/video_stats.py
[2026-03-24T00:31:40.210+0000] {processor.py:830} INFO - Processing file /opt/airflow/dags/api/video_stats.py for tasks to queue
[2026-03-24T00:31:40.216+0000] {logging_mixin.py:188} INFO - [2026-03-24T00:31:40.213+0000] {dagbag.py:545} INFO - Filling up the DagBag from /opt/airflow/dags/api/video_stats.py
[2026-03-24T00:31:40.304+0000] {processor.py:842} WARNING - No viable dags retrieved from /opt/airflow/dags/api/video_stats.py
[2026-03-24T00:31:40.353+0000] {processor.py:183} INFO - Processing /opt/airflow/dags/api/video_stats.py took 0.187 seconds
[2026-03-24T00:32:11.084+0000] {processor.py:161} INFO - Started process (PID=2089) to work on /opt/airflow/dags/api/video_stats.py
[2026-03-24T00:32:11.088+0000] {processor.py:830} INFO - Processing file /opt/airflow/dags/api/video_stats.py for tasks to queue
[2026-03-24T00:32:11.091+0000] {logging_mixin.py:188} INFO - [2026-03-24T00:32:11.090+0000] {dagbag.py:545} INFO - Filling up the DagBag from /opt/airflow/dags/api/video_stats.py
[2026-03-24T00:32:11.148+0000] {processor.py:842} WARNING - No viable dags retrieved from /opt/airflow/dags/api/video_stats.py
[2026-03-24T00:32:11.190+0000] {processor.py:183} INFO - Processing /opt/airflow/dags/api/video_stats.py took 0.128 seconds
[2026-03-24T00:32:42.107+0000] {processor.py:161} INFO - Started process (PID=2097) to work on /opt/airflow/dags/api/video_stats.py
[2026-03-24T00:32:42.113+0000] {processor.py:830} INFO - Processing file /opt/airflow/dags/api/video_stats.py for tasks to queue
[2026-03-24T00:32:42.119+0000] {logging_mixin.py:188} INFO - [2026-03-24T00:32:42.118+0000] {dagbag.py:545} INFO - Filling up the DagBag from /opt/airflow/dags/api/video_stats.py
[2026-03-24T00:32:42.254+0000] {processor.py:842} WARNING - No viable dags retrieved from /opt/airflow/dags/api/video_stats.py
[2026-03-24T00:32:42.327+0000] {processor.py:183} INFO - Processing /opt/airflow/dags/api/video_stats.py took 0.258 seconds
[2026-03-24T00:33:13.095+0000] {processor.py:161} INFO - Started process (PID=2105) to work on /opt/airflow/dags/api/video_stats.py
[2026-03-24T00:33:13.099+0000] {processor.py:830} INFO - Processing file /opt/airflow/dags/api/video_stats.py for tasks to queue
[2026-03-24T00:33:13.102+0000] {logging_mixin.py:188} INFO - [2026-03-24T00:33:13.101+0000] {dagbag.py:545} INFO - Filling up the DagBag from /opt/airflow/dags/api/video_stats.py
[2026-03-24T00:33:13.167+0000] {processor.py:842} WARNING - No viable dags retrieved from /opt/airflow/dags/api/video_stats.py
[2026-03-24T00:33:13.204+0000] {processor.py:183} INFO - Processing /opt/airflow/dags/api/video_stats.py took 0.130 seconds
[2026-03-24T00:33:43.470+0000] {processor.py:161} INFO - Started process (PID=2113) to work on /opt/airflow/dags/api/video_stats.py
[2026-03-24T00:33:43.476+0000] {processor.py:830} INFO - Processing file /opt/airflow/dags/api/video_stats.py for tasks to queue
[2026-03-24T00:33:43.481+0000] {logging_mixin.py:188} INFO - [2026-03-24T00:33:43.480+0000] {dagbag.py:545} INFO - Filling up the DagBag from /opt/airflow/dags/api/video_stats.py
[2026-03-24T00:33:43.593+0000] {processor.py:842} WARNING - No viable dags retrieved from /opt/airflow/dags/api/video_stats.py
[2026-03-24T00:33:43.663+0000] {processor.py:183} INFO - Processing /opt/airflow/dags/api/video_stats.py took 0.222 seconds
[2026-03-24T00:34:13.873+0000] {processor.py:161} INFO - Started process (PID=2121) to work on /opt/airflow/dags/api/video_stats.py
[2026-03-24T00:34:13.876+0000] {processor.py:830} INFO - Processing file /opt/airflow/dags/api/video_stats.py for tasks to queue
[2026-03-24T00:34:13.880+0000] {logging_mixin.py:188} INFO - [2026-03-24T00:34:13.879+0000] {dagbag.py:545} INFO - Filling up the DagBag from /opt/airflow/dags/api/video_stats.py
[2026-03-24T00:34:13.936+0000] {processor.py:842} WARNING - No viable dags retrieved from /opt/airflow/dags/api/video_stats.py
[2026-03-24T00:34:13.972+0000] {processor.py:183} INFO - Processing /opt/airflow/dags/api/video_stats.py took 0.125 seconds
[2026-03-24T00:34:44.886+0000] {processor.py:161} INFO - Started process (PID=2129) to work on /opt/airflow/dags/api/video_stats.py
[2026-03-24T00:34:44.894+0000] {processor.py:830} INFO - Processing file /opt/airflow/dags/api/video_stats.py for tasks to queue
[2026-03-24T00:34:44.902+0000] {logging_mixin.py:188} INFO - [2026-03-24T00:34:44.900+0000] {dagbag.py:545} INFO - Filling up the DagBag from /opt/airflow/dags/api/video_stats.py
[2026-03-24T00:34:45.031+0000] {processor.py:842} WARNING - No viable dags retrieved from /opt/airflow/dags/api/video_stats.py
[2026-03-24T00:34:45.104+0000] {processor.py:183} INFO - Processing /opt/airflow/dags/api/video_stats.py took 0.259 seconds
[2026-03-24T00:35:15.944+0000] {processor.py:161} INFO - Started process (PID=2137) to work on /opt/airflow/dags/api/video_stats.py
[2026-03-24T00:35:15.947+0000] {processor.py:830} INFO - Processing file /opt/airflow/dags/api/video_stats.py for tasks to queue
[2026-03-24T00:35:15.951+0000] {logging_mixin.py:188} INFO - [2026-03-24T00:35:15.950+0000] {dagbag.py:545} INFO - Filling up the DagBag from /opt/airflow/dags/api/video_stats.py
[2026-03-24T00:35:16.022+0000] {processor.py:842} WARNING - No viable dags retrieved from /opt/airflow/dags/api/video_stats.py
[2026-03-24T00:35:16.060+0000] {processor.py:183} INFO - Processing /opt/airflow/dags/api/video_stats.py took 0.141 seconds
[2026-03-24T00:35:46.860+0000] {processor.py:161} INFO - Started process (PID=2144) to work on /opt/airflow/dags/api/video_stats.py
[2026-03-24T00:35:46.867+0000] {processor.py:830} INFO - Processing file /opt/airflow/dags/api/video_stats.py for tasks to queue
[2026-03-24T00:35:46.873+0000] {logging_mixin.py:188} INFO - [2026-03-24T00:35:46.871+0000] {dagbag.py:545} INFO - Filling up the DagBag from /opt/airflow/dags/api/video_stats.py
[2026-03-24T00:35:47.001+0000] {processor.py:842} WARNING - No viable dags retrieved from /opt/airflow/dags/api/video_stats.py
[2026-03-24T00:35:47.075+0000] {processor.py:183} INFO - Processing /opt/airflow/dags/api/video_stats.py took 0.251 seconds
[2026-03-24T00:36:17.299+0000] {processor.py:161} INFO - Started process (PID=2152) to work on /opt/airflow/dags/api/video_stats.py
[2026-03-24T00:36:17.306+0000] {processor.py:830} INFO - Processing file /opt/airflow/dags/api/video_stats.py for tasks to queue
[2026-03-24T00:36:17.312+0000] {logging_mixin.py:188} INFO - [2026-03-24T00:36:17.310+0000] {dagbag.py:545} INFO - Filling up the DagBag from /opt/airflow/dags/api/video_stats.py
[2026-03-24T00:36:17.406+0000] {processor.py:842} WARNING - No viable dags retrieved from /opt/airflow/dags/api/video_stats.py
[2026-03-24T00:36:17.478+0000] {processor.py:183} INFO - Processing /opt/airflow/dags/api/video_stats.py took 0.215 seconds
[2026-03-24T00:36:47.947+0000] {processor.py:161} INFO - Started process (PID=2160) to work on /opt/airflow/dags/api/video_stats.py
[2026-03-24T00:36:47.952+0000] {processor.py:830} INFO - Processing file /opt/airflow/dags/api/video_stats.py for tasks to queue
[2026-03-24T00:36:47.956+0000] {logging_mixin.py:188} INFO - [2026-03-24T00:36:47.955+0000] {dagbag.py:545} INFO - Filling up the DagBag from /opt/airflow/dags/api/video_stats.py
[2026-03-24T00:36:48.024+0000] {processor.py:842} WARNING - No viable dags retrieved from /opt/airflow/dags/api/video_stats.py
[2026-03-24T00:36:48.072+0000] {processor.py:183} INFO - Processing /opt/airflow/dags/api/video_stats.py took 0.149 seconds
[2026-03-24T00:37:18.952+0000] {processor.py:161} INFO - Started process (PID=2168) to work on /opt/airflow/dags/api/video_stats.py
[2026-03-24T00:37:18.955+0000] {processor.py:830} INFO - Processing file /opt/airflow/dags/api/video_stats.py for tasks to queue
[2026-03-24T00:37:18.958+0000] {logging_mixin.py:188} INFO - [2026-03-24T00:37:18.957+0000] {dagbag.py:545} INFO - Filling up the DagBag from /opt/airflow/dags/api/video_stats.py
[2026-03-24T00:37:19.010+0000] {processor.py:842} WARNING - No viable dags retrieved from /opt/airflow/dags/api/video_stats.py
[2026-03-24T00:37:19.044+0000] {processor.py:183} INFO - Processing /opt/airflow/dags/api/video_stats.py took 0.111 seconds
[2026-03-24T00:37:49.174+0000] {processor.py:161} INFO - Started process (PID=2176) to work on /opt/airflow/dags/api/video_stats.py
[2026-03-24T00:37:49.178+0000] {processor.py:830} INFO - Processing file /opt/airflow/dags/api/video_stats.py for tasks to queue
[2026-03-24T00:37:49.181+0000] {logging_mixin.py:188} INFO - [2026-03-24T00:37:49.181+0000] {dagbag.py:545} INFO - Filling up the DagBag from /opt/airflow/dags/api/video_stats.py
[2026-03-24T00:37:49.249+0000] {processor.py:842} WARNING - No viable dags retrieved from /opt/airflow/dags/api/video_stats.py
[2026-03-24T00:37:49.287+0000] {processor.py:183} INFO - Processing /opt/airflow/dags/api/video_stats.py took 0.135 seconds
[2026-03-24T00:38:20.200+0000] {processor.py:161} INFO - Started process (PID=2184) to work on /opt/airflow/dags/api/video_stats.py
[2026-03-24T00:38:20.207+0000] {processor.py:830} INFO - Processing file /opt/airflow/dags/api/video_stats.py for tasks to queue
[2026-03-24T00:38:20.213+0000] {logging_mixin.py:188} INFO - [2026-03-24T00:38:20.212+0000] {dagbag.py:545} INFO - Filling up the DagBag from /opt/airflow/dags/api/video_stats.py
[2026-03-24T00:38:20.345+0000] {processor.py:842} WARNING - No viable dags retrieved from /opt/airflow/dags/api/video_stats.py
[2026-03-24T00:38:20.435+0000] {processor.py:183} INFO - Processing /opt/airflow/dags/api/video_stats.py took 0.274 seconds
[2026-03-24T00:38:50.680+0000] {processor.py:161} INFO - Started process (PID=2192) to work on /opt/airflow/dags/api/video_stats.py
[2026-03-24T00:38:50.683+0000] {processor.py:830} INFO - Processing file /opt/airflow/dags/api/video_stats.py for tasks to queue
[2026-03-24T00:38:50.687+0000] {logging_mixin.py:188} INFO - [2026-03-24T00:38:50.686+0000] {dagbag.py:545} INFO - Filling up the DagBag from /opt/airflow/dags/api/video_stats.py
[2026-03-24T00:38:50.736+0000] {processor.py:842} WARNING - No viable dags retrieved from /opt/airflow/dags/api/video_stats.py
[2026-03-24T00:38:50.772+0000] {processor.py:183} INFO - Processing /opt/airflow/dags/api/video_stats.py took 0.107 seconds
[2026-03-24T00:39:20.994+0000] {processor.py:161} INFO - Started process (PID=2200) to work on /opt/airflow/dags/api/video_stats.py
[2026-03-24T00:39:20.997+0000] {processor.py:830} INFO - Processing file /opt/airflow/dags/api/video_stats.py for tasks to queue
[2026-03-24T00:39:21.001+0000] {logging_mixin.py:188} INFO - [2026-03-24T00:39:21.000+0000] {dagbag.py:545} INFO - Filling up the DagBag from /opt/airflow/dags/api/video_stats.py
[2026-03-24T00:39:21.067+0000] {processor.py:842} WARNING - No viable dags retrieved from /opt/airflow/dags/api/video_stats.py
[2026-03-24T00:39:21.111+0000] {processor.py:183} INFO - Processing /opt/airflow/dags/api/video_stats.py took 0.135 seconds
[2026-03-24T00:39:51.581+0000] {processor.py:161} INFO - Started process (PID=2208) to work on /opt/airflow/dags/api/video_stats.py
[2026-03-24T00:39:51.589+0000] {processor.py:830} INFO - Processing file /opt/airflow/dags/api/video_stats.py for tasks to queue
[2026-03-24T00:39:51.596+0000] {logging_mixin.py:188} INFO - [2026-03-24T00:39:51.595+0000] {dagbag.py:545} INFO - Filling up the DagBag from /opt/airflow/dags/api/video_stats.py
[2026-03-24T00:39:51.651+0000] {processor.py:842} WARNING - No viable dags retrieved from /opt/airflow/dags/api/video_stats.py
[2026-03-24T00:39:51.684+0000] {processor.py:183} INFO - Processing /opt/airflow/dags/api/video_stats.py took 0.153 seconds
[2026-03-24T00:40:21.995+0000] {processor.py:161} INFO - Started process (PID=2216) to work on /opt/airflow/dags/api/video_stats.py
[2026-03-24T00:40:22.002+0000] {processor.py:830} INFO - Processing file /opt/airflow/dags/api/video_stats.py for tasks to queue
[2026-03-24T00:40:22.007+0000] {logging_mixin.py:188} INFO - [2026-03-24T00:40:22.006+0000] {dagbag.py:545} INFO - Filling up the DagBag from /opt/airflow/dags/api/video_stats.py
[2026-03-24T00:40:22.121+0000] {processor.py:842} WARNING - No viable dags retrieved from /opt/airflow/dags/api/video_stats.py
[2026-03-24T00:40:22.207+0000] {processor.py:183} INFO - Processing /opt/airflow/dags/api/video_stats.py took 0.245 seconds
[2026-03-24T00:40:52.514+0000] {processor.py:161} INFO - Started process (PID=2224) to work on /opt/airflow/dags/api/video_stats.py
[2026-03-24T00:40:52.521+0000] {processor.py:830} INFO - Processing file /opt/airflow/dags/api/video_stats.py for tasks to queue
[2026-03-24T00:40:52.527+0000] {logging_mixin.py:188} INFO - [2026-03-24T00:40:52.525+0000] {dagbag.py:545} INFO - Filling up the DagBag from /opt/airflow/dags/api/video_stats.py
[2026-03-24T00:40:52.674+0000] {processor.py:842} WARNING - No viable dags retrieved from /opt/airflow/dags/api/video_stats.py
[2026-03-24T00:40:52.785+0000] {processor.py:183} INFO - Processing /opt/airflow/dags/api/video_stats.py took 0.307 seconds
[2026-03-24T00:41:23.089+0000] {processor.py:161} INFO - Started process (PID=2232) to work on /opt/airflow/dags/api/video_stats.py
[2026-03-24T00:41:23.093+0000] {processor.py:830} INFO - Processing file /opt/airflow/dags/api/video_stats.py for tasks to queue
[2026-03-24T00:41:23.095+0000] {logging_mixin.py:188} INFO - [2026-03-24T00:41:23.095+0000] {dagbag.py:545} INFO - Filling up the DagBag from /opt/airflow/dags/api/video_stats.py
[2026-03-24T00:41:23.158+0000] {processor.py:842} WARNING - No viable dags retrieved from /opt/airflow/dags/api/video_stats.py
[2026-03-24T00:41:23.196+0000] {processor.py:183} INFO - Processing /opt/airflow/dags/api/video_stats.py took 0.125 seconds
[2026-03-24T00:41:53.409+0000] {processor.py:161} INFO - Started process (PID=2240) to work on /opt/airflow/dags/api/video_stats.py
[2026-03-24T00:41:53.412+0000] {processor.py:830} INFO - Processing file /opt/airflow/dags/api/video_stats.py for tasks to queue
[2026-03-24T00:41:53.414+0000] {logging_mixin.py:188} INFO - [2026-03-24T00:41:53.414+0000] {dagbag.py:545} INFO - Filling up the DagBag from /opt/airflow/dags/api/video_stats.py
[2026-03-24T00:41:53.451+0000] {processor.py:842} WARNING - No viable dags retrieved from /opt/airflow/dags/api/video_stats.py
[2026-03-24T00:41:53.477+0000] {processor.py:183} INFO - Processing /opt/airflow/dags/api/video_stats.py took 0.084 seconds
[2026-03-24T00:42:23.738+0000] {processor.py:161} INFO - Started process (PID=2248) to work on /opt/airflow/dags/api/video_stats.py
[2026-03-24T00:42:23.745+0000] {processor.py:830} INFO - Processing file /opt/airflow/dags/api/video_stats.py for tasks to queue
[2026-03-24T00:42:23.751+0000] {logging_mixin.py:188} INFO - [2026-03-24T00:42:23.750+0000] {dagbag.py:545} INFO - Filling up the DagBag from /opt/airflow/dags/api/video_stats.py
[2026-03-24T00:42:23.878+0000] {processor.py:842} WARNING - No viable dags retrieved from /opt/airflow/dags/api/video_stats.py
[2026-03-24T00:42:23.956+0000] {processor.py:183} INFO - Processing /opt/airflow/dags/api/video_stats.py took 0.254 seconds
[2026-03-24T00:42:54.429+0000] {processor.py:161} INFO - Started process (PID=2256) to work on /opt/airflow/dags/api/video_stats.py
[2026-03-24T00:42:54.434+0000] {processor.py:830} INFO - Processing file /opt/airflow/dags/api/video_stats.py for tasks to queue
[2026-03-24T00:42:54.440+0000] {logging_mixin.py:188} INFO - [2026-03-24T00:42:54.439+0000] {dagbag.py:545} INFO - Filling up the DagBag from /opt/airflow/dags/api/video_stats.py
[2026-03-24T00:42:54.570+0000] {processor.py:842} WARNING - No viable dags retrieved from /opt/airflow/dags/api/video_stats.py
[2026-03-24T00:42:54.643+0000] {processor.py:183} INFO - Processing /opt/airflow/dags/api/video_stats.py took 0.247 seconds
[2026-03-24T00:43:25.457+0000] {processor.py:161} INFO - Started process (PID=2264) to work on /opt/airflow/dags/api/video_stats.py
[2026-03-24T00:43:25.461+0000] {processor.py:830} INFO - Processing file /opt/airflow/dags/api/video_stats.py for tasks to queue
[2026-03-24T00:43:25.464+0000] {logging_mixin.py:188} INFO - [2026-03-24T00:43:25.463+0000] {dagbag.py:545} INFO - Filling up the DagBag from /opt/airflow/dags/api/video_stats.py
[2026-03-24T00:43:25.529+0000] {processor.py:842} WARNING - No viable dags retrieved from /opt/airflow/dags/api/video_stats.py
[2026-03-24T00:43:25.568+0000] {processor.py:183} INFO - Processing /opt/airflow/dags/api/video_stats.py took 0.131 seconds
[2026-03-24T00:43:56.388+0000] {processor.py:161} INFO - Started process (PID=2272) to work on /opt/airflow/dags/api/video_stats.py
[2026-03-24T00:43:56.396+0000] {processor.py:830} INFO - Processing file /opt/airflow/dags/api/video_stats.py for tasks to queue
[2026-03-24T00:43:56.402+0000] {logging_mixin.py:188} INFO - [2026-03-24T00:43:56.400+0000] {dagbag.py:545} INFO - Filling up the DagBag from /opt/airflow/dags/api/video_stats.py
[2026-03-24T00:43:56.512+0000] {processor.py:842} WARNING - No viable dags retrieved from /opt/airflow/dags/api/video_stats.py
[2026-03-24T00:43:56.572+0000] {processor.py:183} INFO - Processing /opt/airflow/dags/api/video_stats.py took 0.225 seconds
[2026-03-24T00:44:27.259+0000] {processor.py:161} INFO - Started process (PID=2280) to work on /opt/airflow/dags/api/video_stats.py
[2026-03-24T00:44:27.266+0000] {processor.py:830} INFO - Processing file /opt/airflow/dags/api/video_stats.py for tasks to queue
[2026-03-24T00:44:27.272+0000] {logging_mixin.py:188} INFO - [2026-03-24T00:44:27.270+0000] {dagbag.py:545} INFO - Filling up the DagBag from /opt/airflow/dags/api/video_stats.py
[2026-03-24T00:44:27.400+0000] {processor.py:842} WARNING - No viable dags retrieved from /opt/airflow/dags/api/video_stats.py
[2026-03-24T00:44:27.469+0000] {processor.py:183} INFO - Processing /opt/airflow/dags/api/video_stats.py took 0.244 seconds
[2026-03-24T00:44:57.938+0000] {processor.py:161} INFO - Started process (PID=2288) to work on /opt/airflow/dags/api/video_stats.py
[2026-03-24T00:44:57.943+0000] {processor.py:830} INFO - Processing file /opt/airflow/dags/api/video_stats.py for tasks to queue
[2026-03-24T00:44:57.948+0000] {logging_mixin.py:188} INFO - [2026-03-24T00:44:57.947+0000] {dagbag.py:545} INFO - Filling up the DagBag from /opt/airflow/dags/api/video_stats.py
[2026-03-24T00:44:58.062+0000] {processor.py:842} WARNING - No viable dags retrieved from /opt/airflow/dags/api/video_stats.py
[2026-03-24T00:44:58.128+0000] {processor.py:183} INFO - Processing /opt/airflow/dags/api/video_stats.py took 0.222 seconds
[2026-03-24T00:45:28.935+0000] {processor.py:161} INFO - Started process (PID=2296) to work on /opt/airflow/dags/api/video_stats.py
[2026-03-24T00:45:28.941+0000] {processor.py:830} INFO - Processing file /opt/airflow/dags/api/video_stats.py for tasks to queue
[2026-03-24T00:45:28.946+0000] {logging_mixin.py:188} INFO - [2026-03-24T00:45:28.945+0000] {dagbag.py:545} INFO - Filling up the DagBag from /opt/airflow/dags/api/video_stats.py
[2026-03-24T00:45:29.059+0000] {processor.py:842} WARNING - No viable dags retrieved from /opt/airflow/dags/api/video_stats.py
[2026-03-24T00:45:29.119+0000] {processor.py:183} INFO - Processing /opt/airflow/dags/api/video_stats.py took 0.213 seconds
[2026-03-24T00:46:00.016+0000] {processor.py:161} INFO - Started process (PID=2304) to work on /opt/airflow/dags/api/video_stats.py
[2026-03-24T00:46:00.023+0000] {processor.py:830} INFO - Processing file /opt/airflow/dags/api/video_stats.py for tasks to queue
[2026-03-24T00:46:00.029+0000] {logging_mixin.py:188} INFO - [2026-03-24T00:46:00.028+0000] {dagbag.py:545} INFO - Filling up the DagBag from /opt/airflow/dags/api/video_stats.py
[2026-03-24T00:46:00.135+0000] {processor.py:842} WARNING - No viable dags retrieved from /opt/airflow/dags/api/video_stats.py
[2026-03-24T00:46:00.177+0000] {processor.py:183} INFO - Processing /opt/airflow/dags/api/video_stats.py took 0.196 seconds
[2026-03-24T00:46:30.581+0000] {processor.py:161} INFO - Started process (PID=2312) to work on /opt/airflow/dags/api/video_stats.py
[2026-03-24T00:46:30.584+0000] {processor.py:830} INFO - Processing file /opt/airflow/dags/api/video_stats.py for tasks to queue
[2026-03-24T00:46:30.587+0000] {logging_mixin.py:188} INFO - [2026-03-24T00:46:30.586+0000] {dagbag.py:545} INFO - Filling up the DagBag from /opt/airflow/dags/api/video_stats.py
[2026-03-24T00:46:30.637+0000] {processor.py:842} WARNING - No viable dags retrieved from /opt/airflow/dags/api/video_stats.py
[2026-03-24T00:46:30.701+0000] {processor.py:183} INFO - Processing /opt/airflow/dags/api/video_stats.py took 0.134 seconds
[2026-03-24T00:47:01.624+0000] {processor.py:161} INFO - Started process (PID=2321) to work on /opt/airflow/dags/api/video_stats.py
[2026-03-24T00:47:01.630+0000] {processor.py:830} INFO - Processing file /opt/airflow/dags/api/video_stats.py for tasks to queue
[2026-03-24T00:47:01.636+0000] {logging_mixin.py:188} INFO - [2026-03-24T00:47:01.634+0000] {dagbag.py:545} INFO - Filling up the DagBag from /opt/airflow/dags/api/video_stats.py
[2026-03-24T00:47:01.749+0000] {processor.py:842} WARNING - No viable dags retrieved from /opt/airflow/dags/api/video_stats.py
[2026-03-24T00:47:01.810+0000] {processor.py:183} INFO - Processing /opt/airflow/dags/api/video_stats.py took 0.220 seconds
[2026-03-24T00:47:32.081+0000] {processor.py:161} INFO - Started process (PID=2329) to work on /opt/airflow/dags/api/video_stats.py
[2026-03-24T00:47:32.084+0000] {processor.py:830} INFO - Processing file /opt/airflow/dags/api/video_stats.py for tasks to queue
[2026-03-24T00:47:32.087+0000] {logging_mixin.py:188} INFO - [2026-03-24T00:47:32.086+0000] {dagbag.py:545} INFO - Filling up the DagBag from /opt/airflow/dags/api/video_stats.py
[2026-03-24T00:47:32.156+0000] {processor.py:842} WARNING - No viable dags retrieved from /opt/airflow/dags/api/video_stats.py
[2026-03-24T00:47:32.195+0000] {processor.py:183} INFO - Processing /opt/airflow/dags/api/video_stats.py took 0.136 seconds
[2026-03-24T00:48:02.947+0000] {processor.py:161} INFO - Started process (PID=2337) to work on /opt/airflow/dags/api/video_stats.py
[2026-03-24T00:48:02.950+0000] {processor.py:830} INFO - Processing file /opt/airflow/dags/api/video_stats.py for tasks to queue
[2026-03-24T00:48:02.953+0000] {logging_mixin.py:188} INFO - [2026-03-24T00:48:02.952+0000] {dagbag.py:545} INFO - Filling up the DagBag from /opt/airflow/dags/api/video_stats.py
[2026-03-24T00:48:03.017+0000] {processor.py:842} WARNING - No viable dags retrieved from /opt/airflow/dags/api/video_stats.py
[2026-03-24T00:48:03.066+0000] {processor.py:183} INFO - Processing /opt/airflow/dags/api/video_stats.py took 0.137 seconds
[2026-03-24T00:48:33.939+0000] {processor.py:161} INFO - Started process (PID=2346) to work on /opt/airflow/dags/api/video_stats.py
[2026-03-24T00:48:33.946+0000] {processor.py:830} INFO - Processing file /opt/airflow/dags/api/video_stats.py for tasks to queue
[2026-03-24T00:48:33.952+0000] {logging_mixin.py:188} INFO - [2026-03-24T00:48:33.950+0000] {dagbag.py:545} INFO - Filling up the DagBag from /opt/airflow/dags/api/video_stats.py
[2026-03-24T00:48:34.068+0000] {processor.py:842} WARNING - No viable dags retrieved from /opt/airflow/dags/api/video_stats.py
[2026-03-24T00:48:34.139+0000] {processor.py:183} INFO - Processing /opt/airflow/dags/api/video_stats.py took 0.236 seconds
[2026-03-24T00:49:04.988+0000] {processor.py:161} INFO - Started process (PID=2354) to work on /opt/airflow/dags/api/video_stats.py
[2026-03-24T00:49:04.991+0000] {processor.py:830} INFO - Processing file /opt/airflow/dags/api/video_stats.py for tasks to queue
[2026-03-24T00:49:04.994+0000] {logging_mixin.py:188} INFO - [2026-03-24T00:49:04.993+0000] {dagbag.py:545} INFO - Filling up the DagBag from /opt/airflow/dags/api/video_stats.py
[2026-03-24T00:49:05.060+0000] {processor.py:842} WARNING - No viable dags retrieved from /opt/airflow/dags/api/video_stats.py
[2026-03-24T00:49:05.099+0000] {processor.py:183} INFO - Processing /opt/airflow/dags/api/video_stats.py took 0.134 seconds
[2026-03-24T00:49:35.451+0000] {processor.py:161} INFO - Started process (PID=2362) to work on /opt/airflow/dags/api/video_stats.py
[2026-03-24T00:49:35.460+0000] {processor.py:830} INFO - Processing file /opt/airflow/dags/api/video_stats.py for tasks to queue
[2026-03-24T00:49:35.466+0000] {logging_mixin.py:188} INFO - [2026-03-24T00:49:35.465+0000] {dagbag.py:545} INFO - Filling up the DagBag from /opt/airflow/dags/api/video_stats.py
[2026-03-24T00:49:35.599+0000] {processor.py:842} WARNING - No viable dags retrieved from /opt/airflow/dags/api/video_stats.py
[2026-03-24T00:49:35.682+0000] {processor.py:183} INFO - Processing /opt/airflow/dags/api/video_stats.py took 0.271 seconds
[2026-03-24T00:50:06.066+0000] {processor.py:161} INFO - Started process (PID=2371) to work on /opt/airflow/dags/api/video_stats.py
[2026-03-24T00:50:06.070+0000] {processor.py:830} INFO - Processing file /opt/airflow/dags/api/video_stats.py for tasks to queue
[2026-03-24T00:50:06.074+0000] {logging_mixin.py:188} INFO - [2026-03-24T00:50:06.073+0000] {dagbag.py:545} INFO - Filling up the DagBag from /opt/airflow/dags/api/video_stats.py
[2026-03-24T00:50:06.140+0000] {processor.py:842} WARNING - No viable dags retrieved from /opt/airflow/dags/api/video_stats.py
[2026-03-24T00:50:06.176+0000] {processor.py:183} INFO - Processing /opt/airflow/dags/api/video_stats.py took 0.133 seconds
[2026-03-24T00:50:36.807+0000] {processor.py:161} INFO - Started process (PID=2385) to work on /opt/airflow/dags/api/video_stats.py
[2026-03-24T00:50:36.815+0000] {processor.py:830} INFO - Processing file /opt/airflow/dags/api/video_stats.py for tasks to queue
[2026-03-24T00:50:36.822+0000] {logging_mixin.py:188} INFO - [2026-03-24T00:50:36.820+0000] {dagbag.py:545} INFO - Filling up the DagBag from /opt/airflow/dags/api/video_stats.py
[2026-03-24T00:50:36.948+0000] {processor.py:842} WARNING - No viable dags retrieved from /opt/airflow/dags/api/video_stats.py
[2026-03-24T00:50:37.019+0000] {processor.py:183} INFO - Processing /opt/airflow/dags/api/video_stats.py took 0.260 seconds
[2026-03-24T00:51:07.359+0000] {processor.py:161} INFO - Started process (PID=2393) to work on /opt/airflow/dags/api/video_stats.py
[2026-03-24T00:51:07.361+0000] {processor.py:830} INFO - Processing file /opt/airflow/dags/api/video_stats.py for tasks to queue
[2026-03-24T00:51:07.364+0000] {logging_mixin.py:188} INFO - [2026-03-24T00:51:07.363+0000] {dagbag.py:545} INFO - Filling up the DagBag from /opt/airflow/dags/api/video_stats.py
[2026-03-24T00:51:07.402+0000] {processor.py:842} WARNING - No viable dags retrieved from /opt/airflow/dags/api/video_stats.py
[2026-03-24T00:51:07.428+0000] {processor.py:183} INFO - Processing /opt/airflow/dags/api/video_stats.py took 0.087 seconds
[2026-03-24T00:51:37.668+0000] {processor.py:161} INFO - Started process (PID=2401) to work on /opt/airflow/dags/api/video_stats.py
[2026-03-24T00:51:37.674+0000] {processor.py:830} INFO - Processing file /opt/airflow/dags/api/video_stats.py for tasks to queue
[2026-03-24T00:51:37.680+0000] {logging_mixin.py:188} INFO - [2026-03-24T00:51:37.678+0000] {dagbag.py:545} INFO - Filling up the DagBag from /opt/airflow/dags/api/video_stats.py
[2026-03-24T00:51:37.807+0000] {processor.py:842} WARNING - No viable dags retrieved from /opt/airflow/dags/api/video_stats.py
[2026-03-24T00:51:37.898+0000] {processor.py:183} INFO - Processing /opt/airflow/dags/api/video_stats.py took 0.269 seconds
[2026-03-24T00:52:08.257+0000] {processor.py:161} INFO - Started process (PID=2409) to work on /opt/airflow/dags/api/video_stats.py
[2026-03-24T00:52:08.260+0000] {processor.py:830} INFO - Processing file /opt/airflow/dags/api/video_stats.py for tasks to queue
[2026-03-24T00:52:08.263+0000] {logging_mixin.py:188} INFO - [2026-03-24T00:52:08.262+0000] {dagbag.py:545} INFO - Filling up the DagBag from /opt/airflow/dags/api/video_stats.py
[2026-03-24T00:52:08.331+0000] {processor.py:842} WARNING - No viable dags retrieved from /opt/airflow/dags/api/video_stats.py
[2026-03-24T00:52:08.370+0000] {processor.py:183} INFO - Processing /opt/airflow/dags/api/video_stats.py took 0.131 seconds
[2026-03-24T00:52:38.958+0000] {processor.py:161} INFO - Started process (PID=2417) to work on /opt/airflow/dags/api/video_stats.py
[2026-03-24T00:52:38.963+0000] {processor.py:830} INFO - Processing file /opt/airflow/dags/api/video_stats.py for tasks to queue
[2026-03-24T00:52:38.967+0000] {logging_mixin.py:188} INFO - [2026-03-24T00:52:38.966+0000] {dagbag.py:545} INFO - Filling up the DagBag from /opt/airflow/dags/api/video_stats.py
[2026-03-24T00:52:39.050+0000] {processor.py:842} WARNING - No viable dags retrieved from /opt/airflow/dags/api/video_stats.py
[2026-03-24T00:52:39.095+0000] {processor.py:183} INFO - Processing /opt/airflow/dags/api/video_stats.py took 0.180 seconds
[2026-03-24T00:53:09.591+0000] {processor.py:161} INFO - Started process (PID=2425) to work on /opt/airflow/dags/api/video_stats.py
[2026-03-24T00:53:09.597+0000] {processor.py:830} INFO - Processing file /opt/airflow/dags/api/video_stats.py for tasks to queue
[2026-03-24T00:53:09.603+0000] {logging_mixin.py:188} INFO - [2026-03-24T00:53:09.601+0000] {dagbag.py:545} INFO - Filling up the DagBag from /opt/airflow/dags/api/video_stats.py
[2026-03-24T00:53:09.713+0000] {processor.py:842} WARNING - No viable dags retrieved from /opt/airflow/dags/api/video_stats.py
[2026-03-24T00:53:09.784+0000] {processor.py:183} INFO - Processing /opt/airflow/dags/api/video_stats.py took 0.225 seconds
[2026-03-24T00:53:40.546+0000] {processor.py:161} INFO - Started process (PID=2433) to work on /opt/airflow/dags/api/video_stats.py
[2026-03-24T00:53:40.550+0000] {processor.py:830} INFO - Processing file /opt/airflow/dags/api/video_stats.py for tasks to queue
[2026-03-24T00:53:40.553+0000] {logging_mixin.py:188} INFO - [2026-03-24T00:53:40.552+0000] {dagbag.py:545} INFO - Filling up the DagBag from /opt/airflow/dags/api/video_stats.py
[2026-03-24T00:53:40.609+0000] {processor.py:842} WARNING - No viable dags retrieved from /opt/airflow/dags/api/video_stats.py
[2026-03-24T00:53:40.642+0000] {processor.py:183} INFO - Processing /opt/airflow/dags/api/video_stats.py took 0.112 seconds
[2026-03-24T00:54:11.518+0000] {processor.py:161} INFO - Started process (PID=2441) to work on /opt/airflow/dags/api/video_stats.py
[2026-03-24T00:54:11.520+0000] {processor.py:830} INFO - Processing file /opt/airflow/dags/api/video_stats.py for tasks to queue
[2026-03-24T00:54:11.522+0000] {logging_mixin.py:188} INFO - [2026-03-24T00:54:11.522+0000] {dagbag.py:545} INFO - Filling up the DagBag from /opt/airflow/dags/api/video_stats.py
[2026-03-24T00:54:11.563+0000] {processor.py:842} WARNING - No viable dags retrieved from /opt/airflow/dags/api/video_stats.py
[2026-03-24T00:54:11.592+0000] {processor.py:183} INFO - Processing /opt/airflow/dags/api/video_stats.py took 0.089 seconds
[2026-03-24T00:54:42.452+0000] {processor.py:161} INFO - Started process (PID=2449) to work on /opt/airflow/dags/api/video_stats.py
[2026-03-24T00:54:42.459+0000] {processor.py:830} INFO - Processing file /opt/airflow/dags/api/video_stats.py for tasks to queue
[2026-03-24T00:54:42.465+0000] {logging_mixin.py:188} INFO - [2026-03-24T00:54:42.463+0000] {dagbag.py:545} INFO - Filling up the DagBag from /opt/airflow/dags/api/video_stats.py
[2026-03-24T00:54:42.606+0000] {processor.py:842} WARNING - No viable dags retrieved from /opt/airflow/dags/api/video_stats.py
[2026-03-24T00:54:42.680+0000] {processor.py:183} INFO - Processing /opt/airflow/dags/api/video_stats.py took 0.272 seconds
[2026-03-24T00:55:13.061+0000] {processor.py:161} INFO - Started process (PID=2457) to work on /opt/airflow/dags/api/video_stats.py
[2026-03-24T00:55:13.064+0000] {processor.py:830} INFO - Processing file /opt/airflow/dags/api/video_stats.py for tasks to queue
[2026-03-24T00:55:13.067+0000] {logging_mixin.py:188} INFO - [2026-03-24T00:55:13.067+0000] {dagbag.py:545} INFO - Filling up the DagBag from /opt/airflow/dags/api/video_stats.py
[2026-03-24T00:55:13.115+0000] {processor.py:842} WARNING - No viable dags retrieved from /opt/airflow/dags/api/video_stats.py
[2026-03-24T00:55:13.154+0000] {processor.py:183} INFO - Processing /opt/airflow/dags/api/video_stats.py took 0.113 seconds
[2026-03-24T00:55:43.885+0000] {processor.py:161} INFO - Started process (PID=2466) to work on /opt/airflow/dags/api/video_stats.py
[2026-03-24T00:55:43.887+0000] {processor.py:830} INFO - Processing file /opt/airflow/dags/api/video_stats.py for tasks to queue
[2026-03-24T00:55:43.889+0000] {logging_mixin.py:188} INFO - [2026-03-24T00:55:43.888+0000] {dagbag.py:545} INFO - Filling up the DagBag from /opt/airflow/dags/api/video_stats.py
[2026-03-24T00:55:43.920+0000] {processor.py:842} WARNING - No viable dags retrieved from /opt/airflow/dags/api/video_stats.py
[2026-03-24T00:55:43.941+0000] {processor.py:183} INFO - Processing /opt/airflow/dags/api/video_stats.py took 0.069 seconds
[2026-03-24T00:56:14.803+0000] {processor.py:161} INFO - Started process (PID=2474) to work on /opt/airflow/dags/api/video_stats.py
[2026-03-24T00:56:14.807+0000] {processor.py:830} INFO - Processing file /opt/airflow/dags/api/video_stats.py for tasks to queue
[2026-03-24T00:56:14.810+0000] {logging_mixin.py:188} INFO - [2026-03-24T00:56:14.809+0000] {dagbag.py:545} INFO - Filling up the DagBag from /opt/airflow/dags/api/video_stats.py
[2026-03-24T00:56:14.861+0000] {processor.py:842} WARNING - No viable dags retrieved from /opt/airflow/dags/api/video_stats.py
[2026-03-24T00:56:14.902+0000] {processor.py:183} INFO - Processing /opt/airflow/dags/api/video_stats.py took 0.123 seconds
[2026-03-24T00:56:45.230+0000] {processor.py:161} INFO - Started process (PID=2482) to work on /opt/airflow/dags/api/video_stats.py
[2026-03-24T00:56:45.233+0000] {processor.py:830} INFO - Processing file /opt/airflow/dags/api/video_stats.py for tasks to queue
[2026-03-24T00:56:45.237+0000] {logging_mixin.py:188} INFO - [2026-03-24T00:56:45.236+0000] {dagbag.py:545} INFO - Filling up the DagBag from /opt/airflow/dags/api/video_stats.py
[2026-03-24T00:56:45.324+0000] {processor.py:842} WARNING - No viable dags retrieved from /opt/airflow/dags/api/video_stats.py
[2026-03-24T00:56:45.378+0000] {processor.py:183} INFO - Processing /opt/airflow/dags/api/video_stats.py took 0.174 seconds
[2026-03-24T00:57:16.180+0000] {processor.py:161} INFO - Started process (PID=2490) to work on /opt/airflow/dags/api/video_stats.py
[2026-03-24T00:57:16.185+0000] {processor.py:830} INFO - Processing file /opt/airflow/dags/api/video_stats.py for tasks to queue
[2026-03-24T00:57:16.190+0000] {logging_mixin.py:188} INFO - [2026-03-24T00:57:16.189+0000] {dagbag.py:545} INFO - Filling up the DagBag from /opt/airflow/dags/api/video_stats.py
[2026-03-24T00:57:16.302+0000] {processor.py:842} WARNING - No viable dags retrieved from /opt/airflow/dags/api/video_stats.py
[2026-03-24T00:57:16.365+0000] {processor.py:183} INFO - Processing /opt/airflow/dags/api/video_stats.py took 0.216 seconds
[2026-03-24T00:57:46.889+0000] {processor.py:161} INFO - Started process (PID=2498) to work on /opt/airflow/dags/api/video_stats.py
[2026-03-24T00:57:46.895+0000] {processor.py:830} INFO - Processing file /opt/airflow/dags/api/video_stats.py for tasks to queue
[2026-03-24T00:57:46.901+0000] {logging_mixin.py:188} INFO - [2026-03-24T00:57:46.899+0000] {dagbag.py:545} INFO - Filling up the DagBag from /opt/airflow/dags/api/video_stats.py
[2026-03-24T00:57:47.028+0000] {processor.py:842} WARNING - No viable dags retrieved from /opt/airflow/dags/api/video_stats.py
[2026-03-24T00:57:47.105+0000] {processor.py:183} INFO - Processing /opt/airflow/dags/api/video_stats.py took 0.251 seconds
[2026-03-24T00:58:17.580+0000] {processor.py:161} INFO - Started process (PID=2506) to work on /opt/airflow/dags/api/video_stats.py
[2026-03-24T00:58:17.586+0000] {processor.py:830} INFO - Processing file /opt/airflow/dags/api/video_stats.py for tasks to queue
[2026-03-24T00:58:17.592+0000] {logging_mixin.py:188} INFO - [2026-03-24T00:58:17.591+0000] {dagbag.py:545} INFO - Filling up the DagBag from /opt/airflow/dags/api/video_stats.py
[2026-03-24T00:58:17.722+0000] {processor.py:842} WARNING - No viable dags retrieved from /opt/airflow/dags/api/video_stats.py
[2026-03-24T00:58:17.797+0000] {processor.py:183} INFO - Processing /opt/airflow/dags/api/video_stats.py took 0.253 seconds
[2026-03-24T00:58:48.261+0000] {processor.py:161} INFO - Started process (PID=2514) to work on /opt/airflow/dags/api/video_stats.py
[2026-03-24T00:58:48.268+0000] {processor.py:830} INFO - Processing file /opt/airflow/dags/api/video_stats.py for tasks to queue
[2026-03-24T00:58:48.275+0000] {logging_mixin.py:188} INFO - [2026-03-24T00:58:48.272+0000] {dagbag.py:545} INFO - Filling up the DagBag from /opt/airflow/dags/api/video_stats.py
[2026-03-24T00:58:48.352+0000] {processor.py:842} WARNING - No viable dags retrieved from /opt/airflow/dags/api/video_stats.py
[2026-03-24T00:58:48.382+0000] {processor.py:183} INFO - Processing /opt/airflow/dags/api/video_stats.py took 0.157 seconds
[2026-03-24T00:59:18.901+0000] {processor.py:161} INFO - Started process (PID=2522) to work on /opt/airflow/dags/api/video_stats.py
[2026-03-24T00:59:18.906+0000] {processor.py:830} INFO - Processing file /opt/airflow/dags/api/video_stats.py for tasks to queue
[2026-03-24T00:59:18.910+0000] {logging_mixin.py:188} INFO - [2026-03-24T00:59:18.909+0000] {dagbag.py:545} INFO - Filling up the DagBag from /opt/airflow/dags/api/video_stats.py
[2026-03-24T00:59:18.986+0000] {processor.py:842} WARNING - No viable dags retrieved from /opt/airflow/dags/api/video_stats.py
[2026-03-24T00:59:19.015+0000] {processor.py:183} INFO - Processing /opt/airflow/dags/api/video_stats.py took 0.145 seconds
[2026-03-24T00:59:49.382+0000] {processor.py:161} INFO - Started process (PID=2531) to work on /opt/airflow/dags/api/video_stats.py
[2026-03-24T00:59:49.392+0000] {processor.py:830} INFO - Processing file /opt/airflow/dags/api/video_stats.py for tasks to queue
[2026-03-24T00:59:49.398+0000] {logging_mixin.py:188} INFO - [2026-03-24T00:59:49.397+0000] {dagbag.py:545} INFO - Filling up the DagBag from /opt/airflow/dags/api/video_stats.py
[2026-03-24T00:59:49.477+0000] {processor.py:842} WARNING - No viable dags retrieved from /opt/airflow/dags/api/video_stats.py
[2026-03-24T00:59:49.531+0000] {processor.py:183} INFO - Processing /opt/airflow/dags/api/video_stats.py took 0.197 seconds
[2026-03-24T01:00:19.775+0000] {processor.py:161} INFO - Started process (PID=2540) to work on /opt/airflow/dags/api/video_stats.py
[2026-03-24T01:00:19.779+0000] {processor.py:830} INFO - Processing file /opt/airflow/dags/api/video_stats.py for tasks to queue
[2026-03-24T01:00:19.783+0000] {logging_mixin.py:188} INFO - [2026-03-24T01:00:19.782+0000] {dagbag.py:545} INFO - Filling up the DagBag from /opt/airflow/dags/api/video_stats.py
[2026-03-24T01:00:19.854+0000] {processor.py:842} WARNING - No viable dags retrieved from /opt/airflow/dags/api/video_stats.py
[2026-03-24T01:00:19.902+0000] {processor.py:183} INFO - Processing /opt/airflow/dags/api/video_stats.py took 0.152 seconds
[2026-03-24T01:00:50.664+0000] {processor.py:161} INFO - Started process (PID=2548) to work on /opt/airflow/dags/api/video_stats.py
[2026-03-24T01:00:50.669+0000] {processor.py:830} INFO - Processing file /opt/airflow/dags/api/video_stats.py for tasks to queue
[2026-03-24T01:00:50.674+0000] {logging_mixin.py:188} INFO - [2026-03-24T01:00:50.672+0000] {dagbag.py:545} INFO - Filling up the DagBag from /opt/airflow/dags/api/video_stats.py
[2026-03-24T01:00:50.761+0000] {processor.py:842} WARNING - No viable dags retrieved from /opt/airflow/dags/api/video_stats.py
[2026-03-24T01:00:50.808+0000] {processor.py:183} INFO - Processing /opt/airflow/dags/api/video_stats.py took 0.173 seconds
[2026-03-24T01:01:21.078+0000] {processor.py:161} INFO - Started process (PID=2555) to work on /opt/airflow/dags/api/video_stats.py
[2026-03-24T01:01:21.081+0000] {processor.py:830} INFO - Processing file /opt/airflow/dags/api/video_stats.py for tasks to queue
[2026-03-24T01:01:21.083+0000] {logging_mixin.py:188} INFO - [2026-03-24T01:01:21.083+0000] {dagbag.py:545} INFO - Filling up the DagBag from /opt/airflow/dags/api/video_stats.py
[2026-03-24T01:01:21.139+0000] {processor.py:842} WARNING - No viable dags retrieved from /opt/airflow/dags/api/video_stats.py
[2026-03-24T01:01:21.175+0000] {processor.py:183} INFO - Processing /opt/airflow/dags/api/video_stats.py took 0.116 seconds
[2026-03-24T01:01:51.498+0000] {processor.py:161} INFO - Started process (PID=2563) to work on /opt/airflow/dags/api/video_stats.py
[2026-03-24T01:01:51.501+0000] {processor.py:830} INFO - Processing file /opt/airflow/dags/api/video_stats.py for tasks to queue
[2026-03-24T01:01:51.506+0000] {logging_mixin.py:188} INFO - [2026-03-24T01:01:51.505+0000] {dagbag.py:545} INFO - Filling up the DagBag from /opt/airflow/dags/api/video_stats.py
[2026-03-24T01:01:51.616+0000] {processor.py:842} WARNING - No viable dags retrieved from /opt/airflow/dags/api/video_stats.py
[2026-03-24T01:01:51.655+0000] {processor.py:183} INFO - Processing /opt/airflow/dags/api/video_stats.py took 0.199 seconds
[2026-03-24T01:02:21.938+0000] {processor.py:161} INFO - Started process (PID=2571) to work on /opt/airflow/dags/api/video_stats.py
[2026-03-24T01:02:21.942+0000] {processor.py:830} INFO - Processing file /opt/airflow/dags/api/video_stats.py for tasks to queue
[2026-03-24T01:02:21.945+0000] {logging_mixin.py:188} INFO - [2026-03-24T01:02:21.944+0000] {dagbag.py:545} INFO - Filling up the DagBag from /opt/airflow/dags/api/video_stats.py
[2026-03-24T01:02:22.000+0000] {processor.py:842} WARNING - No viable dags retrieved from /opt/airflow/dags/api/video_stats.py
[2026-03-24T01:02:22.051+0000] {processor.py:183} INFO - Processing /opt/airflow/dags/api/video_stats.py took 0.131 seconds
[2026-03-24T01:02:52.860+0000] {processor.py:161} INFO - Started process (PID=2579) to work on /opt/airflow/dags/api/video_stats.py
[2026-03-24T01:02:52.864+0000] {processor.py:830} INFO - Processing file /opt/airflow/dags/api/video_stats.py for tasks to queue
[2026-03-24T01:02:52.868+0000] {logging_mixin.py:188} INFO - [2026-03-24T01:02:52.867+0000] {dagbag.py:545} INFO - Filling up the DagBag from /opt/airflow/dags/api/video_stats.py
[2026-03-24T01:02:52.936+0000] {processor.py:842} WARNING - No viable dags retrieved from /opt/airflow/dags/api/video_stats.py
[2026-03-24T01:02:52.985+0000] {processor.py:183} INFO - Processing /opt/airflow/dags/api/video_stats.py took 0.160 seconds
[2026-03-24T01:03:23.644+0000] {processor.py:161} INFO - Started process (PID=2587) to work on /opt/airflow/dags/api/video_stats.py
[2026-03-24T01:03:23.646+0000] {processor.py:830} INFO - Processing file /opt/airflow/dags/api/video_stats.py for tasks to queue
[2026-03-24T01:03:23.649+0000] {logging_mixin.py:188} INFO - [2026-03-24T01:03:23.648+0000] {dagbag.py:545} INFO - Filling up the DagBag from /opt/airflow/dags/api/video_stats.py
[2026-03-24T01:03:23.709+0000] {processor.py:842} WARNING - No viable dags retrieved from /opt/airflow/dags/api/video_stats.py
[2026-03-24T01:03:23.734+0000] {processor.py:183} INFO - Processing /opt/airflow/dags/api/video_stats.py took 0.105 seconds
